<?xml version="1.0" encoding="UTF-8" ?>
<testsuite tests="9" failures="0" name="com.company.service.impl.DynamicSQLServiceTest" time="0.183" errors="9" skipped="0">
  <properties>
    <property name="idea.version" value="2018.2.7"/>
    <property name="java.runtime.name" value="Java(TM) SE Runtime Environment"/>
    <property name="sun.boot.library.path" value="C:\Program Files\Java\jdk1.8.0_131\jre\bin"/>
    <property name="java.vm.version" value="25.131-b11"/>
    <property name="java.vm.vendor" value="Oracle Corporation"/>
    <property name="maven.multiModuleProjectDirectory" value="D:\IdeaProjects\fullstack1802\ssmdemo"/>
    <property name="java.vendor.url" value="http://java.oracle.com/"/>
    <property name="path.separator" value=";"/>
    <property name="guice.disable.misplaced.annotation.check" value="true"/>
    <property name="java.vm.name" value="Java HotSpot(TM) 64-Bit Server VM"/>
    <property name="file.encoding.pkg" value="sun.io"/>
    <property name="user.script" value=""/>
    <property name="user.country" value="CN"/>
    <property name="sun.java.launcher" value="SUN_STANDARD"/>
    <property name="sun.os.patch.level" value=""/>
    <property name="java.vm.specification.name" value="Java Virtual Machine Specification"/>
    <property name="user.dir" value="D:\IdeaProjects\fullstack1802\ssmdemo"/>
    <property name="java.runtime.version" value="1.8.0_131-b11"/>
    <property name="java.awt.graphicsenv" value="sun.awt.Win32GraphicsEnvironment"/>
    <property name="java.endorsed.dirs" value="C:\Program Files\Java\jdk1.8.0_131\jre\lib\endorsed"/>
    <property name="os.arch" value="amd64"/>
    <property name="java.io.tmpdir" value="C:\Users\afang\AppData\Local\Temp\"/>
    <property name="line.separator" value="
"/>
    <property name="java.vm.specification.vendor" value="Oracle Corporation"/>
    <property name="user.variant" value=""/>
    <property name="os.name" value="Windows 10"/>
    <property name="classworlds.conf" value="D:\develop\maven-3.5.4\bin\m2.conf"/>
    <property name="sun.jnu.encoding" value="GBK"/>
    <property name="java.library.path" value="C:\Program Files\Java\jdk1.8.0_131\bin;C:\Windows\Sun\Java\bin;C:\Windows\system32;C:\Windows;C:\Program Files\Java\jdk1.8.0_131\bin;C:\Program Files\Java\jdk1.8.0_131\jre\bin;%M2_HOME%\bin;C:\Program Files\Git\cmd;C:\Users\afang\AppData\Local\Microsoft\WindowsApps;C:\Users\afang\AppData\Roaming\npm;C:\Program Files\MongoDB\Server\4.0\bin;D:\develop\maven-3.5.4\bin;."/>
    <property name="maven.conf" value="D:\develop\maven-3.5.4/conf"/>
    <property name="java.specification.name" value="Java Platform API Specification"/>
    <property name="java.class.version" value="52.0"/>
    <property name="sun.management.compiler" value="HotSpot 64-Bit Tiered Compilers"/>
    <property name="os.version" value="10.0"/>
    <property name="user.home" value="C:\Users\afang"/>
    <property name="user.timezone" value="Asia/Shanghai"/>
    <property name="java.awt.printerjob" value="sun.awt.windows.WPrinterJob"/>
    <property name="java.specification.version" value="1.8"/>
    <property name="file.encoding" value="UTF-8"/>
    <property name="user.name" value="afang"/>
    <property name="java.class.path" value="D:\develop\maven-3.5.4\boot\plexus-classworlds-2.5.2.jar;C:\Program Files\JetBrains\IntelliJ IDEA 2018.2.7\lib\idea_rt.jar"/>
    <property name="java.vm.specification.version" value="1.8"/>
    <property name="sun.arch.data.model" value="64"/>
    <property name="java.home" value="C:\Program Files\Java\jdk1.8.0_131\jre"/>
    <property name="sun.java.command" value="org.codehaus.classworlds.Launcher -Didea.version=2018.2.7 test"/>
    <property name="java.specification.vendor" value="Oracle Corporation"/>
    <property name="user.language" value="zh"/>
    <property name="awt.toolkit" value="sun.awt.windows.WToolkit"/>
    <property name="java.vm.info" value="mixed mode"/>
    <property name="java.version" value="1.8.0_131"/>
    <property name="java.ext.dirs" value="C:\Program Files\Java\jdk1.8.0_131\jre\lib\ext;C:\Windows\Sun\Java\lib\ext"/>
    <property name="sun.boot.class.path" value="C:\Program Files\Java\jdk1.8.0_131\jre\lib\resources.jar;C:\Program Files\Java\jdk1.8.0_131\jre\lib\rt.jar;C:\Program Files\Java\jdk1.8.0_131\jre\lib\sunrsasign.jar;C:\Program Files\Java\jdk1.8.0_131\jre\lib\jsse.jar;C:\Program Files\Java\jdk1.8.0_131\jre\lib\jce.jar;C:\Program Files\Java\jdk1.8.0_131\jre\lib\charsets.jar;C:\Program Files\Java\jdk1.8.0_131\jre\lib\jfr.jar;C:\Program Files\Java\jdk1.8.0_131\jre\classes"/>
    <property name="java.vendor" value="Oracle Corporation"/>
    <property name="maven.home" value="D:\develop\maven-3.5.4"/>
    <property name="file.separator" value="\"/>
    <property name="java.vendor.url.bug" value="http://bugreport.sun.com/bugreport/"/>
    <property name="sun.cpu.endian" value="little"/>
    <property name="sun.io.unicode.encoding" value="UnicodeLittle"/>
    <property name="sun.desktop" value="windows"/>
    <property name="sun.cpu.isalist" value="amd64"/>
  </properties>
  <testcase classname="com.company.service.impl.DynamicSQLServiceTest" name="deleteBatch" time="0.015">
    <error message="Could not open JDBC Connection for transaction; nested exception is java.sql.SQLException: Access denied for user &apos;root&apos;@&apos;localhost&apos; (using password: YES)" type="org.springframework.transaction.CannotCreateTransactionException">org.springframework.transaction.CannotCreateTransactionException: Could not open JDBC Connection for transaction; nested exception is java.sql.SQLException: Access denied for user &apos;root&apos;@&apos;localhost&apos; (using password: YES)
	at org.springframework.jdbc.datasource.DataSourceTransactionManager.doBegin(DataSourceTransactionManager.java:289)
	at org.springframework.transaction.support.AbstractPlatformTransactionManager.getTransaction(AbstractPlatformTransactionManager.java:377)
	at org.springframework.transaction.interceptor.TransactionAspectSupport.createTransactionIfNecessary(TransactionAspectSupport.java:461)
	at org.springframework.transaction.interceptor.TransactionAspectSupport.invokeWithinTransaction(TransactionAspectSupport.java:277)
	at org.springframework.transaction.interceptor.TransactionInterceptor.invoke(TransactionInterceptor.java:96)
	at org.springframework.aop.framework.ReflectiveMethodInvocation.proceed(ReflectiveMethodInvocation.java:179)
	at org.springframework.aop.interceptor.ExposeInvocationInterceptor.invoke(ExposeInvocationInterceptor.java:92)
	at org.springframework.aop.framework.ReflectiveMethodInvocation.proceed(ReflectiveMethodInvocation.java:179)
	at org.springframework.aop.framework.CglibAopProxy$DynamicAdvisedInterceptor.intercept(CglibAopProxy.java:671)
	at com.company.service.impl.DynamicSQLService$$EnhancerBySpringCGLIB$$2547624a.deleteBatch(&lt;generated&gt;)
	at com.company.service.impl.DynamicSQLServiceTest.deleteBatch(DynamicSQLServiceTest.java:141)
	at sun.reflect.NativeMethodAccessorImpl.invoke0(Native Method)
	at sun.reflect.NativeMethodAccessorImpl.invoke(NativeMethodAccessorImpl.java:62)
	at sun.reflect.DelegatingMethodAccessorImpl.invoke(DelegatingMethodAccessorImpl.java:43)
	at java.lang.reflect.Method.invoke(Method.java:498)
	at org.junit.runners.model.FrameworkMethod$1.runReflectiveCall(FrameworkMethod.java:50)
	at org.junit.internal.runners.model.ReflectiveCallable.run(ReflectiveCallable.java:12)
	at org.junit.runners.model.FrameworkMethod.invokeExplosively(FrameworkMethod.java:47)
	at org.junit.internal.runners.statements.InvokeMethod.evaluate(InvokeMethod.java:17)
	at org.springframework.test.context.junit4.statements.RunBeforeTestMethodCallbacks.evaluate(RunBeforeTestMethodCallbacks.java:75)
	at org.springframework.test.context.junit4.statements.RunAfterTestMethodCallbacks.evaluate(RunAfterTestMethodCallbacks.java:86)
	at org.springframework.test.context.junit4.statements.SpringRepeat.evaluate(SpringRepeat.java:84)
	at org.junit.runners.ParentRunner.runLeaf(ParentRunner.java:325)
	at org.springframework.test.context.junit4.SpringJUnit4ClassRunner.runChild(SpringJUnit4ClassRunner.java:252)
	at org.springframework.test.context.junit4.SpringJUnit4ClassRunner.runChild(SpringJUnit4ClassRunner.java:94)
	at org.junit.runners.ParentRunner$3.run(ParentRunner.java:290)
	at org.junit.runners.ParentRunner$1.schedule(ParentRunner.java:71)
	at org.junit.runners.ParentRunner.runChildren(ParentRunner.java:288)
	at org.junit.runners.ParentRunner.access$000(ParentRunner.java:58)
	at org.junit.runners.ParentRunner$2.evaluate(ParentRunner.java:268)
	at org.springframework.test.context.junit4.statements.RunBeforeTestClassCallbacks.evaluate(RunBeforeTestClassCallbacks.java:61)
	at org.springframework.test.context.junit4.statements.RunAfterTestClassCallbacks.evaluate(RunAfterTestClassCallbacks.java:70)
	at org.junit.runners.ParentRunner.run(ParentRunner.java:363)
	at org.springframework.test.context.junit4.SpringJUnit4ClassRunner.run(SpringJUnit4ClassRunner.java:191)
	at org.apache.maven.surefire.junit4.JUnit4Provider.execute(JUnit4Provider.java:252)
	at org.apache.maven.surefire.junit4.JUnit4Provider.executeTestSet(JUnit4Provider.java:141)
	at org.apache.maven.surefire.junit4.JUnit4Provider.invoke(JUnit4Provider.java:112)
	at sun.reflect.NativeMethodAccessorImpl.invoke0(Native Method)
	at sun.reflect.NativeMethodAccessorImpl.invoke(NativeMethodAccessorImpl.java:62)
	at sun.reflect.DelegatingMethodAccessorImpl.invoke(DelegatingMethodAccessorImpl.java:43)
	at java.lang.reflect.Method.invoke(Method.java:498)
	at org.apache.maven.surefire.util.ReflectionUtils.invokeMethodWithArray(ReflectionUtils.java:189)
	at org.apache.maven.surefire.booter.ProviderFactory$ProviderProxy.invoke(ProviderFactory.java:165)
	at org.apache.maven.surefire.booter.ProviderFactory.invokeProvider(ProviderFactory.java:85)
	at org.apache.maven.surefire.booter.ForkedBooter.runSuitesInProcess(ForkedBooter.java:115)
	at org.apache.maven.surefire.booter.ForkedBooter.main(ForkedBooter.java:75)
Caused by: java.sql.SQLException: Access denied for user &apos;root&apos;@&apos;localhost&apos; (using password: YES)
	at com.mysql.jdbc.SQLError.createSQLException(SQLError.java:1086)
	at com.mysql.jdbc.MysqlIO.checkErrorPacket(MysqlIO.java:4237)
	at com.mysql.jdbc.MysqlIO.checkErrorPacket(MysqlIO.java:4169)
	at com.mysql.jdbc.MysqlIO.checkErrorPacket(MysqlIO.java:928)
	at com.mysql.jdbc.MysqlIO.proceedHandshakeWithPluggableAuthentication(MysqlIO.java:1750)
	at com.mysql.jdbc.MysqlIO.doHandshake(MysqlIO.java:1290)
	at com.mysql.jdbc.ConnectionImpl.coreConnect(ConnectionImpl.java:2502)
	at com.mysql.jdbc.ConnectionImpl.connectOneTryOnly(ConnectionImpl.java:2535)
	at com.mysql.jdbc.ConnectionImpl.createNewIO(ConnectionImpl.java:2320)
	at com.mysql.jdbc.ConnectionImpl.&lt;init&gt;(ConnectionImpl.java:834)
	at com.mysql.jdbc.JDBC4Connection.&lt;init&gt;(JDBC4Connection.java:46)
	at sun.reflect.NativeConstructorAccessorImpl.newInstance0(Native Method)
	at sun.reflect.NativeConstructorAccessorImpl.newInstance(NativeConstructorAccessorImpl.java:62)
	at sun.reflect.DelegatingConstructorAccessorImpl.newInstance(DelegatingConstructorAccessorImpl.java:45)
	at java.lang.reflect.Constructor.newInstance(Constructor.java:423)
	at com.mysql.jdbc.Util.handleNewInstance(Util.java:411)
	at com.mysql.jdbc.ConnectionImpl.getInstance(ConnectionImpl.java:416)
	at com.mysql.jdbc.NonRegisteringDriver.connect(NonRegisteringDriver.java:347)
	at java.sql.DriverManager.getConnection(DriverManager.java:664)
	at java.sql.DriverManager.getConnection(DriverManager.java:208)
	at org.springframework.jdbc.datasource.DriverManagerDataSource.getConnectionFromDriverManager(DriverManagerDataSource.java:153)
	at org.springframework.jdbc.datasource.DriverManagerDataSource.getConnectionFromDriver(DriverManagerDataSource.java:144)
	at org.springframework.jdbc.datasource.AbstractDriverBasedDataSource.getConnectionFromDriver(AbstractDriverBasedDataSource.java:196)
	at org.springframework.jdbc.datasource.AbstractDriverBasedDataSource.getConnection(AbstractDriverBasedDataSource.java:159)
	at org.springframework.jdbc.datasource.DataSourceTransactionManager.doBegin(DataSourceTransactionManager.java:246)
	... 45 more
</error>
    <system-out>09:29:01,672 DEBUG SpringJUnit4ClassRunner:140 - SpringJUnit4ClassRunner constructor called with [class com.company.service.impl.DynamicSQLServiceTest]
09:29:01,679 DEBUG BootstrapUtils:95 - Instantiating CacheAwareContextLoaderDelegate from class [org.springframework.test.context.cache.DefaultCacheAwareContextLoaderDelegate]
09:29:01,685 DEBUG BootstrapUtils:78 - Instantiating BootstrapContext using constructor [public org.springframework.test.context.support.DefaultBootstrapContext(java.lang.Class,org.springframework.test.context.CacheAwareContextLoaderDelegate)]
09:29:01,694 DEBUG BootstrapUtils:131 - Instantiating TestContextBootstrapper for test class [com.company.service.impl.DynamicSQLServiceTest] from class [org.springframework.test.context.support.DefaultTestContextBootstrapper]
09:29:01,712 DEBUG AbstractDelegatingSmartContextLoader:94 - Delegating to GenericXmlContextLoader to process context configuration [ContextConfigurationAttributes@3ffc5af1 declaringClass = &apos;commons.SpringTestCase&apos;, classes = &apos;{}&apos;, locations = &apos;{classpath:applicationContext.xml}&apos;, inheritLocations = true, initializers = &apos;{}&apos;, inheritInitializers = true, name = [null], contextLoaderClass = &apos;org.springframework.test.context.ContextLoader&apos;].
09:29:01,729 DEBUG ActiveProfilesUtils:78 - Could not find an &apos;annotation declaring class&apos; for annotation type [org.springframework.test.context.ActiveProfiles] and class [com.company.service.impl.DynamicSQLServiceTest]
09:29:01,737  INFO DefaultTestContextBootstrapper:174 - Using TestExecutionListeners: [org.springframework.test.context.web.ServletTestExecutionListener@1ed4004b, org.springframework.test.context.support.DirtiesContextBeforeModesTestExecutionListener@ff5b51f, org.springframework.test.context.support.DependencyInjectionTestExecutionListener@25bbe1b6, org.springframework.test.context.support.DirtiesContextTestExecutionListener@5702b3b1]
09:29:01,739 DEBUG ProfileValueUtils:68 - Retrieved @ProfileValueSourceConfiguration [null] for test class [com.company.service.impl.DynamicSQLServiceTest]
09:29:01,740 DEBUG ProfileValueUtils:80 - Retrieved ProfileValueSource type [class org.springframework.test.annotation.SystemProfileValueSource] for class [com.company.service.impl.DynamicSQLServiceTest]
09:29:01,741 DEBUG ProfileValueUtils:68 - Retrieved @ProfileValueSourceConfiguration [null] for test class [com.company.service.impl.DynamicSQLServiceTest]
09:29:01,741 DEBUG ProfileValueUtils:80 - Retrieved ProfileValueSource type [class org.springframework.test.annotation.SystemProfileValueSource] for class [com.company.service.impl.DynamicSQLServiceTest]
09:29:01,744 DEBUG AbstractDirtiesContextTestExecutionListener:141 - Before test class: context [DefaultTestContext@617faa95 testClass = DynamicSQLServiceTest, testInstance = [null], testMethod = [null], testException = [null], mergedContextConfiguration = [MergedContextConfiguration@1e127982 testClass = DynamicSQLServiceTest, locations = &apos;{classpath:applicationContext.xml}&apos;, classes = &apos;{}&apos;, contextInitializerClasses = &apos;[]&apos;, activeProfiles = &apos;{}&apos;, propertySourceLocations = &apos;{}&apos;, propertySourceProperties = &apos;{}&apos;, contextCustomizers = set[[empty]], contextLoader = &apos;org.springframework.test.context.support.DelegatingSmartContextLoader&apos;, parent = [null]]], class annotated with @DirtiesContext [false] with mode [null].
09:29:01,745 DEBUG ProfileValueUtils:68 - Retrieved @ProfileValueSourceConfiguration [null] for test class [com.company.service.impl.DynamicSQLServiceTest]
09:29:01,746 DEBUG ProfileValueUtils:80 - Retrieved ProfileValueSource type [class org.springframework.test.annotation.SystemProfileValueSource] for class [com.company.service.impl.DynamicSQLServiceTest]
09:29:01,759 DEBUG DependencyInjectionTestExecutionListener:81 - Performing dependency injection for test context [[DefaultTestContext@617faa95 testClass = DynamicSQLServiceTest, testInstance = com.company.service.impl.DynamicSQLServiceTest@335eadca, testMethod = [null], testException = [null], mergedContextConfiguration = [MergedContextConfiguration@1e127982 testClass = DynamicSQLServiceTest, locations = &apos;{classpath:applicationContext.xml}&apos;, classes = &apos;{}&apos;, contextInitializerClasses = &apos;[]&apos;, activeProfiles = &apos;{}&apos;, propertySourceLocations = &apos;{}&apos;, propertySourceProperties = &apos;{}&apos;, contextCustomizers = set[[empty]], contextLoader = &apos;org.springframework.test.context.support.DelegatingSmartContextLoader&apos;, parent = [null]]]].
09:29:01,760 DEBUG AbstractDelegatingSmartContextLoader:104 - Delegating to GenericXmlContextLoader to load context from [MergedContextConfiguration@1e127982 testClass = DynamicSQLServiceTest, locations = &apos;{classpath:applicationContext.xml}&apos;, classes = &apos;{}&apos;, contextInitializerClasses = &apos;[]&apos;, activeProfiles = &apos;{}&apos;, propertySourceLocations = &apos;{}&apos;, propertySourceProperties = &apos;{}&apos;, contextCustomizers = set[[empty]], contextLoader = &apos;org.springframework.test.context.support.DelegatingSmartContextLoader&apos;, parent = [null]].
09:29:01,763 DEBUG AbstractGenericContextLoader:109 - Loading ApplicationContext for merged context configuration [[MergedContextConfiguration@1e127982 testClass = DynamicSQLServiceTest, locations = &apos;{classpath:applicationContext.xml}&apos;, classes = &apos;{}&apos;, contextInitializerClasses = &apos;[]&apos;, activeProfiles = &apos;{}&apos;, propertySourceLocations = &apos;{}&apos;, propertySourceProperties = &apos;{}&apos;, contextCustomizers = set[[empty]], contextLoader = &apos;org.springframework.test.context.support.DelegatingSmartContextLoader&apos;, parent = [null]]].
09:29:01,799 DEBUG StandardEnvironment:106 - Adding PropertySource &apos;systemProperties&apos; with lowest search precedence
09:29:01,800 DEBUG StandardEnvironment:106 - Adding PropertySource &apos;systemEnvironment&apos; with lowest search precedence
09:29:01,800 DEBUG StandardEnvironment:124 - Initialized StandardEnvironment with PropertySources [MapPropertySource@19717364 {name=&apos;systemProperties&apos;, properties={idea.version=2018.2.7, java.runtime.name=Java(TM) SE Runtime Environment, sun.boot.library.path=C:\Program Files\Java\jdk1.8.0_131\jre\bin, java.vm.version=25.131-b11, java.vm.vendor=Oracle Corporation, java.vendor.url=http://java.oracle.com/, path.separator=;, java.vm.name=Java HotSpot(TM) 64-Bit Server VM, file.encoding.pkg=sun.io, user.country=CN, user.script=, sun.java.launcher=SUN_STANDARD, sun.os.patch.level=, java.vm.specification.name=Java Virtual Machine Specification, user.dir=D:\IdeaProjects\fullstack1802\ssmdemo, java.runtime.version=1.8.0_131-b11, basedir=D:\IdeaProjects\fullstack1802\ssmdemo, java.awt.graphicsenv=sun.awt.Win32GraphicsEnvironment, java.endorsed.dirs=C:\Program Files\Java\jdk1.8.0_131\jre\lib\endorsed, os.arch=amd64, surefire.real.class.path=D:\IdeaProjects\fullstack1802\ssmdemo\target\surefire\surefirebooter6061869623725118096.jar, java.io.tmpdir=C:\Users\afang\AppData\Local\Temp\, line.separator=
, java.vm.specification.vendor=Oracle Corporation, user.variant=, os.name=Windows 10, sun.jnu.encoding=GBK, java.library.path=C:\Program Files\Java\jdk1.8.0_131\jre\bin;C:\Windows\Sun\Java\bin;C:\Windows\system32;C:\Windows;C:\Program Files\Java\jdk1.8.0_131\bin;C:\Program Files\Java\jdk1.8.0_131\jre\bin;%M2_HOME%\bin;C:\Program Files\Git\cmd;C:\Users\afang\AppData\Local\Microsoft\WindowsApps;C:\Users\afang\AppData\Roaming\npm;C:\Program Files\MongoDB\Server\4.0\bin;D:\develop\maven-3.5.4\bin;., surefire.test.class.path=D:\IdeaProjects\fullstack1802\ssmdemo\target\test-classes;D:\IdeaProjects\fullstack1802\ssmdemo\target\classes;D:\develop\maven-3.5.4\repository\com\fasterxml\jackson\core\jackson-databind\2.9.7\jackson-databind-2.9.7.jar;D:\develop\maven-3.5.4\repository\com\fasterxml\jackson\core\jackson-annotations\2.9.0\jackson-annotations-2.9.0.jar;D:\develop\maven-3.5.4\repository\com\fasterxml\jackson\core\jackson-core\2.9.7\jackson-core-2.9.7.jar;D:\develop\maven-3.5.4\repository\javax\servlet\javax.servlet-api\3.1.0\javax.servlet-api-3.1.0.jar;D:\develop\maven-3.5.4\repository\javax\servlet\jstl\1.2\jstl-1.2.jar;D:\develop\maven-3.5.4\repository\commons-io\commons-io\2.6\commons-io-2.6.jar;D:\develop\maven-3.5.4\repository\commons-fileupload\commons-fileupload\1.3.3\commons-fileupload-1.3.3.jar;D:\develop\maven-3.5.4\repository\org\springframework\spring-context\4.3.18.RELEASE\spring-context-4.3.18.RELEASE.jar;D:\develop\maven-3.5.4\repository\org\springframework\spring-beans\4.3.18.RELEASE\spring-beans-4.3.18.RELEASE.jar;D:\develop\maven-3.5.4\repository\org\springframework\spring-expression\4.3.18.RELEASE\spring-expression-4.3.18.RELEASE.jar;D:\develop\maven-3.5.4\repository\org\springframework\spring-oxm\4.3.18.RELEASE\spring-oxm-4.3.18.RELEASE.jar;D:\develop\maven-3.5.4\repository\org\springframework\spring-webmvc\4.3.18.RELEASE\spring-webmvc-4.3.18.RELEASE.jar;D:\develop\maven-3.5.4\repository\org\springframework\spring-web\4.3.18.RELEASE\spring-web-4.3.18.RELEASE.jar;D:\develop\maven-3.5.4\repository\org\springframework\spring-test\4.3.18.RELEASE\spring-test-4.3.18.RELEASE.jar;D:\develop\maven-3.5.4\repository\org\springframework\spring-jdbc\4.3.18.RELEASE\spring-jdbc-4.3.18.RELEASE.jar;D:\develop\maven-3.5.4\repository\org\springframework\spring-orm\4.3.18.RELEASE\spring-orm-4.3.18.RELEASE.jar;D:\develop\maven-3.5.4\repository\org\springframework\spring-core\4.3.18.RELEASE\spring-core-4.3.18.RELEASE.jar;D:\develop\maven-3.5.4\repository\commons-logging\commons-logging\1.2\commons-logging-1.2.jar;D:\develop\maven-3.5.4\repository\org\springframework\spring-context-support\4.3.18.RELEASE\spring-context-support-4.3.18.RELEASE.jar;D:\develop\maven-3.5.4\repository\org\springframework\spring-aop\4.3.18.RELEASE\spring-aop-4.3.18.RELEASE.jar;D:\develop\maven-3.5.4\repository\org\springframework\spring-aspects\4.3.18.RELEASE\spring-aspects-4.3.18.RELEASE.jar;D:\develop\maven-3.5.4\repository\org\aspectj\aspectjweaver\1.8.9\aspectjweaver-1.8.9.jar;D:\develop\maven-3.5.4\repository\org\springframework\spring-tx\4.3.18.RELEASE\spring-tx-4.3.18.RELEASE.jar;D:\develop\maven-3.5.4\repository\junit\junit\4.12\junit-4.12.jar;D:\develop\maven-3.5.4\repository\org\hamcrest\hamcrest-core\1.3\hamcrest-core-1.3.jar;D:\develop\maven-3.5.4\repository\org\mybatis\mybatis\3.2.1\mybatis-3.2.1.jar;D:\develop\maven-3.5.4\repository\org\mybatis\mybatis-spring\1.2.0\mybatis-spring-1.2.0.jar;D:\develop\maven-3.5.4\repository\mysql\mysql-connector-java\5.1.29\mysql-connector-java-5.1.29.jar;D:\develop\maven-3.5.4\repository\org\slf4j\slf4j-log4j12\1.7.25\slf4j-log4j12-1.7.25.jar;D:\develop\maven-3.5.4\repository\org\slf4j\slf4j-api\1.7.25\slf4j-api-1.7.25.jar;D:\develop\maven-3.5.4\repository\log4j\log4j\1.2.17\log4j-1.2.17.jar;D:\develop\maven-3.5.4\repository\com\github\pagehelper\pagehelper\5.1.2\pagehelper-5.1.2.jar;D:\develop\maven-3.5.4\repository\com\github\jsqlparser\jsqlparser\1.0\jsqlparser-1.0.jar;, java.specification.name=Java Platform API Specification, java.class.version=52.0, sun.management.compiler=HotSpot 64-Bit Tiered Compilers, os.version=10.0, user.home=C:\Users\afang, user.timezone=Asia/Shanghai, java.awt.printerjob=sun.awt.windows.WPrinterJob, file.encoding=GBK, java.specification.version=1.8, java.class.path=D:\IdeaProjects\fullstack1802\ssmdemo\target\test-classes;D:\IdeaProjects\fullstack1802\ssmdemo\target\classes;D:\develop\maven-3.5.4\repository\com\fasterxml\jackson\core\jackson-databind\2.9.7\jackson-databind-2.9.7.jar;D:\develop\maven-3.5.4\repository\com\fasterxml\jackson\core\jackson-annotations\2.9.0\jackson-annotations-2.9.0.jar;D:\develop\maven-3.5.4\repository\com\fasterxml\jackson\core\jackson-core\2.9.7\jackson-core-2.9.7.jar;D:\develop\maven-3.5.4\repository\javax\servlet\javax.servlet-api\3.1.0\javax.servlet-api-3.1.0.jar;D:\develop\maven-3.5.4\repository\javax\servlet\jstl\1.2\jstl-1.2.jar;D:\develop\maven-3.5.4\repository\commons-io\commons-io\2.6\commons-io-2.6.jar;D:\develop\maven-3.5.4\repository\commons-fileupload\commons-fileupload\1.3.3\commons-fileupload-1.3.3.jar;D:\develop\maven-3.5.4\repository\org\springframework\spring-context\4.3.18.RELEASE\spring-context-4.3.18.RELEASE.jar;D:\develop\maven-3.5.4\repository\org\springframework\spring-beans\4.3.18.RELEASE\spring-beans-4.3.18.RELEASE.jar;D:\develop\maven-3.5.4\repository\org\springframework\spring-expression\4.3.18.RELEASE\spring-expression-4.3.18.RELEASE.jar;D:\develop\maven-3.5.4\repository\org\springframework\spring-oxm\4.3.18.RELEASE\spring-oxm-4.3.18.RELEASE.jar;D:\develop\maven-3.5.4\repository\org\springframework\spring-webmvc\4.3.18.RELEASE\spring-webmvc-4.3.18.RELEASE.jar;D:\develop\maven-3.5.4\repository\org\springframework\spring-web\4.3.18.RELEASE\spring-web-4.3.18.RELEASE.jar;D:\develop\maven-3.5.4\repository\org\springframework\spring-test\4.3.18.RELEASE\spring-test-4.3.18.RELEASE.jar;D:\develop\maven-3.5.4\repository\org\springframework\spring-jdbc\4.3.18.RELEASE\spring-jdbc-4.3.18.RELEASE.jar;D:\develop\maven-3.5.4\repository\org\springframework\spring-orm\4.3.18.RELEASE\spring-orm-4.3.18.RELEASE.jar;D:\develop\maven-3.5.4\repository\org\springframework\spring-core\4.3.18.RELEASE\spring-core-4.3.18.RELEASE.jar;D:\develop\maven-3.5.4\repository\commons-logging\commons-logging\1.2\commons-logging-1.2.jar;D:\develop\maven-3.5.4\repository\org\springframework\spring-context-support\4.3.18.RELEASE\spring-context-support-4.3.18.RELEASE.jar;D:\develop\maven-3.5.4\repository\org\springframework\spring-aop\4.3.18.RELEASE\spring-aop-4.3.18.RELEASE.jar;D:\develop\maven-3.5.4\repository\org\springframework\spring-aspects\4.3.18.RELEASE\spring-aspects-4.3.18.RELEASE.jar;D:\develop\maven-3.5.4\repository\org\aspectj\aspectjweaver\1.8.9\aspectjweaver-1.8.9.jar;D:\develop\maven-3.5.4\repository\org\springframework\spring-tx\4.3.18.RELEASE\spring-tx-4.3.18.RELEASE.jar;D:\develop\maven-3.5.4\repository\junit\junit\4.12\junit-4.12.jar;D:\develop\maven-3.5.4\repository\org\hamcrest\hamcrest-core\1.3\hamcrest-core-1.3.jar;D:\develop\maven-3.5.4\repository\org\mybatis\mybatis\3.2.1\mybatis-3.2.1.jar;D:\develop\maven-3.5.4\repository\org\mybatis\mybatis-spring\1.2.0\mybatis-spring-1.2.0.jar;D:\develop\maven-3.5.4\repository\mysql\mysql-connector-java\5.1.29\mysql-connector-java-5.1.29.jar;D:\develop\maven-3.5.4\repository\org\slf4j\slf4j-log4j12\1.7.25\slf4j-log4j12-1.7.25.jar;D:\develop\maven-3.5.4\repository\org\slf4j\slf4j-api\1.7.25\slf4j-api-1.7.25.jar;D:\develop\maven-3.5.4\repository\log4j\log4j\1.2.17\log4j-1.2.17.jar;D:\develop\maven-3.5.4\repository\com\github\pagehelper\pagehelper\5.1.2\pagehelper-5.1.2.jar;D:\develop\maven-3.5.4\repository\com\github\jsqlparser\jsqlparser\1.0\jsqlparser-1.0.jar;, user.name=afang, java.vm.specification.version=1.8, sun.java.command=D:\IdeaProjects\fullstack1802\ssmdemo\target\surefire\surefirebooter6061869623725118096.jar D:\IdeaProjects\fullstack1802\ssmdemo\target\surefire\surefire1417957670262288684tmp D:\IdeaProjects\fullstack1802\ssmdemo\target\surefire\surefire_064684022231899413tmp, java.home=C:\Program Files\Java\jdk1.8.0_131\jre, sun.arch.data.model=64, user.language=zh, java.specification.vendor=Oracle Corporation, awt.toolkit=sun.awt.windows.WToolkit, java.vm.info=mixed mode, java.version=1.8.0_131, java.ext.dirs=C:\Program Files\Java\jdk1.8.0_131\jre\lib\ext;C:\Windows\Sun\Java\lib\ext, sun.boot.class.path=C:\Program Files\Java\jdk1.8.0_131\jre\lib\resources.jar;C:\Program Files\Java\jdk1.8.0_131\jre\lib\rt.jar;C:\Program Files\Java\jdk1.8.0_131\jre\lib\sunrsasign.jar;C:\Program Files\Java\jdk1.8.0_131\jre\lib\jsse.jar;C:\Program Files\Java\jdk1.8.0_131\jre\lib\jce.jar;C:\Program Files\Java\jdk1.8.0_131\jre\lib\charsets.jar;C:\Program Files\Java\jdk1.8.0_131\jre\lib\jfr.jar;C:\Program Files\Java\jdk1.8.0_131\jre\classes, java.vendor=Oracle Corporation, localRepository=D:\develop\maven-3.5.4\repository, file.separator=\, java.vendor.url.bug=http://bugreport.sun.com/bugreport/, sun.io.unicode.encoding=UnicodeLittle, sun.cpu.endian=little, sun.desktop=windows, sun.cpu.isalist=amd64}}, SystemEnvironmentPropertySource@1540270363 {name=&apos;systemEnvironment&apos;, properties={PATH=C:\Program Files\Java\jdk1.8.0_131\bin;C:\Program Files\Java\jdk1.8.0_131\jre\bin;%M2_HOME%\bin;C:\Program Files\Git\cmd;C:\Users\afang\AppData\Local\Microsoft\WindowsApps;C:\Users\afang\AppData\Roaming\npm;C:\Program Files\MongoDB\Server\4.0\bin;D:\develop\maven-3.5.4\bin, USERDOMAIN_ROAMINGPROFILE=DESKTOP-RIGRVBO, LOCALAPPDATA=C:\Users\afang\AppData\Local, PROCESSOR_LEVEL=6, SYSTEMDRIVE=C:, COMMONPROGRAMFILES(X86)=C:\Program Files (x86)\Common Files, USERDOMAIN=DESKTOP-RIGRVBO, LOGONSERVER=\\DESKTOP-RIGRVBO, JAVA_HOME=C:\Program Files\Java\jdk1.8.0_131, PROMPT=$P$G, SESSIONNAME=Console, ALLUSERSPROFILE=C:\ProgramData, PROGRAMFILES(X86)=C:\Program Files (x86), PROCESSOR_ARCHITECTURE=AMD64, PROGRAMFILES=C:\Program Files, APPDATA=C:\Users\afang\AppData\Roaming, PSMODULEPATH=C:\Program Files\WindowsPowerShell\Modules;C:\Windows\system32\WindowsPowerShell\v1.0\Modules, PROGRAMW6432=C:\Program Files, PROGRAMDATA=C:\ProgramData, SYSTEMROOT=C:\Windows, USERNAME=afang, ONEDRIVE=C:\Users\afang\OneDrive, PATHEXT=.COM;.EXE;.BAT;.CMD;.VBS;.VBE;.JS;.JSE;.WSF;.WSH;.MSC, OS=Windows_NT, COMMONPROGRAMW6432=C:\Program Files\Common Files, COMPUTERNAME=DESKTOP-RIGRVBO, COMMONPROGRAMFILES=C:\Program Files\Common Files, COMSPEC=C:\Windows\system32\cmd.exe, PROCESSOR_REVISION=3c03, WINDIR=C:\Windows, CLASS_PATH=C:\Program Files\Java\jdk1.8.0_131\lib;C:\Program Files\Java\jdk1.8.0_131\jre\lib;, =D:=D:\IdeaProjects\fullstack1802\ssmdemo, HOMEPATH=\Users\afang, TEMP=C:\Users\afang\AppData\Local\Temp, HOMEDRIVE=C:, PROCESSOR_IDENTIFIER=Intel64 Family 6 Model 60 Stepping 3, GenuineIntel, USERPROFILE=C:\Users\afang, TMP=C:\Users\afang\AppData\Local\Temp, M2_HOME=D:\develop\maven-3.5.4, PUBLIC=C:\Users\Public, NUMBER_OF_PROCESSORS=8}}]
09:29:01,818  INFO XmlBeanDefinitionReader:317 - Loading XML bean definitions from class path resource [applicationContext.xml]
09:29:01,842 DEBUG DefaultDocumentLoader:73 - Using JAXP provider [com.sun.org.apache.xerces.internal.jaxp.DocumentBuilderFactoryImpl]
09:29:01,870 DEBUG PluggableSchemaResolver:141 - Loading schema mappings from [META-INF/spring.schemas]
09:29:01,873 DEBUG PluggableSchemaResolver:147 - Loaded schema mappings: {http://www.springframework.org/schema/tx/spring-tx-4.3.xsd=org/springframework/transaction/config/spring-tx-4.3.xsd, http://www.springframework.org/schema/tx/spring-tx-2.5.xsd=org/springframework/transaction/config/spring-tx-2.5.xsd, http://www.springframework.org/schema/cache/spring-cache-4.2.xsd=org/springframework/cache/config/spring-cache-4.2.xsd, http://www.springframework.org/schema/aop/spring-aop-4.1.xsd=org/springframework/aop/config/spring-aop-4.1.xsd, http://www.springframework.org/schema/context/spring-context-3.1.xsd=org/springframework/context/config/spring-context-3.1.xsd, http://www.springframework.org/schema/jdbc/spring-jdbc-4.1.xsd=org/springframework/jdbc/config/spring-jdbc-4.1.xsd, http://www.springframework.org/schema/mvc/spring-mvc-4.1.xsd=org/springframework/web/servlet/config/spring-mvc-4.1.xsd, http://www.springframework.org/schema/util/spring-util-3.0.xsd=org/springframework/beans/factory/xml/spring-util-3.0.xsd, http://mybatis.org/schema/mybatis-spring-1.2.xsd=org/mybatis/spring/config/mybatis-spring-1.2.xsd, http://www.springframework.org/schema/aop/spring-aop-3.2.xsd=org/springframework/aop/config/spring-aop-3.2.xsd, http://www.springframework.org/schema/tool/spring-tool.xsd=org/springframework/beans/factory/xml/spring-tool-4.3.xsd, http://www.springframework.org/schema/lang/spring-lang-4.1.xsd=org/springframework/scripting/config/spring-lang-4.1.xsd, http://www.springframework.org/schema/context/spring-context-4.0.xsd=org/springframework/context/config/spring-context-4.0.xsd, http://www.springframework.org/schema/mvc/spring-mvc-3.2.xsd=org/springframework/web/servlet/config/spring-mvc-3.2.xsd, http://www.springframework.org/schema/beans/spring-beans-4.2.xsd=org/springframework/beans/factory/xml/spring-beans-4.2.xsd, http://www.springframework.org/schema/oxm/spring-oxm-3.0.xsd=org/springframework/oxm/config/spring-oxm-3.0.xsd, http://www.springframework.org/schema/tool/spring-tool-4.1.xsd=org/springframework/beans/factory/xml/spring-tool-4.1.xsd, http://www.springframework.org/schema/lang/spring-lang-3.2.xsd=org/springframework/scripting/config/spring-lang-3.2.xsd, http://www.springframework.org/schema/cache/spring-cache-3.2.xsd=org/springframework/cache/config/spring-cache-3.2.xsd, http://www.springframework.org/schema/jee/spring-jee-4.1.xsd=org/springframework/ejb/config/spring-jee-4.1.xsd, http://www.springframework.org/schema/jdbc/spring-jdbc-3.1.xsd=org/springframework/jdbc/config/spring-jdbc-3.1.xsd, http://www.springframework.org/schema/util/spring-util-2.0.xsd=org/springframework/beans/factory/xml/spring-util-2.0.xsd, http://www.springframework.org/schema/task/spring-task-4.2.xsd=org/springframework/scheduling/config/spring-task-4.2.xsd, http://www.springframework.org/schema/tool/spring-tool-3.2.xsd=org/springframework/beans/factory/xml/spring-tool-3.2.xsd, http://www.springframework.org/schema/context/spring-context.xsd=org/springframework/context/config/spring-context-4.3.xsd, http://www.springframework.org/schema/tx/spring-tx-4.2.xsd=org/springframework/transaction/config/spring-tx-4.2.xsd, http://www.springframework.org/schema/cache/spring-cache-4.1.xsd=org/springframework/cache/config/spring-cache-4.1.xsd, http://www.springframework.org/schema/aop/spring-aop-4.0.xsd=org/springframework/aop/config/spring-aop-4.0.xsd, http://www.springframework.org/schema/jee/spring-jee-3.2.xsd=org/springframework/ejb/config/spring-jee-3.2.xsd, http://www.springframework.org/schema/context/spring-context-3.0.xsd=org/springframework/context/config/spring-context-3.0.xsd, http://www.springframework.org/schema/jdbc/spring-jdbc-4.0.xsd=org/springframework/jdbc/config/spring-jdbc-4.0.xsd, http://www.springframework.org/schema/mvc/spring-mvc-4.0.xsd=org/springframework/web/servlet/config/spring-mvc-4.0.xsd, http://www.springframework.org/schema/util/spring-util-4.3.xsd=org/springframework/beans/factory/xml/spring-util-4.3.xsd, http://www.springframework.org/schema/util/spring-util-2.5.xsd=org/springframework/beans/factory/xml/spring-util-2.5.xsd, http://www.springframework.org/schema/beans/spring-beans-3.2.xsd=org/springframework/beans/factory/xml/spring-beans-3.2.xsd, http://www.springframework.org/schema/aop/spring-aop-3.1.xsd=org/springframework/aop/config/spring-aop-3.1.xsd, http://www.springframework.org/schema/lang/spring-lang-4.0.xsd=org/springframework/scripting/config/spring-lang-4.0.xsd, http://www.springframework.org/schema/mvc/spring-mvc.xsd=org/springframework/web/servlet/config/spring-mvc-4.3.xsd, http://www.springframework.org/schema/mvc/spring-mvc-3.1.xsd=org/springframework/web/servlet/config/spring-mvc-3.1.xsd, http://www.springframework.org/schema/beans/spring-beans-4.1.xsd=org/springframework/beans/factory/xml/spring-beans-4.1.xsd, http://www.springframework.org/schema/oxm/spring-oxm-4.3.xsd=org/springframework/oxm/config/spring-oxm-4.3.xsd, http://www.springframework.org/schema/tool/spring-tool-4.0.xsd=org/springframework/beans/factory/xml/spring-tool-4.0.xsd, http://www.springframework.org/schema/tx/spring-tx-3.2.xsd=org/springframework/transaction/config/spring-tx-3.2.xsd, http://www.springframework.org/schema/lang/spring-lang-3.1.xsd=org/springframework/scripting/config/spring-lang-3.1.xsd, http://www.springframework.org/schema/cache/spring-cache-3.1.xsd=org/springframework/cache/config/spring-cache-3.1.xsd, http://www.springframework.org/schema/jee/spring-jee-4.0.xsd=org/springframework/ejb/config/spring-jee-4.0.xsd, http://www.springframework.org/schema/jdbc/spring-jdbc-3.0.xsd=org/springframework/jdbc/config/spring-jdbc-3.0.xsd, http://www.springframework.org/schema/task/spring-task-4.1.xsd=org/springframework/scheduling/config/spring-task-4.1.xsd, http://www.springframework.org/schema/jdbc/spring-jdbc.xsd=org/springframework/jdbc/config/spring-jdbc-4.3.xsd, http://www.springframework.org/schema/tool/spring-tool-3.1.xsd=org/springframework/beans/factory/xml/spring-tool-3.1.xsd, http://www.springframework.org/schema/tx/spring-tx-4.1.xsd=org/springframework/transaction/config/spring-tx-4.1.xsd, http://www.springframework.org/schema/cache/spring-cache-4.0.xsd=org/springframework/cache/config/spring-cache-4.0.xsd, http://www.springframework.org/schema/jee/spring-jee-3.1.xsd=org/springframework/ejb/config/spring-jee-3.1.xsd, http://www.springframework.org/schema/util/spring-util-4.2.xsd=org/springframework/beans/factory/xml/spring-util-4.2.xsd, http://www.springframework.org/schema/task/spring-task-3.2.xsd=org/springframework/scheduling/config/spring-task-3.2.xsd, http://www.springframework.org/schema/beans/spring-beans-3.1.xsd=org/springframework/beans/factory/xml/spring-beans-3.1.xsd, http://www.springframework.org/schema/util/spring-util.xsd=org/springframework/beans/factory/xml/spring-util-4.3.xsd, http://www.springframework.org/schema/aop/spring-aop-3.0.xsd=org/springframework/aop/config/spring-aop-3.0.xsd, http://www.springframework.org/schema/mvc/spring-mvc-3.0.xsd=org/springframework/web/servlet/config/spring-mvc-3.0.xsd, http://www.springframework.org/schema/beans/spring-beans-4.0.xsd=org/springframework/beans/factory/xml/spring-beans-4.0.xsd, http://www.springframework.org/schema/oxm/spring-oxm-4.2.xsd=org/springframework/oxm/config/spring-oxm-4.2.xsd, http://www.springframework.org/schema/beans/spring-beans.xsd=org/springframework/beans/factory/xml/spring-beans-4.3.xsd, http://mybatis.org/schema/mybatis-spring.xsd=org/mybatis/spring/config/mybatis-spring-1.2.xsd, http://www.springframework.org/schema/tx/spring-tx-3.1.xsd=org/springframework/transaction/config/spring-tx-3.1.xsd, http://www.springframework.org/schema/lang/spring-lang-3.0.xsd=org/springframework/scripting/config/spring-lang-3.0.xsd, http://www.springframework.org/schema/context/spring-context-2.5.xsd=org/springframework/context/config/spring-context-2.5.xsd, http://www.springframework.org/schema/context/spring-context-4.3.xsd=org/springframework/context/config/spring-context-4.3.xsd, http://www.springframework.org/schema/task/spring-task-4.0.xsd=org/springframework/scheduling/config/spring-task-4.0.xsd, http://www.springframework.org/schema/tool/spring-tool-3.0.xsd=org/springframework/beans/factory/xml/spring-tool-3.0.xsd, http://www.springframework.org/schema/tx/spring-tx-4.0.xsd=org/springframework/transaction/config/spring-tx-4.0.xsd, http://www.springframework.org/schema/aop/spring-aop-2.0.xsd=org/springframework/aop/config/spring-aop-2.0.xsd, http://www.springframework.org/schema/jee/spring-jee-3.0.xsd=org/springframework/ejb/config/spring-jee-3.0.xsd, http://www.springframework.org/schema/util/spring-util-4.1.xsd=org/springframework/beans/factory/xml/spring-util-4.1.xsd, http://www.springframework.org/schema/task/spring-task-3.1.xsd=org/springframework/scheduling/config/spring-task-3.1.xsd, http://www.springframework.org/schema/beans/spring-beans-3.0.xsd=org/springframework/beans/factory/xml/spring-beans-3.0.xsd, http://www.springframework.org/schema/jee/spring-jee.xsd=org/springframework/ejb/config/spring-jee-4.3.xsd, http://www.springframework.org/schema/aop/spring-aop-4.3.xsd=org/springframework/aop/config/spring-aop-4.3.xsd, http://www.springframework.org/schema/aop/spring-aop-2.5.xsd=org/springframework/aop/config/spring-aop-2.5.xsd, http://www.springframework.org/schema/lang/spring-lang-2.0.xsd=org/springframework/scripting/config/spring-lang-2.0.xsd, http://www.springframework.org/schema/jdbc/spring-jdbc-4.3.xsd=org/springframework/jdbc/config/spring-jdbc-4.3.xsd, http://www.springframework.org/schema/oxm/spring-oxm.xsd=org/springframework/oxm/config/spring-oxm-4.3.xsd, http://www.springframework.org/schema/mvc/spring-mvc-4.3.xsd=org/springframework/web/servlet/config/spring-mvc-4.3.xsd, http://www.springframework.org/schema/util/spring-util-3.2.xsd=org/springframework/beans/factory/xml/spring-util-3.2.xsd, http://www.springframework.org/schema/oxm/spring-oxm-4.1.xsd=org/springframework/oxm/config/spring-oxm-4.1.xsd, http://www.springframework.org/schema/task/spring-task.xsd=org/springframework/scheduling/config/spring-task-4.3.xsd, http://www.springframework.org/schema/tool/spring-tool-2.0.xsd=org/springframework/beans/factory/xml/spring-tool-2.0.xsd, http://www.springframework.org/schema/tx/spring-tx-3.0.xsd=org/springframework/transaction/config/spring-tx-3.0.xsd, http://www.springframework.org/schema/lang/spring-lang-2.5.xsd=org/springframework/scripting/config/spring-lang-2.5.xsd, http://www.springframework.org/schema/lang/spring-lang-4.3.xsd=org/springframework/scripting/config/spring-lang-4.3.xsd, http://www.springframework.org/schema/context/spring-context-4.2.xsd=org/springframework/context/config/spring-context-4.2.xsd, http://www.springframework.org/schema/jee/spring-jee-2.0.xsd=org/springframework/ejb/config/spring-jee-2.0.xsd, http://www.springframework.org/schema/oxm/spring-oxm-3.2.xsd=org/springframework/oxm/config/spring-oxm-3.2.xsd, http://www.springframework.org/schema/tool/spring-tool-4.3.xsd=org/springframework/beans/factory/xml/spring-tool-4.3.xsd, http://www.springframework.org/schema/tool/spring-tool-2.5.xsd=org/springframework/beans/factory/xml/spring-tool-2.5.xsd, http://www.springframework.org/schema/jee/spring-jee-4.3.xsd=org/springframework/ejb/config/spring-jee-4.3.xsd, http://www.springframework.org/schema/jee/spring-jee-2.5.xsd=org/springframework/ejb/config/spring-jee-2.5.xsd, http://www.springframework.org/schema/util/spring-util-4.0.xsd=org/springframework/beans/factory/xml/spring-util-4.0.xsd, http://www.springframework.org/schema/task/spring-task-3.0.xsd=org/springframework/scheduling/config/spring-task-3.0.xsd, http://www.springframework.org/schema/cache/spring-cache-4.3.xsd=org/springframework/cache/config/spring-cache-4.3.xsd, http://www.springframework.org/schema/aop/spring-aop-4.2.xsd=org/springframework/aop/config/spring-aop-4.2.xsd, http://www.springframework.org/schema/lang/spring-lang.xsd=org/springframework/scripting/config/spring-lang-4.3.xsd, http://www.springframework.org/schema/context/spring-context-3.2.xsd=org/springframework/context/config/spring-context-3.2.xsd, http://www.springframework.org/schema/jdbc/spring-jdbc-4.2.xsd=org/springframework/jdbc/config/spring-jdbc-4.2.xsd, http://www.springframework.org/schema/mvc/spring-mvc-4.2.xsd=org/springframework/web/servlet/config/spring-mvc-4.2.xsd, http://www.springframework.org/schema/util/spring-util-3.1.xsd=org/springframework/beans/factory/xml/spring-util-3.1.xsd, http://www.springframework.org/schema/beans/spring-beans-2.0.xsd=org/springframework/beans/factory/xml/spring-beans-2.0.xsd, http://www.springframework.org/schema/oxm/spring-oxm-4.0.xsd=org/springframework/oxm/config/spring-oxm-4.0.xsd, http://www.springframework.org/schema/cache/spring-cache.xsd=org/springframework/cache/config/spring-cache-4.3.xsd, http://www.springframework.org/schema/tx/spring-tx.xsd=org/springframework/transaction/config/spring-tx-4.3.xsd, http://www.springframework.org/schema/lang/spring-lang-4.2.xsd=org/springframework/scripting/config/spring-lang-4.2.xsd, http://www.springframework.org/schema/context/spring-context-4.1.xsd=org/springframework/context/config/spring-context-4.1.xsd, http://www.springframework.org/schema/beans/spring-beans-2.5.xsd=org/springframework/beans/factory/xml/spring-beans-2.5.xsd, http://www.springframework.org/schema/beans/spring-beans-4.3.xsd=org/springframework/beans/factory/xml/spring-beans-4.3.xsd, http://www.springframework.org/schema/oxm/spring-oxm-3.1.xsd=org/springframework/oxm/config/spring-oxm-3.1.xsd, http://www.springframework.org/schema/tool/spring-tool-4.2.xsd=org/springframework/beans/factory/xml/spring-tool-4.2.xsd, http://www.springframework.org/schema/tx/spring-tx-2.0.xsd=org/springframework/transaction/config/spring-tx-2.0.xsd, http://www.springframework.org/schema/jee/spring-jee-4.2.xsd=org/springframework/ejb/config/spring-jee-4.2.xsd, http://www.springframework.org/schema/jdbc/spring-jdbc-3.2.xsd=org/springframework/jdbc/config/spring-jdbc-3.2.xsd, http://www.springframework.org/schema/aop/spring-aop.xsd=org/springframework/aop/config/spring-aop-4.3.xsd, http://www.springframework.org/schema/task/spring-task-4.3.xsd=org/springframework/scheduling/config/spring-task-4.3.xsd}
09:29:01,875 DEBUG PluggableSchemaResolver:119 - Found XML schema [http://www.springframework.org/schema/beans/spring-beans.xsd] in classpath: org/springframework/beans/factory/xml/spring-beans-4.3.xsd
09:29:01,915 DEBUG PluggableSchemaResolver:119 - Found XML schema [http://www.springframework.org/schema/context/spring-context.xsd] in classpath: org/springframework/context/config/spring-context-4.3.xsd
09:29:01,921 DEBUG PluggableSchemaResolver:119 - Found XML schema [http://www.springframework.org/schema/tool/spring-tool-4.3.xsd] in classpath: org/springframework/beans/factory/xml/spring-tool-4.3.xsd
09:29:01,928 DEBUG PluggableSchemaResolver:119 - Found XML schema [http://www.springframework.org/schema/tx/spring-tx.xsd] in classpath: org/springframework/transaction/config/spring-tx-4.3.xsd
09:29:01,933 DEBUG PluggableSchemaResolver:119 - Found XML schema [http://www.springframework.org/schema/aop/spring-aop.xsd] in classpath: org/springframework/aop/config/spring-aop-4.3.xsd
09:29:01,941 DEBUG DefaultBeanDefinitionDocumentReader:92 - Loading bean definitions
09:29:01,951 DEBUG DefaultNamespaceHandlerResolver:157 - Loaded NamespaceHandler mappings: {http://www.springframework.org/schema/p=org.springframework.beans.factory.xml.SimplePropertyNamespaceHandler, http://www.springframework.org/schema/mvc=org.springframework.web.servlet.config.MvcNamespaceHandler, http://www.springframework.org/schema/util=org.springframework.beans.factory.xml.UtilNamespaceHandler, http://www.springframework.org/schema/jee=org.springframework.ejb.config.JeeNamespaceHandler, http://www.springframework.org/schema/aop=org.springframework.aop.config.AopNamespaceHandler, http://www.springframework.org/schema/jdbc=org.springframework.jdbc.config.JdbcNamespaceHandler, http://www.springframework.org/schema/oxm=org.springframework.oxm.config.OxmNamespaceHandler, http://www.springframework.org/schema/cache=org.springframework.cache.config.CacheNamespaceHandler, http://mybatis.org/schema/mybatis-spring=org.mybatis.spring.config.NamespaceHandler, http://www.springframework.org/schema/c=org.springframework.beans.factory.xml.SimpleConstructorNamespaceHandler, http://www.springframework.org/schema/tx=org.springframework.transaction.config.TxNamespaceHandler, http://www.springframework.org/schema/task=org.springframework.scheduling.config.TaskNamespaceHandler, http://www.springframework.org/schema/lang=org.springframework.scripting.config.LangNamespaceHandler, http://www.springframework.org/schema/context=org.springframework.context.config.ContextNamespaceHandler}
09:29:01,965 DEBUG PathMatchingResourcePatternResolver:318 - Resolved classpath location [com/company/] to resources [URL [file:/D:/IdeaProjects/fullstack1802/ssmdemo/target/test-classes/com/company/], URL [file:/D:/IdeaProjects/fullstack1802/ssmdemo/target/classes/com/company/]]
09:29:01,967 DEBUG PathMatchingResourcePatternResolver:741 - Looking for matching resources in directory tree [D:\IdeaProjects\fullstack1802\ssmdemo\target\test-classes\com\company]
09:29:01,967 DEBUG PathMatchingResourcePatternResolver:803 - Searching directory [D:\IdeaProjects\fullstack1802\ssmdemo\target\test-classes\com\company] for files matching pattern [D:/IdeaProjects/fullstack1802/ssmdemo/target/test-classes/com/company/**/*.class]
09:29:01,969 DEBUG PathMatchingResourcePatternResolver:803 - Searching directory [D:\IdeaProjects\fullstack1802\ssmdemo\target\test-classes\com\company\service] for files matching pattern [D:/IdeaProjects/fullstack1802/ssmdemo/target/test-classes/com/company/**/*.class]
09:29:01,969 DEBUG PathMatchingResourcePatternResolver:803 - Searching directory [D:\IdeaProjects\fullstack1802\ssmdemo\target\test-classes\com\company\service\impl] for files matching pattern [D:/IdeaProjects/fullstack1802/ssmdemo/target/test-classes/com/company/**/*.class]
09:29:01,971 DEBUG PathMatchingResourcePatternResolver:741 - Looking for matching resources in directory tree [D:\IdeaProjects\fullstack1802\ssmdemo\target\classes\com\company]
09:29:01,971 DEBUG PathMatchingResourcePatternResolver:803 - Searching directory [D:\IdeaProjects\fullstack1802\ssmdemo\target\classes\com\company] for files matching pattern [D:/IdeaProjects/fullstack1802/ssmdemo/target/classes/com/company/**/*.class]
09:29:01,972 DEBUG PathMatchingResourcePatternResolver:803 - Searching directory [D:\IdeaProjects\fullstack1802\ssmdemo\target\classes\com\company\action] for files matching pattern [D:/IdeaProjects/fullstack1802/ssmdemo/target/classes/com/company/**/*.class]
09:29:01,973 DEBUG PathMatchingResourcePatternResolver:803 - Searching directory [D:\IdeaProjects\fullstack1802\ssmdemo\target\classes\com\company\action\commons] for files matching pattern [D:/IdeaProjects/fullstack1802/ssmdemo/target/classes/com/company/**/*.class]
09:29:01,973 DEBUG PathMatchingResourcePatternResolver:803 - Searching directory [D:\IdeaProjects\fullstack1802\ssmdemo\target\classes\com\company\action\commons\encoding] for files matching pattern [D:/IdeaProjects/fullstack1802/ssmdemo/target/classes/com/company/**/*.class]
09:29:01,975 DEBUG PathMatchingResourcePatternResolver:803 - Searching directory [D:\IdeaProjects\fullstack1802\ssmdemo\target\classes\com\company\dao] for files matching pattern [D:/IdeaProjects/fullstack1802/ssmdemo/target/classes/com/company/**/*.class]
09:29:01,975 DEBUG PathMatchingResourcePatternResolver:803 - Searching directory [D:\IdeaProjects\fullstack1802\ssmdemo\target\classes\com\company\dao\pojo] for files matching pattern [D:/IdeaProjects/fullstack1802/ssmdemo/target/classes/com/company/**/*.class]
09:29:01,977 DEBUG PathMatchingResourcePatternResolver:803 - Searching directory [D:\IdeaProjects\fullstack1802\ssmdemo\target\classes\com\company\service] for files matching pattern [D:/IdeaProjects/fullstack1802/ssmdemo/target/classes/com/company/**/*.class]
09:29:01,977 DEBUG PathMatchingResourcePatternResolver:803 - Searching directory [D:\IdeaProjects\fullstack1802\ssmdemo\target\classes\com\company\service\bo] for files matching pattern [D:/IdeaProjects/fullstack1802/ssmdemo/target/classes/com/company/**/*.class]
09:29:01,977 DEBUG PathMatchingResourcePatternResolver:803 - Searching directory [D:\IdeaProjects\fullstack1802\ssmdemo\target\classes\com\company\service\dto] for files matching pattern [D:/IdeaProjects/fullstack1802/ssmdemo/target/classes/com/company/**/*.class]
09:29:01,978 DEBUG PathMatchingResourcePatternResolver:803 - Searching directory [D:\IdeaProjects\fullstack1802\ssmdemo\target\classes\com\company\service\impl] for files matching pattern [D:/IdeaProjects/fullstack1802/ssmdemo/target/classes/com/company/**/*.class]
09:29:01,979 DEBUG PathMatchingResourcePatternResolver:803 - Searching directory [D:\IdeaProjects\fullstack1802\ssmdemo\target\classes\com\company\service\iservice] for files matching pattern [D:/IdeaProjects/fullstack1802/ssmdemo/target/classes/com/company/**/*.class]
09:29:01,979 DEBUG PathMatchingResourcePatternResolver:803 - Searching directory [D:\IdeaProjects\fullstack1802\ssmdemo\target\classes\com\company\service\vo] for files matching pattern [D:/IdeaProjects/fullstack1802/ssmdemo/target/classes/com/company/**/*.class]
09:29:01,980 DEBUG PathMatchingResourcePatternResolver:510 - Resolved location pattern [classpath*:com/company/**/*.class] to resources [file [D:\IdeaProjects\fullstack1802\ssmdemo\target\test-classes\com\company\service\impl\DynamicSQLServiceTest.class], file [D:\IdeaProjects\fullstack1802\ssmdemo\target\test-classes\com\company\service\impl\EmpServiceImplTest.class], file [D:\IdeaProjects\fullstack1802\ssmdemo\target\test-classes\com\company\service\impl\UserServiceImplTest.class], file [D:\IdeaProjects\fullstack1802\ssmdemo\target\classes\com\company\action\commons\encoding\UTF8StringHttpMessageConverter.class], file [D:\IdeaProjects\fullstack1802\ssmdemo\target\classes\com\company\action\TestAction.class], file [D:\IdeaProjects\fullstack1802\ssmdemo\target\classes\com\company\action\UserAction.class], file [D:\IdeaProjects\fullstack1802\ssmdemo\target\classes\com\company\dao\DynamicSQLDao.class], file [D:\IdeaProjects\fullstack1802\ssmdemo\target\classes\com\company\dao\EmpDao.class], file [D:\IdeaProjects\fullstack1802\ssmdemo\target\classes\com\company\dao\EmpDimissionDao.class], file [D:\IdeaProjects\fullstack1802\ssmdemo\target\classes\com\company\dao\EmpProbationDao.class], file [D:\IdeaProjects\fullstack1802\ssmdemo\target\classes\com\company\dao\JobDao.class], file [D:\IdeaProjects\fullstack1802\ssmdemo\target\classes\com\company\dao\pojo\Dept.class], file [D:\IdeaProjects\fullstack1802\ssmdemo\target\classes\com\company\dao\pojo\Emp.class], file [D:\IdeaProjects\fullstack1802\ssmdemo\target\classes\com\company\dao\pojo\EmpDimission.class], file [D:\IdeaProjects\fullstack1802\ssmdemo\target\classes\com\company\dao\pojo\EmpProbation.class], file [D:\IdeaProjects\fullstack1802\ssmdemo\target\classes\com\company\dao\pojo\Job.class], file [D:\IdeaProjects\fullstack1802\ssmdemo\target\classes\com\company\dao\pojo\Product.class], file [D:\IdeaProjects\fullstack1802\ssmdemo\target\classes\com\company\dao\pojo\User.class], file [D:\IdeaProjects\fullstack1802\ssmdemo\target\classes\com\company\dao\ProductDao.class], file [D:\IdeaProjects\fullstack1802\ssmdemo\target\classes\com\company\dao\UserDao.class], file [D:\IdeaProjects\fullstack1802\ssmdemo\target\classes\com\company\service\bo\InfoBO.class], file [D:\IdeaProjects\fullstack1802\ssmdemo\target\classes\com\company\service\dto\EmpDeptDTO.class], file [D:\IdeaProjects\fullstack1802\ssmdemo\target\classes\com\company\service\impl\DynamicSQLService.class], file [D:\IdeaProjects\fullstack1802\ssmdemo\target\classes\com\company\service\impl\EmpServiceImpl.class], file [D:\IdeaProjects\fullstack1802\ssmdemo\target\classes\com\company\service\impl\UserServiceImpl.class], file [D:\IdeaProjects\fullstack1802\ssmdemo\target\classes\com\company\service\iservice\EmpService.class], file [D:\IdeaProjects\fullstack1802\ssmdemo\target\classes\com\company\service\iservice\UserService.class], file [D:\IdeaProjects\fullstack1802\ssmdemo\target\classes\com\company\service\vo\HiredateVO.class], file [D:\IdeaProjects\fullstack1802\ssmdemo\target\classes\com\company\service\vo\PageVO.class]]
09:29:02,012 DEBUG ClassPathBeanDefinitionScanner:294 - Identified candidate component class: file [D:\IdeaProjects\fullstack1802\ssmdemo\target\classes\com\company\action\TestAction.class]
09:29:02,016 DEBUG ClassPathBeanDefinitionScanner:294 - Identified candidate component class: file [D:\IdeaProjects\fullstack1802\ssmdemo\target\classes\com\company\action\UserAction.class]
09:29:02,025 DEBUG ClassPathBeanDefinitionScanner:294 - Identified candidate component class: file [D:\IdeaProjects\fullstack1802\ssmdemo\target\classes\com\company\service\impl\DynamicSQLService.class]
09:29:02,026 DEBUG ClassPathBeanDefinitionScanner:294 - Identified candidate component class: file [D:\IdeaProjects\fullstack1802\ssmdemo\target\classes\com\company\service\impl\EmpServiceImpl.class]
09:29:02,027 DEBUG ClassPathBeanDefinitionScanner:294 - Identified candidate component class: file [D:\IdeaProjects\fullstack1802\ssmdemo\target\classes\com\company\service\impl\UserServiceImpl.class]
09:29:02,046  INFO XmlBeanDefinitionReader:317 - Loading XML bean definitions from class path resource [mybatis/spring-dbsource.xml]
09:29:02,049 DEBUG DefaultDocumentLoader:73 - Using JAXP provider [com.sun.org.apache.xerces.internal.jaxp.DocumentBuilderFactoryImpl]
09:29:02,051 DEBUG PluggableSchemaResolver:119 - Found XML schema [http://www.springframework.org/schema/beans/spring-beans.xsd] in classpath: org/springframework/beans/factory/xml/spring-beans-4.3.xsd
09:29:02,067 DEBUG DefaultBeanDefinitionDocumentReader:92 - Loading bean definitions
09:29:02,072 DEBUG BeanDefinitionParserDelegate:480 - Neither XML &apos;id&apos; nor &apos;name&apos; specified - using generated bean name [org.mybatis.spring.mapper.MapperScannerConfigurer#0]
09:29:02,074 DEBUG XmlBeanDefinitionReader:224 - Loaded 4 bean definitions from location pattern [classpath:mybatis/spring-dbsource.xml]
09:29:02,074 DEBUG DefaultBeanDefinitionDocumentReader:229 - Imported 4 bean definitions from URL location [classpath:mybatis/spring-dbsource.xml]
09:29:02,075 DEBUG BeanDefinitionParserDelegate:450 - No XML &apos;id&apos; specified - using &apos;transactionManager&apos; as bean name and [] as aliases
09:29:02,092 DEBUG XmlBeanDefinitionReader:224 - Loaded 20 bean definitions from location pattern [classpath:applicationContext.xml]
09:29:02,095  INFO GenericApplicationContext:583 - Refreshing org.springframework.context.support.GenericApplicationContext@68bbe345: startup date [Tue Mar 05 09:29:02 CST 2019]; root of context hierarchy
09:29:02,095 DEBUG GenericApplicationContext:617 - Bean factory for org.springframework.context.support.GenericApplicationContext@68bbe345: org.springframework.beans.factory.support.DefaultListableBeanFactory@23986957: defining beans [testAction,userAction,dynamicSQLService,empService,userService,org.springframework.context.annotation.internalConfigurationAnnotationProcessor,org.springframework.context.annotation.internalAutowiredAnnotationProcessor,org.springframework.context.annotation.internalRequiredAnnotationProcessor,org.springframework.context.annotation.internalCommonAnnotationProcessor,org.springframework.context.event.internalEventListenerProcessor,org.springframework.context.event.internalEventListenerFactory,propertyConfigurer,dataSource,org.mybatis.spring.mapper.MapperScannerConfigurer#0,sqlSessionFactory,transactionManager,txAdvice,org.springframework.aop.config.internalAutoProxyCreator,txPc,org.springframework.aop.support.DefaultBeanFactoryPointcutAdvisor#0]; root of factory hierarchy
09:29:02,118 DEBUG DefaultListableBeanFactory:221 - Creating shared instance of singleton bean &apos;org.springframework.context.annotation.internalConfigurationAnnotationProcessor&apos;
09:29:02,119 DEBUG DefaultListableBeanFactory:449 - Creating instance of bean &apos;org.springframework.context.annotation.internalConfigurationAnnotationProcessor&apos;
09:29:02,131 DEBUG DefaultListableBeanFactory:539 - Eagerly caching bean &apos;org.springframework.context.annotation.internalConfigurationAnnotationProcessor&apos; to allow for resolving potential circular references
09:29:02,132 DEBUG DefaultListableBeanFactory:485 - Finished creating instance of bean &apos;org.springframework.context.annotation.internalConfigurationAnnotationProcessor&apos;
09:29:02,178 DEBUG DefaultListableBeanFactory:221 - Creating shared instance of singleton bean &apos;org.mybatis.spring.mapper.MapperScannerConfigurer#0&apos;
09:29:02,178 DEBUG DefaultListableBeanFactory:449 - Creating instance of bean &apos;org.mybatis.spring.mapper.MapperScannerConfigurer#0&apos;
09:29:02,179 DEBUG DefaultListableBeanFactory:539 - Eagerly caching bean &apos;org.mybatis.spring.mapper.MapperScannerConfigurer#0&apos; to allow for resolving potential circular references
09:29:02,215 DEBUG DefaultListableBeanFactory:1675 - Invoking afterPropertiesSet() on bean with name &apos;org.mybatis.spring.mapper.MapperScannerConfigurer#0&apos;
09:29:02,216 DEBUG DefaultListableBeanFactory:485 - Finished creating instance of bean &apos;org.mybatis.spring.mapper.MapperScannerConfigurer#0&apos;
09:29:02,217 DEBUG StandardEnvironment:106 - Adding PropertySource &apos;systemProperties&apos; with lowest search precedence
09:29:02,217 DEBUG StandardEnvironment:106 - Adding PropertySource &apos;systemEnvironment&apos; with lowest search precedence
09:29:02,223 DEBUG StandardEnvironment:124 - Initialized StandardEnvironment with PropertySources [MapPropertySource@168907708 {name=&apos;systemProperties&apos;, properties={idea.version=2018.2.7, java.runtime.name=Java(TM) SE Runtime Environment, sun.boot.library.path=C:\Program Files\Java\jdk1.8.0_131\jre\bin, java.vm.version=25.131-b11, java.vm.vendor=Oracle Corporation, java.vendor.url=http://java.oracle.com/, path.separator=;, java.vm.name=Java HotSpot(TM) 64-Bit Server VM, file.encoding.pkg=sun.io, user.country=CN, user.script=, sun.java.launcher=SUN_STANDARD, sun.os.patch.level=, java.vm.specification.name=Java Virtual Machine Specification, user.dir=D:\IdeaProjects\fullstack1802\ssmdemo, java.runtime.version=1.8.0_131-b11, basedir=D:\IdeaProjects\fullstack1802\ssmdemo, java.awt.graphicsenv=sun.awt.Win32GraphicsEnvironment, java.endorsed.dirs=C:\Program Files\Java\jdk1.8.0_131\jre\lib\endorsed, os.arch=amd64, surefire.real.class.path=D:\IdeaProjects\fullstack1802\ssmdemo\target\surefire\surefirebooter6061869623725118096.jar, java.io.tmpdir=C:\Users\afang\AppData\Local\Temp\, line.separator=
, java.vm.specification.vendor=Oracle Corporation, user.variant=, os.name=Windows 10, sun.jnu.encoding=GBK, java.library.path=C:\Program Files\Java\jdk1.8.0_131\jre\bin;C:\Windows\Sun\Java\bin;C:\Windows\system32;C:\Windows;C:\Program Files\Java\jdk1.8.0_131\bin;C:\Program Files\Java\jdk1.8.0_131\jre\bin;%M2_HOME%\bin;C:\Program Files\Git\cmd;C:\Users\afang\AppData\Local\Microsoft\WindowsApps;C:\Users\afang\AppData\Roaming\npm;C:\Program Files\MongoDB\Server\4.0\bin;D:\develop\maven-3.5.4\bin;., surefire.test.class.path=D:\IdeaProjects\fullstack1802\ssmdemo\target\test-classes;D:\IdeaProjects\fullstack1802\ssmdemo\target\classes;D:\develop\maven-3.5.4\repository\com\fasterxml\jackson\core\jackson-databind\2.9.7\jackson-databind-2.9.7.jar;D:\develop\maven-3.5.4\repository\com\fasterxml\jackson\core\jackson-annotations\2.9.0\jackson-annotations-2.9.0.jar;D:\develop\maven-3.5.4\repository\com\fasterxml\jackson\core\jackson-core\2.9.7\jackson-core-2.9.7.jar;D:\develop\maven-3.5.4\repository\javax\servlet\javax.servlet-api\3.1.0\javax.servlet-api-3.1.0.jar;D:\develop\maven-3.5.4\repository\javax\servlet\jstl\1.2\jstl-1.2.jar;D:\develop\maven-3.5.4\repository\commons-io\commons-io\2.6\commons-io-2.6.jar;D:\develop\maven-3.5.4\repository\commons-fileupload\commons-fileupload\1.3.3\commons-fileupload-1.3.3.jar;D:\develop\maven-3.5.4\repository\org\springframework\spring-context\4.3.18.RELEASE\spring-context-4.3.18.RELEASE.jar;D:\develop\maven-3.5.4\repository\org\springframework\spring-beans\4.3.18.RELEASE\spring-beans-4.3.18.RELEASE.jar;D:\develop\maven-3.5.4\repository\org\springframework\spring-expression\4.3.18.RELEASE\spring-expression-4.3.18.RELEASE.jar;D:\develop\maven-3.5.4\repository\org\springframework\spring-oxm\4.3.18.RELEASE\spring-oxm-4.3.18.RELEASE.jar;D:\develop\maven-3.5.4\repository\org\springframework\spring-webmvc\4.3.18.RELEASE\spring-webmvc-4.3.18.RELEASE.jar;D:\develop\maven-3.5.4\repository\org\springframework\spring-web\4.3.18.RELEASE\spring-web-4.3.18.RELEASE.jar;D:\develop\maven-3.5.4\repository\org\springframework\spring-test\4.3.18.RELEASE\spring-test-4.3.18.RELEASE.jar;D:\develop\maven-3.5.4\repository\org\springframework\spring-jdbc\4.3.18.RELEASE\spring-jdbc-4.3.18.RELEASE.jar;D:\develop\maven-3.5.4\repository\org\springframework\spring-orm\4.3.18.RELEASE\spring-orm-4.3.18.RELEASE.jar;D:\develop\maven-3.5.4\repository\org\springframework\spring-core\4.3.18.RELEASE\spring-core-4.3.18.RELEASE.jar;D:\develop\maven-3.5.4\repository\commons-logging\commons-logging\1.2\commons-logging-1.2.jar;D:\develop\maven-3.5.4\repository\org\springframework\spring-context-support\4.3.18.RELEASE\spring-context-support-4.3.18.RELEASE.jar;D:\develop\maven-3.5.4\repository\org\springframework\spring-aop\4.3.18.RELEASE\spring-aop-4.3.18.RELEASE.jar;D:\develop\maven-3.5.4\repository\org\springframework\spring-aspects\4.3.18.RELEASE\spring-aspects-4.3.18.RELEASE.jar;D:\develop\maven-3.5.4\repository\org\aspectj\aspectjweaver\1.8.9\aspectjweaver-1.8.9.jar;D:\develop\maven-3.5.4\repository\org\springframework\spring-tx\4.3.18.RELEASE\spring-tx-4.3.18.RELEASE.jar;D:\develop\maven-3.5.4\repository\junit\junit\4.12\junit-4.12.jar;D:\develop\maven-3.5.4\repository\org\hamcrest\hamcrest-core\1.3\hamcrest-core-1.3.jar;D:\develop\maven-3.5.4\repository\org\mybatis\mybatis\3.2.1\mybatis-3.2.1.jar;D:\develop\maven-3.5.4\repository\org\mybatis\mybatis-spring\1.2.0\mybatis-spring-1.2.0.jar;D:\develop\maven-3.5.4\repository\mysql\mysql-connector-java\5.1.29\mysql-connector-java-5.1.29.jar;D:\develop\maven-3.5.4\repository\org\slf4j\slf4j-log4j12\1.7.25\slf4j-log4j12-1.7.25.jar;D:\develop\maven-3.5.4\repository\org\slf4j\slf4j-api\1.7.25\slf4j-api-1.7.25.jar;D:\develop\maven-3.5.4\repository\log4j\log4j\1.2.17\log4j-1.2.17.jar;D:\develop\maven-3.5.4\repository\com\github\pagehelper\pagehelper\5.1.2\pagehelper-5.1.2.jar;D:\develop\maven-3.5.4\repository\com\github\jsqlparser\jsqlparser\1.0\jsqlparser-1.0.jar;, java.specification.name=Java Platform API Specification, java.class.version=52.0, sun.management.compiler=HotSpot 64-Bit Tiered Compilers, os.version=10.0, user.home=C:\Users\afang, user.timezone=Asia/Shanghai, java.awt.printerjob=sun.awt.windows.WPrinterJob, file.encoding=GBK, java.specification.version=1.8, java.class.path=D:\IdeaProjects\fullstack1802\ssmdemo\target\test-classes;D:\IdeaProjects\fullstack1802\ssmdemo\target\classes;D:\develop\maven-3.5.4\repository\com\fasterxml\jackson\core\jackson-databind\2.9.7\jackson-databind-2.9.7.jar;D:\develop\maven-3.5.4\repository\com\fasterxml\jackson\core\jackson-annotations\2.9.0\jackson-annotations-2.9.0.jar;D:\develop\maven-3.5.4\repository\com\fasterxml\jackson\core\jackson-core\2.9.7\jackson-core-2.9.7.jar;D:\develop\maven-3.5.4\repository\javax\servlet\javax.servlet-api\3.1.0\javax.servlet-api-3.1.0.jar;D:\develop\maven-3.5.4\repository\javax\servlet\jstl\1.2\jstl-1.2.jar;D:\develop\maven-3.5.4\repository\commons-io\commons-io\2.6\commons-io-2.6.jar;D:\develop\maven-3.5.4\repository\commons-fileupload\commons-fileupload\1.3.3\commons-fileupload-1.3.3.jar;D:\develop\maven-3.5.4\repository\org\springframework\spring-context\4.3.18.RELEASE\spring-context-4.3.18.RELEASE.jar;D:\develop\maven-3.5.4\repository\org\springframework\spring-beans\4.3.18.RELEASE\spring-beans-4.3.18.RELEASE.jar;D:\develop\maven-3.5.4\repository\org\springframework\spring-expression\4.3.18.RELEASE\spring-expression-4.3.18.RELEASE.jar;D:\develop\maven-3.5.4\repository\org\springframework\spring-oxm\4.3.18.RELEASE\spring-oxm-4.3.18.RELEASE.jar;D:\develop\maven-3.5.4\repository\org\springframework\spring-webmvc\4.3.18.RELEASE\spring-webmvc-4.3.18.RELEASE.jar;D:\develop\maven-3.5.4\repository\org\springframework\spring-web\4.3.18.RELEASE\spring-web-4.3.18.RELEASE.jar;D:\develop\maven-3.5.4\repository\org\springframework\spring-test\4.3.18.RELEASE\spring-test-4.3.18.RELEASE.jar;D:\develop\maven-3.5.4\repository\org\springframework\spring-jdbc\4.3.18.RELEASE\spring-jdbc-4.3.18.RELEASE.jar;D:\develop\maven-3.5.4\repository\org\springframework\spring-orm\4.3.18.RELEASE\spring-orm-4.3.18.RELEASE.jar;D:\develop\maven-3.5.4\repository\org\springframework\spring-core\4.3.18.RELEASE\spring-core-4.3.18.RELEASE.jar;D:\develop\maven-3.5.4\repository\commons-logging\commons-logging\1.2\commons-logging-1.2.jar;D:\develop\maven-3.5.4\repository\org\springframework\spring-context-support\4.3.18.RELEASE\spring-context-support-4.3.18.RELEASE.jar;D:\develop\maven-3.5.4\repository\org\springframework\spring-aop\4.3.18.RELEASE\spring-aop-4.3.18.RELEASE.jar;D:\develop\maven-3.5.4\repository\org\springframework\spring-aspects\4.3.18.RELEASE\spring-aspects-4.3.18.RELEASE.jar;D:\develop\maven-3.5.4\repository\org\aspectj\aspectjweaver\1.8.9\aspectjweaver-1.8.9.jar;D:\develop\maven-3.5.4\repository\org\springframework\spring-tx\4.3.18.RELEASE\spring-tx-4.3.18.RELEASE.jar;D:\develop\maven-3.5.4\repository\junit\junit\4.12\junit-4.12.jar;D:\develop\maven-3.5.4\repository\org\hamcrest\hamcrest-core\1.3\hamcrest-core-1.3.jar;D:\develop\maven-3.5.4\repository\org\mybatis\mybatis\3.2.1\mybatis-3.2.1.jar;D:\develop\maven-3.5.4\repository\org\mybatis\mybatis-spring\1.2.0\mybatis-spring-1.2.0.jar;D:\develop\maven-3.5.4\repository\mysql\mysql-connector-java\5.1.29\mysql-connector-java-5.1.29.jar;D:\develop\maven-3.5.4\repository\org\slf4j\slf4j-log4j12\1.7.25\slf4j-log4j12-1.7.25.jar;D:\develop\maven-3.5.4\repository\org\slf4j\slf4j-api\1.7.25\slf4j-api-1.7.25.jar;D:\develop\maven-3.5.4\repository\log4j\log4j\1.2.17\log4j-1.2.17.jar;D:\develop\maven-3.5.4\repository\com\github\pagehelper\pagehelper\5.1.2\pagehelper-5.1.2.jar;D:\develop\maven-3.5.4\repository\com\github\jsqlparser\jsqlparser\1.0\jsqlparser-1.0.jar;, user.name=afang, java.vm.specification.version=1.8, sun.java.command=D:\IdeaProjects\fullstack1802\ssmdemo\target\surefire\surefirebooter6061869623725118096.jar D:\IdeaProjects\fullstack1802\ssmdemo\target\surefire\surefire1417957670262288684tmp D:\IdeaProjects\fullstack1802\ssmdemo\target\surefire\surefire_064684022231899413tmp, java.home=C:\Program Files\Java\jdk1.8.0_131\jre, sun.arch.data.model=64, user.language=zh, java.specification.vendor=Oracle Corporation, awt.toolkit=sun.awt.windows.WToolkit, java.vm.info=mixed mode, java.version=1.8.0_131, java.ext.dirs=C:\Program Files\Java\jdk1.8.0_131\jre\lib\ext;C:\Windows\Sun\Java\lib\ext, sun.boot.class.path=C:\Program Files\Java\jdk1.8.0_131\jre\lib\resources.jar;C:\Program Files\Java\jdk1.8.0_131\jre\lib\rt.jar;C:\Program Files\Java\jdk1.8.0_131\jre\lib\sunrsasign.jar;C:\Program Files\Java\jdk1.8.0_131\jre\lib\jsse.jar;C:\Program Files\Java\jdk1.8.0_131\jre\lib\jce.jar;C:\Program Files\Java\jdk1.8.0_131\jre\lib\charsets.jar;C:\Program Files\Java\jdk1.8.0_131\jre\lib\jfr.jar;C:\Program Files\Java\jdk1.8.0_131\jre\classes, java.vendor=Oracle Corporation, localRepository=D:\develop\maven-3.5.4\repository, file.separator=\, java.vendor.url.bug=http://bugreport.sun.com/bugreport/, sun.io.unicode.encoding=UnicodeLittle, sun.cpu.endian=little, sun.desktop=windows, sun.cpu.isalist=amd64}}, SystemEnvironmentPropertySource@447718425 {name=&apos;systemEnvironment&apos;, properties={PATH=C:\Program Files\Java\jdk1.8.0_131\bin;C:\Program Files\Java\jdk1.8.0_131\jre\bin;%M2_HOME%\bin;C:\Program Files\Git\cmd;C:\Users\afang\AppData\Local\Microsoft\WindowsApps;C:\Users\afang\AppData\Roaming\npm;C:\Program Files\MongoDB\Server\4.0\bin;D:\develop\maven-3.5.4\bin, USERDOMAIN_ROAMINGPROFILE=DESKTOP-RIGRVBO, LOCALAPPDATA=C:\Users\afang\AppData\Local, PROCESSOR_LEVEL=6, SYSTEMDRIVE=C:, COMMONPROGRAMFILES(X86)=C:\Program Files (x86)\Common Files, USERDOMAIN=DESKTOP-RIGRVBO, LOGONSERVER=\\DESKTOP-RIGRVBO, JAVA_HOME=C:\Program Files\Java\jdk1.8.0_131, PROMPT=$P$G, SESSIONNAME=Console, ALLUSERSPROFILE=C:\ProgramData, PROGRAMFILES(X86)=C:\Program Files (x86), PROCESSOR_ARCHITECTURE=AMD64, PROGRAMFILES=C:\Program Files, APPDATA=C:\Users\afang\AppData\Roaming, PSMODULEPATH=C:\Program Files\WindowsPowerShell\Modules;C:\Windows\system32\WindowsPowerShell\v1.0\Modules, PROGRAMW6432=C:\Program Files, PROGRAMDATA=C:\ProgramData, SYSTEMROOT=C:\Windows, USERNAME=afang, ONEDRIVE=C:\Users\afang\OneDrive, PATHEXT=.COM;.EXE;.BAT;.CMD;.VBS;.VBE;.JS;.JSE;.WSF;.WSH;.MSC, OS=Windows_NT, COMMONPROGRAMW6432=C:\Program Files\Common Files, COMPUTERNAME=DESKTOP-RIGRVBO, COMMONPROGRAMFILES=C:\Program Files\Common Files, COMSPEC=C:\Windows\system32\cmd.exe, PROCESSOR_REVISION=3c03, WINDIR=C:\Windows, CLASS_PATH=C:\Program Files\Java\jdk1.8.0_131\lib;C:\Program Files\Java\jdk1.8.0_131\jre\lib;, =D:=D:\IdeaProjects\fullstack1802\ssmdemo, HOMEPATH=\Users\afang, TEMP=C:\Users\afang\AppData\Local\Temp, HOMEDRIVE=C:, PROCESSOR_IDENTIFIER=Intel64 Family 6 Model 60 Stepping 3, GenuineIntel, USERPROFILE=C:\Users\afang, TMP=C:\Users\afang\AppData\Local\Temp, M2_HOME=D:\develop\maven-3.5.4, PUBLIC=C:\Users\Public, NUMBER_OF_PROCESSORS=8}}]
09:29:02,227 DEBUG PathMatchingResourcePatternResolver:318 - Resolved classpath location [com/company/dao/] to resources [URL [file:/D:/IdeaProjects/fullstack1802/ssmdemo/target/classes/com/company/dao/]]
09:29:02,227 DEBUG PathMatchingResourcePatternResolver:741 - Looking for matching resources in directory tree [D:\IdeaProjects\fullstack1802\ssmdemo\target\classes\com\company\dao]
09:29:02,228 DEBUG PathMatchingResourcePatternResolver:803 - Searching directory [D:\IdeaProjects\fullstack1802\ssmdemo\target\classes\com\company\dao] for files matching pattern [D:/IdeaProjects/fullstack1802/ssmdemo/target/classes/com/company/dao/**/*.class]
09:29:02,229 DEBUG PathMatchingResourcePatternResolver:803 - Searching directory [D:\IdeaProjects\fullstack1802\ssmdemo\target\classes\com\company\dao\pojo] for files matching pattern [D:/IdeaProjects/fullstack1802/ssmdemo/target/classes/com/company/dao/**/*.class]
09:29:02,232 DEBUG PathMatchingResourcePatternResolver:510 - Resolved location pattern [classpath*:com/company/dao/**/*.class] to resources [file [D:\IdeaProjects\fullstack1802\ssmdemo\target\classes\com\company\dao\DynamicSQLDao.class], file [D:\IdeaProjects\fullstack1802\ssmdemo\target\classes\com\company\dao\EmpDao.class], file [D:\IdeaProjects\fullstack1802\ssmdemo\target\classes\com\company\dao\EmpDimissionDao.class], file [D:\IdeaProjects\fullstack1802\ssmdemo\target\classes\com\company\dao\EmpProbationDao.class], file [D:\IdeaProjects\fullstack1802\ssmdemo\target\classes\com\company\dao\JobDao.class], file [D:\IdeaProjects\fullstack1802\ssmdemo\target\classes\com\company\dao\pojo\Dept.class], file [D:\IdeaProjects\fullstack1802\ssmdemo\target\classes\com\company\dao\pojo\Emp.class], file [D:\IdeaProjects\fullstack1802\ssmdemo\target\classes\com\company\dao\pojo\EmpDimission.class], file [D:\IdeaProjects\fullstack1802\ssmdemo\target\classes\com\company\dao\pojo\EmpProbation.class], file [D:\IdeaProjects\fullstack1802\ssmdemo\target\classes\com\company\dao\pojo\Job.class], file [D:\IdeaProjects\fullstack1802\ssmdemo\target\classes\com\company\dao\pojo\Product.class], file [D:\IdeaProjects\fullstack1802\ssmdemo\target\classes\com\company\dao\pojo\User.class], file [D:\IdeaProjects\fullstack1802\ssmdemo\target\classes\com\company\dao\ProductDao.class], file [D:\IdeaProjects\fullstack1802\ssmdemo\target\classes\com\company\dao\UserDao.class]]
09:29:02,234 DEBUG ClassPathMapperScanner:294 - Identified candidate component class: file [D:\IdeaProjects\fullstack1802\ssmdemo\target\classes\com\company\dao\DynamicSQLDao.class]
09:29:02,235 DEBUG ClassPathMapperScanner:294 - Identified candidate component class: file [D:\IdeaProjects\fullstack1802\ssmdemo\target\classes\com\company\dao\EmpDao.class]
09:29:02,236 DEBUG ClassPathMapperScanner:294 - Identified candidate component class: file [D:\IdeaProjects\fullstack1802\ssmdemo\target\classes\com\company\dao\EmpDimissionDao.class]
09:29:02,237 DEBUG ClassPathMapperScanner:294 - Identified candidate component class: file [D:\IdeaProjects\fullstack1802\ssmdemo\target\classes\com\company\dao\EmpProbationDao.class]
09:29:02,238 DEBUG ClassPathMapperScanner:294 - Identified candidate component class: file [D:\IdeaProjects\fullstack1802\ssmdemo\target\classes\com\company\dao\JobDao.class]
09:29:02,239 DEBUG ClassPathMapperScanner:300 - Ignored because not a concrete top-level class: file [D:\IdeaProjects\fullstack1802\ssmdemo\target\classes\com\company\dao\pojo\Dept.class]
09:29:02,239 DEBUG ClassPathMapperScanner:300 - Ignored because not a concrete top-level class: file [D:\IdeaProjects\fullstack1802\ssmdemo\target\classes\com\company\dao\pojo\Emp.class]
09:29:02,240 DEBUG ClassPathMapperScanner:300 - Ignored because not a concrete top-level class: file [D:\IdeaProjects\fullstack1802\ssmdemo\target\classes\com\company\dao\pojo\EmpDimission.class]
09:29:02,240 DEBUG ClassPathMapperScanner:300 - Ignored because not a concrete top-level class: file [D:\IdeaProjects\fullstack1802\ssmdemo\target\classes\com\company\dao\pojo\EmpProbation.class]
09:29:02,241 DEBUG ClassPathMapperScanner:300 - Ignored because not a concrete top-level class: file [D:\IdeaProjects\fullstack1802\ssmdemo\target\classes\com\company\dao\pojo\Job.class]
09:29:02,241 DEBUG ClassPathMapperScanner:300 - Ignored because not a concrete top-level class: file [D:\IdeaProjects\fullstack1802\ssmdemo\target\classes\com\company\dao\pojo\Product.class]
09:29:02,242 DEBUG ClassPathMapperScanner:300 - Ignored because not a concrete top-level class: file [D:\IdeaProjects\fullstack1802\ssmdemo\target\classes\com\company\dao\pojo\User.class]
09:29:02,242 DEBUG ClassPathMapperScanner:294 - Identified candidate component class: file [D:\IdeaProjects\fullstack1802\ssmdemo\target\classes\com\company\dao\ProductDao.class]
09:29:02,243 DEBUG ClassPathMapperScanner:294 - Identified candidate component class: file [D:\IdeaProjects\fullstack1802\ssmdemo\target\classes\com\company\dao\UserDao.class]
09:29:02,243 DEBUG ClassPathMapperScanner:161 - Creating MapperFactoryBean with name &apos;dynamicSQLDao&apos; and &apos;com.company.dao.DynamicSQLDao&apos; mapperInterface
09:29:02,245 DEBUG ClassPathMapperScanner:197 - Enabling autowire by type for MapperFactoryBean with name &apos;dynamicSQLDao&apos;.
09:29:02,246 DEBUG ClassPathMapperScanner:161 - Creating MapperFactoryBean with name &apos;empDao&apos; and &apos;com.company.dao.EmpDao&apos; mapperInterface
09:29:02,247 DEBUG ClassPathMapperScanner:197 - Enabling autowire by type for MapperFactoryBean with name &apos;empDao&apos;.
09:29:02,248 DEBUG ClassPathMapperScanner:161 - Creating MapperFactoryBean with name &apos;empDimissionDao&apos; and &apos;com.company.dao.EmpDimissionDao&apos; mapperInterface
09:29:02,249 DEBUG ClassPathMapperScanner:197 - Enabling autowire by type for MapperFactoryBean with name &apos;empDimissionDao&apos;.
09:29:02,250 DEBUG ClassPathMapperScanner:161 - Creating MapperFactoryBean with name &apos;empProbationDao&apos; and &apos;com.company.dao.EmpProbationDao&apos; mapperInterface
09:29:02,250 DEBUG ClassPathMapperScanner:197 - Enabling autowire by type for MapperFactoryBean with name &apos;empProbationDao&apos;.
09:29:02,250 DEBUG ClassPathMapperScanner:161 - Creating MapperFactoryBean with name &apos;jobDao&apos; and &apos;com.company.dao.JobDao&apos; mapperInterface
09:29:02,250 DEBUG ClassPathMapperScanner:197 - Enabling autowire by type for MapperFactoryBean with name &apos;jobDao&apos;.
09:29:02,251 DEBUG ClassPathMapperScanner:161 - Creating MapperFactoryBean with name &apos;productDao&apos; and &apos;com.company.dao.ProductDao&apos; mapperInterface
09:29:02,251 DEBUG ClassPathMapperScanner:197 - Enabling autowire by type for MapperFactoryBean with name &apos;productDao&apos;.
09:29:02,251 DEBUG ClassPathMapperScanner:161 - Creating MapperFactoryBean with name &apos;userDao&apos; and &apos;com.company.dao.UserDao&apos; mapperInterface
09:29:02,251 DEBUG ClassPathMapperScanner:197 - Enabling autowire by type for MapperFactoryBean with name &apos;userDao&apos;.
09:29:02,253 DEBUG DefaultListableBeanFactory:221 - Creating shared instance of singleton bean &apos;propertyConfigurer&apos;
09:29:02,253 DEBUG DefaultListableBeanFactory:449 - Creating instance of bean &apos;propertyConfigurer&apos;
09:29:02,255 DEBUG DefaultListableBeanFactory:539 - Eagerly caching bean &apos;propertyConfigurer&apos; to allow for resolving potential circular references
09:29:02,267 DEBUG PathMatchingResourcePatternResolver:741 - Looking for matching resources in directory tree [D:\IdeaProjects\fullstack1802\ssmdemo\target\classes\properties]
09:29:02,268 DEBUG PathMatchingResourcePatternResolver:803 - Searching directory [D:\IdeaProjects\fullstack1802\ssmdemo\target\classes\properties] for files matching pattern [D:/IdeaProjects/fullstack1802/ssmdemo/target/classes/properties/*.properties]
09:29:02,269 DEBUG PathMatchingResourcePatternResolver:510 - Resolved location pattern [classpath:properties/*.properties] to resources [file [D:\IdeaProjects\fullstack1802\ssmdemo\target\classes\properties\jdbc.properties], file [D:\IdeaProjects\fullstack1802\ssmdemo\target\classes\properties\mybatis_generator_db.properties]]
09:29:02,270 DEBUG DefaultListableBeanFactory:485 - Finished creating instance of bean &apos;propertyConfigurer&apos;
09:29:02,271 DEBUG PropertyPlaceholderConfigurer:174 - Loading properties file from file [D:\IdeaProjects\fullstack1802\ssmdemo\target\classes\properties\jdbc.properties]
09:29:02,272 DEBUG PropertyPlaceholderConfigurer:174 - Loading properties file from file [D:\IdeaProjects\fullstack1802\ssmdemo\target\classes\properties\mybatis_generator_db.properties]
09:29:02,277 DEBUG DefaultListableBeanFactory:221 - Creating shared instance of singleton bean &apos;org.springframework.context.annotation.internalAutowiredAnnotationProcessor&apos;
09:29:02,278 DEBUG DefaultListableBeanFactory:449 - Creating instance of bean &apos;org.springframework.context.annotation.internalAutowiredAnnotationProcessor&apos;
09:29:02,278 DEBUG DefaultListableBeanFactory:539 - Eagerly caching bean &apos;org.springframework.context.annotation.internalAutowiredAnnotationProcessor&apos; to allow for resolving potential circular references
09:29:02,285 DEBUG DefaultListableBeanFactory:485 - Finished creating instance of bean &apos;org.springframework.context.annotation.internalAutowiredAnnotationProcessor&apos;
09:29:02,285 DEBUG DefaultListableBeanFactory:221 - Creating shared instance of singleton bean &apos;org.springframework.context.annotation.internalRequiredAnnotationProcessor&apos;
09:29:02,286 DEBUG DefaultListableBeanFactory:449 - Creating instance of bean &apos;org.springframework.context.annotation.internalRequiredAnnotationProcessor&apos;
09:29:02,287 DEBUG DefaultListableBeanFactory:539 - Eagerly caching bean &apos;org.springframework.context.annotation.internalRequiredAnnotationProcessor&apos; to allow for resolving potential circular references
09:29:02,291 DEBUG DefaultListableBeanFactory:485 - Finished creating instance of bean &apos;org.springframework.context.annotation.internalRequiredAnnotationProcessor&apos;
09:29:02,292 DEBUG DefaultListableBeanFactory:221 - Creating shared instance of singleton bean &apos;org.springframework.context.annotation.internalCommonAnnotationProcessor&apos;
09:29:02,292 DEBUG DefaultListableBeanFactory:449 - Creating instance of bean &apos;org.springframework.context.annotation.internalCommonAnnotationProcessor&apos;
09:29:02,297 DEBUG DefaultListableBeanFactory:539 - Eagerly caching bean &apos;org.springframework.context.annotation.internalCommonAnnotationProcessor&apos; to allow for resolving potential circular references
09:29:02,306 DEBUG DefaultListableBeanFactory:485 - Finished creating instance of bean &apos;org.springframework.context.annotation.internalCommonAnnotationProcessor&apos;
09:29:02,307 DEBUG DefaultListableBeanFactory:221 - Creating shared instance of singleton bean &apos;org.springframework.aop.config.internalAutoProxyCreator&apos;
09:29:02,307 DEBUG DefaultListableBeanFactory:449 - Creating instance of bean &apos;org.springframework.aop.config.internalAutoProxyCreator&apos;
09:29:02,318 DEBUG DefaultListableBeanFactory:539 - Eagerly caching bean &apos;org.springframework.aop.config.internalAutoProxyCreator&apos; to allow for resolving potential circular references
09:29:02,327 DEBUG DefaultListableBeanFactory:485 - Finished creating instance of bean &apos;org.springframework.aop.config.internalAutoProxyCreator&apos;
09:29:02,329 DEBUG GenericApplicationContext:734 - Unable to locate MessageSource with name &apos;messageSource&apos;: using default [org.springframework.context.support.DelegatingMessageSource@1a677343]
09:29:02,331 DEBUG GenericApplicationContext:758 - Unable to locate ApplicationEventMulticaster with name &apos;applicationEventMulticaster&apos;: using default [org.springframework.context.event.SimpleApplicationEventMulticaster@4d1c00d0]
09:29:02,332 DEBUG DefaultListableBeanFactory:730 - Pre-instantiating singletons in org.springframework.beans.factory.support.DefaultListableBeanFactory@23986957: defining beans [testAction,userAction,dynamicSQLService,empService,userService,org.springframework.context.annotation.internalConfigurationAnnotationProcessor,org.springframework.context.annotation.internalAutowiredAnnotationProcessor,org.springframework.context.annotation.internalRequiredAnnotationProcessor,org.springframework.context.annotation.internalCommonAnnotationProcessor,org.springframework.context.event.internalEventListenerProcessor,org.springframework.context.event.internalEventListenerFactory,propertyConfigurer,dataSource,org.mybatis.spring.mapper.MapperScannerConfigurer#0,sqlSessionFactory,transactionManager,txAdvice,org.springframework.aop.config.internalAutoProxyCreator,txPc,org.springframework.aop.support.DefaultBeanFactoryPointcutAdvisor#0,dynamicSQLDao,empDao,empDimissionDao,empProbationDao,jobDao,productDao,userDao]; root of factory hierarchy
09:29:02,333 DEBUG DefaultListableBeanFactory:221 - Creating shared instance of singleton bean &apos;testAction&apos;
09:29:02,333 DEBUG DefaultListableBeanFactory:449 - Creating instance of bean &apos;testAction&apos;
09:29:02,334 DEBUG DefaultListableBeanFactory:221 - Creating shared instance of singleton bean &apos;org.springframework.aop.support.DefaultBeanFactoryPointcutAdvisor#0&apos;
09:29:02,334 DEBUG DefaultListableBeanFactory:449 - Creating instance of bean &apos;org.springframework.aop.support.DefaultBeanFactoryPointcutAdvisor#0&apos;
09:29:02,335 DEBUG DefaultListableBeanFactory:539 - Eagerly caching bean &apos;org.springframework.aop.support.DefaultBeanFactoryPointcutAdvisor#0&apos; to allow for resolving potential circular references
09:29:02,339 DEBUG DefaultListableBeanFactory:449 - Creating instance of bean &apos;txPc&apos;
09:29:02,352 DEBUG DefaultListableBeanFactory:485 - Finished creating instance of bean &apos;txPc&apos;
09:29:02,353 DEBUG DefaultListableBeanFactory:485 - Finished creating instance of bean &apos;org.springframework.aop.support.DefaultBeanFactoryPointcutAdvisor#0&apos;
09:29:02,358 DEBUG DefaultListableBeanFactory:539 - Eagerly caching bean &apos;testAction&apos; to allow for resolving potential circular references
09:29:02,359 DEBUG DefaultListableBeanFactory:251 - Returning cached instance of singleton bean &apos;org.springframework.aop.support.DefaultBeanFactoryPointcutAdvisor#0&apos;
09:29:02,360 DEBUG DefaultListableBeanFactory:251 - Returning cached instance of singleton bean &apos;org.springframework.aop.support.DefaultBeanFactoryPointcutAdvisor#0&apos;
09:29:02,514 DEBUG DefaultListableBeanFactory:485 - Finished creating instance of bean &apos;testAction&apos;
09:29:02,514 DEBUG DefaultListableBeanFactory:221 - Creating shared instance of singleton bean &apos;userAction&apos;
09:29:02,515 DEBUG DefaultListableBeanFactory:449 - Creating instance of bean &apos;userAction&apos;
09:29:02,515 DEBUG DefaultListableBeanFactory:251 - Returning cached instance of singleton bean &apos;org.springframework.aop.support.DefaultBeanFactoryPointcutAdvisor#0&apos;
09:29:02,519 DEBUG InjectionMetadata:72 - Registered injected element on class [com.company.action.UserAction]: AutowiredFieldElement for com.company.service.iservice.UserService com.company.action.UserAction.userService
09:29:02,519 DEBUG DefaultListableBeanFactory:539 - Eagerly caching bean &apos;userAction&apos; to allow for resolving potential circular references
09:29:02,521 DEBUG InjectionMetadata:86 - Processing injected element of bean &apos;userAction&apos;: AutowiredFieldElement for com.company.service.iservice.UserService com.company.action.UserAction.userService
09:29:02,524 DEBUG DefaultListableBeanFactory:251 - Returning cached instance of singleton bean &apos;org.springframework.aop.support.DefaultBeanFactoryPointcutAdvisor#0&apos;
09:29:02,530 DEBUG LogFactory:115 - Logging initialized using &apos;class org.apache.ibatis.logging.slf4j.Slf4jImpl&apos; adapter.
09:29:02,533 DEBUG DefaultListableBeanFactory:251 - Returning cached instance of singleton bean &apos;org.springframework.aop.support.DefaultBeanFactoryPointcutAdvisor#0&apos;
09:29:02,534 DEBUG DefaultListableBeanFactory:221 - Creating shared instance of singleton bean &apos;dynamicSQLDao&apos;
09:29:02,534 DEBUG DefaultListableBeanFactory:449 - Creating instance of bean &apos;dynamicSQLDao&apos;
09:29:02,535 DEBUG DefaultListableBeanFactory:539 - Eagerly caching bean &apos;dynamicSQLDao&apos; to allow for resolving potential circular references
09:29:02,544 DEBUG DefaultListableBeanFactory:251 - Returning cached instance of singleton bean &apos;org.springframework.aop.support.DefaultBeanFactoryPointcutAdvisor#0&apos;
09:29:02,545 DEBUG DefaultListableBeanFactory:221 - Creating shared instance of singleton bean &apos;empDao&apos;
09:29:02,545 DEBUG DefaultListableBeanFactory:449 - Creating instance of bean &apos;empDao&apos;
09:29:02,546 DEBUG DefaultListableBeanFactory:539 - Eagerly caching bean &apos;empDao&apos; to allow for resolving potential circular references
09:29:02,547 DEBUG DefaultListableBeanFactory:251 - Returning cached instance of singleton bean &apos;org.springframework.aop.support.DefaultBeanFactoryPointcutAdvisor#0&apos;
09:29:02,548 DEBUG DefaultListableBeanFactory:221 - Creating shared instance of singleton bean &apos;empDimissionDao&apos;
09:29:02,548 DEBUG DefaultListableBeanFactory:449 - Creating instance of bean &apos;empDimissionDao&apos;
09:29:02,549 DEBUG DefaultListableBeanFactory:539 - Eagerly caching bean &apos;empDimissionDao&apos; to allow for resolving potential circular references
09:29:02,550 DEBUG DefaultListableBeanFactory:251 - Returning cached instance of singleton bean &apos;org.springframework.aop.support.DefaultBeanFactoryPointcutAdvisor#0&apos;
09:29:02,550 DEBUG DefaultListableBeanFactory:221 - Creating shared instance of singleton bean &apos;empProbationDao&apos;
09:29:02,550 DEBUG DefaultListableBeanFactory:449 - Creating instance of bean &apos;empProbationDao&apos;
09:29:02,551 DEBUG DefaultListableBeanFactory:539 - Eagerly caching bean &apos;empProbationDao&apos; to allow for resolving potential circular references
09:29:02,552 DEBUG DefaultListableBeanFactory:251 - Returning cached instance of singleton bean &apos;org.springframework.aop.support.DefaultBeanFactoryPointcutAdvisor#0&apos;
09:29:02,552 DEBUG DefaultListableBeanFactory:221 - Creating shared instance of singleton bean &apos;jobDao&apos;
09:29:02,553 DEBUG DefaultListableBeanFactory:449 - Creating instance of bean &apos;jobDao&apos;
09:29:02,553 DEBUG DefaultListableBeanFactory:539 - Eagerly caching bean &apos;jobDao&apos; to allow for resolving potential circular references
09:29:02,554 DEBUG DefaultListableBeanFactory:251 - Returning cached instance of singleton bean &apos;org.springframework.aop.support.DefaultBeanFactoryPointcutAdvisor#0&apos;
09:29:02,555 DEBUG DefaultListableBeanFactory:221 - Creating shared instance of singleton bean &apos;productDao&apos;
09:29:02,556 DEBUG DefaultListableBeanFactory:449 - Creating instance of bean &apos;productDao&apos;
09:29:02,556 DEBUG DefaultListableBeanFactory:539 - Eagerly caching bean &apos;productDao&apos; to allow for resolving potential circular references
09:29:02,558 DEBUG DefaultListableBeanFactory:251 - Returning cached instance of singleton bean &apos;org.springframework.aop.support.DefaultBeanFactoryPointcutAdvisor#0&apos;
09:29:02,558 DEBUG DefaultListableBeanFactory:221 - Creating shared instance of singleton bean &apos;userDao&apos;
09:29:02,559 DEBUG DefaultListableBeanFactory:449 - Creating instance of bean &apos;userDao&apos;
09:29:02,559 DEBUG DefaultListableBeanFactory:539 - Eagerly caching bean &apos;userDao&apos; to allow for resolving potential circular references
09:29:02,560 DEBUG DefaultListableBeanFactory:221 - Creating shared instance of singleton bean &apos;sqlSessionFactory&apos;
09:29:02,560 DEBUG DefaultListableBeanFactory:449 - Creating instance of bean &apos;sqlSessionFactory&apos;
09:29:02,561 DEBUG DefaultListableBeanFactory:251 - Returning cached instance of singleton bean &apos;org.springframework.aop.support.DefaultBeanFactoryPointcutAdvisor#0&apos;
09:29:02,562 DEBUG DefaultListableBeanFactory:539 - Eagerly caching bean &apos;sqlSessionFactory&apos; to allow for resolving potential circular references
09:29:02,567 DEBUG DefaultListableBeanFactory:221 - Creating shared instance of singleton bean &apos;dataSource&apos;
09:29:02,568 DEBUG DefaultListableBeanFactory:449 - Creating instance of bean &apos;dataSource&apos;
09:29:02,568 DEBUG DefaultListableBeanFactory:251 - Returning cached instance of singleton bean &apos;org.springframework.aop.support.DefaultBeanFactoryPointcutAdvisor#0&apos;
09:29:02,570 DEBUG DefaultListableBeanFactory:539 - Eagerly caching bean &apos;dataSource&apos; to allow for resolving potential circular references
09:29:02,579  INFO DriverManagerDataSource:133 - Loaded JDBC driver: com.mysql.jdbc.Driver
09:29:02,580 DEBUG DefaultListableBeanFactory:251 - Returning cached instance of singleton bean &apos;org.springframework.aop.support.DefaultBeanFactoryPointcutAdvisor#0&apos;
09:29:02,581 DEBUG DefaultListableBeanFactory:251 - Returning cached instance of singleton bean &apos;org.springframework.aop.support.DefaultBeanFactoryPointcutAdvisor#0&apos;
09:29:02,591 DEBUG DefaultListableBeanFactory:485 - Finished creating instance of bean &apos;dataSource&apos;
09:29:02,592 DEBUG PathMatchingResourcePatternResolver:741 - Looking for matching resources in directory tree [D:\IdeaProjects\fullstack1802\ssmdemo\target\classes\mapper]
09:29:02,593 DEBUG PathMatchingResourcePatternResolver:803 - Searching directory [D:\IdeaProjects\fullstack1802\ssmdemo\target\classes\mapper] for files matching pattern [D:/IdeaProjects/fullstack1802/ssmdemo/target/classes/mapper/*.xml]
09:29:02,594 DEBUG PathMatchingResourcePatternResolver:510 - Resolved location pattern [classpath:mapper/*.xml] to resources [file [D:\IdeaProjects\fullstack1802\ssmdemo\target\classes\mapper\DynamicSQLDao.xml], file [D:\IdeaProjects\fullstack1802\ssmdemo\target\classes\mapper\EmpDao.xml], file [D:\IdeaProjects\fullstack1802\ssmdemo\target\classes\mapper\EmpDimissionDao.xml], file [D:\IdeaProjects\fullstack1802\ssmdemo\target\classes\mapper\EmpProbationDao.xml], file [D:\IdeaProjects\fullstack1802\ssmdemo\target\classes\mapper\JobDao.xml], file [D:\IdeaProjects\fullstack1802\ssmdemo\target\classes\mapper\ProductDao.xml], file [D:\IdeaProjects\fullstack1802\ssmdemo\target\classes\mapper\user-mapper.xml]]
09:29:02,595 DEBUG DefaultListableBeanFactory:1675 - Invoking afterPropertiesSet() on bean with name &apos;sqlSessionFactory&apos;
09:29:02,685 DEBUG SqlSessionFactoryBean:427 - Parsed configuration file: &apos;class path resource [mybatis/mybatis-config.xml]&apos;
09:29:02,686 DEBUG DriverManagerDataSource:142 - Creating new JDBC DriverManager Connection to [jdbc:mysql://localhost:3306/test]
09:29:02,868 ERROR BaseExecutor:51 - Could not get a databaseId from dataSource
java.sql.SQLException: Access denied for user &apos;root&apos;@&apos;localhost&apos; (using password: YES)
	at com.mysql.jdbc.SQLError.createSQLException(SQLError.java:1086)
	at com.mysql.jdbc.MysqlIO.checkErrorPacket(MysqlIO.java:4237)
	at com.mysql.jdbc.MysqlIO.checkErrorPacket(MysqlIO.java:4169)
	at com.mysql.jdbc.MysqlIO.checkErrorPacket(MysqlIO.java:928)
	at com.mysql.jdbc.MysqlIO.proceedHandshakeWithPluggableAuthentication(MysqlIO.java:1750)
	at com.mysql.jdbc.MysqlIO.doHandshake(MysqlIO.java:1290)
	at com.mysql.jdbc.ConnectionImpl.coreConnect(ConnectionImpl.java:2502)
	at com.mysql.jdbc.ConnectionImpl.connectOneTryOnly(ConnectionImpl.java:2535)
	at com.mysql.jdbc.ConnectionImpl.createNewIO(ConnectionImpl.java:2320)
	at com.mysql.jdbc.ConnectionImpl.&lt;init&gt;(ConnectionImpl.java:834)
	at com.mysql.jdbc.JDBC4Connection.&lt;init&gt;(JDBC4Connection.java:46)
	at sun.reflect.NativeConstructorAccessorImpl.newInstance0(Native Method)
	at sun.reflect.NativeConstructorAccessorImpl.newInstance(NativeConstructorAccessorImpl.java:62)
	at sun.reflect.DelegatingConstructorAccessorImpl.newInstance(DelegatingConstructorAccessorImpl.java:45)
	at java.lang.reflect.Constructor.newInstance(Constructor.java:423)
	at com.mysql.jdbc.Util.handleNewInstance(Util.java:411)
	at com.mysql.jdbc.ConnectionImpl.getInstance(ConnectionImpl.java:416)
	at com.mysql.jdbc.NonRegisteringDriver.connect(NonRegisteringDriver.java:347)
	at java.sql.DriverManager.getConnection(DriverManager.java:664)
	at java.sql.DriverManager.getConnection(DriverManager.java:208)
	at org.springframework.jdbc.datasource.DriverManagerDataSource.getConnectionFromDriverManager(DriverManagerDataSource.java:153)
	at org.springframework.jdbc.datasource.DriverManagerDataSource.getConnectionFromDriver(DriverManagerDataSource.java:144)
	at org.springframework.jdbc.datasource.AbstractDriverBasedDataSource.getConnectionFromDriver(AbstractDriverBasedDataSource.java:196)
	at org.springframework.jdbc.datasource.AbstractDriverBasedDataSource.getConnection(AbstractDriverBasedDataSource.java:159)
	at org.apache.ibatis.mapping.VendorDatabaseIdProvider.getDatabaseProductName(VendorDatabaseIdProvider.java:76)
	at org.apache.ibatis.mapping.VendorDatabaseIdProvider.getDatabaseName(VendorDatabaseIdProvider.java:61)
	at org.apache.ibatis.mapping.VendorDatabaseIdProvider.getDatabaseId(VendorDatabaseIdProvider.java:49)
	at org.mybatis.spring.SqlSessionFactoryBean.buildSqlSessionFactory(SqlSessionFactoryBean.java:445)
	at org.mybatis.spring.SqlSessionFactoryBean.afterPropertiesSet(SqlSessionFactoryBean.java:336)
	at org.springframework.beans.factory.support.AbstractAutowireCapableBeanFactory.invokeInitMethods(AbstractAutowireCapableBeanFactory.java:1692)
	at org.springframework.beans.factory.support.AbstractAutowireCapableBeanFactory.initializeBean(AbstractAutowireCapableBeanFactory.java:1630)
	at org.springframework.beans.factory.support.AbstractAutowireCapableBeanFactory.doCreateBean(AbstractAutowireCapableBeanFactory.java:555)
	at org.springframework.beans.factory.support.AbstractAutowireCapableBeanFactory.createBean(AbstractAutowireCapableBeanFactory.java:483)
	at org.springframework.beans.factory.support.AbstractBeanFactory$1.getObject(AbstractBeanFactory.java:312)
	at org.springframework.beans.factory.support.DefaultSingletonBeanRegistry.getSingleton(DefaultSingletonBeanRegistry.java:230)
	at org.springframework.beans.factory.support.AbstractBeanFactory.doGetBean(AbstractBeanFactory.java:308)
	at org.springframework.beans.factory.support.AbstractBeanFactory.getBean(AbstractBeanFactory.java:202)
	at org.springframework.beans.factory.config.DependencyDescriptor.resolveCandidate(DependencyDescriptor.java:208)
	at org.springframework.beans.factory.support.DefaultListableBeanFactory.doResolveDependency(DefaultListableBeanFactory.java:1138)
	at org.springframework.beans.factory.support.DefaultListableBeanFactory.resolveDependency(DefaultListableBeanFactory.java:1066)
	at org.springframework.beans.factory.support.AbstractAutowireCapableBeanFactory.autowireByType(AbstractAutowireCapableBeanFactory.java:1350)
	at org.springframework.beans.factory.support.AbstractAutowireCapableBeanFactory.populateBean(AbstractAutowireCapableBeanFactory.java:1257)
	at org.springframework.beans.factory.support.AbstractAutowireCapableBeanFactory.doCreateBean(AbstractAutowireCapableBeanFactory.java:553)
	at org.springframework.beans.factory.support.AbstractAutowireCapableBeanFactory.createBean(AbstractAutowireCapableBeanFactory.java:483)
	at org.springframework.beans.factory.support.AbstractBeanFactory$1.getObject(AbstractBeanFactory.java:312)
	at org.springframework.beans.factory.support.DefaultSingletonBeanRegistry.getSingleton(DefaultSingletonBeanRegistry.java:230)
	at org.springframework.beans.factory.support.AbstractBeanFactory.doGetBean(AbstractBeanFactory.java:308)
	at org.springframework.beans.factory.support.AbstractBeanFactory.getTypeForFactoryBean(AbstractBeanFactory.java:1514)
	at org.springframework.beans.factory.support.AbstractAutowireCapableBeanFactory.getTypeForFactoryBean(AbstractAutowireCapableBeanFactory.java:820)
	at org.springframework.beans.factory.support.AbstractBeanFactory.isTypeMatch(AbstractBeanFactory.java:564)
	at org.springframework.beans.factory.support.DefaultListableBeanFactory.doGetBeanNamesForType(DefaultListableBeanFactory.java:432)
	at org.springframework.beans.factory.support.DefaultListableBeanFactory.getBeanNamesForType(DefaultListableBeanFactory.java:403)
	at org.springframework.beans.factory.BeanFactoryUtils.beanNamesForTypeIncludingAncestors(BeanFactoryUtils.java:206)
	at org.springframework.beans.factory.support.DefaultListableBeanFactory.findAutowireCandidates(DefaultListableBeanFactory.java:1267)
	at org.springframework.beans.factory.support.DefaultListableBeanFactory.doResolveDependency(DefaultListableBeanFactory.java:1101)
	at org.springframework.beans.factory.support.DefaultListableBeanFactory.resolveDependency(DefaultListableBeanFactory.java:1066)
	at org.springframework.beans.factory.support.AbstractAutowireCapableBeanFactory.autowireByType(AbstractAutowireCapableBeanFactory.java:1350)
	at org.springframework.beans.factory.support.AbstractAutowireCapableBeanFactory.populateBean(AbstractAutowireCapableBeanFactory.java:1257)
	at org.springframework.beans.factory.support.AbstractAutowireCapableBeanFactory.doCreateBean(AbstractAutowireCapableBeanFactory.java:553)
	at org.springframework.beans.factory.support.AbstractAutowireCapableBeanFactory.createBean(AbstractAutowireCapableBeanFactory.java:483)
	at org.springframework.beans.factory.support.AbstractBeanFactory$1.getObject(AbstractBeanFactory.java:312)
	at org.springframework.beans.factory.support.DefaultSingletonBeanRegistry.getSingleton(DefaultSingletonBeanRegistry.java:230)
	at org.springframework.beans.factory.support.AbstractBeanFactory.doGetBean(AbstractBeanFactory.java:308)
	at org.springframework.beans.factory.support.AbstractBeanFactory.getTypeForFactoryBean(AbstractBeanFactory.java:1514)
	at org.springframework.beans.factory.support.AbstractAutowireCapableBeanFactory.getTypeForFactoryBean(AbstractAutowireCapableBeanFactory.java:820)
	at org.springframework.beans.factory.support.AbstractBeanFactory.isTypeMatch(AbstractBeanFactory.java:564)
	at org.springframework.beans.factory.support.DefaultListableBeanFactory.doGetBeanNamesForType(DefaultListableBeanFactory.java:432)
	at org.springframework.beans.factory.support.DefaultListableBeanFactory.getBeanNamesForType(DefaultListableBeanFactory.java:403)
	at org.springframework.beans.factory.BeanFactoryUtils.beanNamesForTypeIncludingAncestors(BeanFactoryUtils.java:206)
	at org.springframework.beans.factory.support.DefaultListableBeanFactory.findAutowireCandidates(DefaultListableBeanFactory.java:1267)
	at org.springframework.beans.factory.support.DefaultListableBeanFactory.doResolveDependency(DefaultListableBeanFactory.java:1101)
	at org.springframework.beans.factory.support.DefaultListableBeanFactory.resolveDependency(DefaultListableBeanFactory.java:1066)
	at org.springframework.beans.factory.support.AbstractAutowireCapableBeanFactory.autowireByType(AbstractAutowireCapableBeanFactory.java:1350)
	at org.springframework.beans.factory.support.AbstractAutowireCapableBeanFactory.populateBean(AbstractAutowireCapableBeanFactory.java:1257)
	at org.springframework.beans.factory.support.AbstractAutowireCapableBeanFactory.doCreateBean(AbstractAutowireCapableBeanFactory.java:553)
	at org.springframework.beans.factory.support.AbstractAutowireCapableBeanFactory.createBean(AbstractAutowireCapableBeanFactory.java:483)
	at org.springframework.beans.factory.support.AbstractBeanFactory$1.getObject(AbstractBeanFactory.java:312)
	at org.springframework.beans.factory.support.DefaultSingletonBeanRegistry.getSingleton(DefaultSingletonBeanRegistry.java:230)
	at org.springframework.beans.factory.support.AbstractBeanFactory.doGetBean(AbstractBeanFactory.java:308)
	at org.springframework.beans.factory.support.AbstractBeanFactory.getTypeForFactoryBean(AbstractBeanFactory.java:1514)
	at org.springframework.beans.factory.support.AbstractAutowireCapableBeanFactory.getTypeForFactoryBean(AbstractAutowireCapableBeanFactory.java:820)
	at org.springframework.beans.factory.support.AbstractBeanFactory.isTypeMatch(AbstractBeanFactory.java:564)
	at org.springframework.beans.factory.support.DefaultListableBeanFactory.doGetBeanNamesForType(DefaultListableBeanFactory.java:432)
	at org.springframework.beans.factory.support.DefaultListableBeanFactory.getBeanNamesForType(DefaultListableBeanFactory.java:403)
	at org.springframework.beans.factory.BeanFactoryUtils.beanNamesForTypeIncludingAncestors(BeanFactoryUtils.java:206)
	at org.springframework.beans.factory.support.DefaultListableBeanFactory.findAutowireCandidates(DefaultListableBeanFactory.java:1267)
	at org.springframework.beans.factory.support.DefaultListableBeanFactory.doResolveDependency(DefaultListableBeanFactory.java:1101)
	at org.springframework.beans.factory.support.DefaultListableBeanFactory.resolveDependency(DefaultListableBeanFactory.java:1066)
	at org.springframework.beans.factory.support.AbstractAutowireCapableBeanFactory.autowireByType(AbstractAutowireCapableBeanFactory.java:1350)
	at org.springframework.beans.factory.support.AbstractAutowireCapableBeanFactory.populateBean(AbstractAutowireCapableBeanFactory.java:1257)
	at org.springframework.beans.factory.support.AbstractAutowireCapableBeanFactory.doCreateBean(AbstractAutowireCapableBeanFactory.java:553)
	at org.springframework.beans.factory.support.AbstractAutowireCapableBeanFactory.createBean(AbstractAutowireCapableBeanFactory.java:483)
	at org.springframework.beans.factory.support.AbstractBeanFactory$1.getObject(AbstractBeanFactory.java:312)
	at org.springframework.beans.factory.support.DefaultSingletonBeanRegistry.getSingleton(DefaultSingletonBeanRegistry.java:230)
	at org.springframework.beans.factory.support.AbstractBeanFactory.doGetBean(AbstractBeanFactory.java:308)
	at org.springframework.beans.factory.support.AbstractBeanFactory.getTypeForFactoryBean(AbstractBeanFactory.java:1514)
	at org.springframework.beans.factory.support.AbstractAutowireCapableBeanFactory.getTypeForFactoryBean(AbstractAutowireCapableBeanFactory.java:820)
	at org.springframework.beans.factory.support.AbstractBeanFactory.isTypeMatch(AbstractBeanFactory.java:564)
	at org.springframework.beans.factory.support.DefaultListableBeanFactory.doGetBeanNamesForType(DefaultListableBeanFactory.java:432)
	at org.springframework.beans.factory.support.DefaultListableBeanFactory.getBeanNamesForType(DefaultListableBeanFactory.java:403)
	at org.springframework.beans.factory.BeanFactoryUtils.beanNamesForTypeIncludingAncestors(BeanFactoryUtils.java:206)
	at org.springframework.beans.factory.support.DefaultListableBeanFactory.findAutowireCandidates(DefaultListableBeanFactory.java:1267)
	at org.springframework.beans.factory.support.DefaultListableBeanFactory.doResolveDependency(DefaultListableBeanFactory.java:1101)
	at org.springframework.beans.factory.support.DefaultListableBeanFactory.resolveDependency(DefaultListableBeanFactory.java:1066)
	at org.springframework.beans.factory.support.AbstractAutowireCapableBeanFactory.autowireByType(AbstractAutowireCapableBeanFactory.java:1350)
	at org.springframework.beans.factory.support.AbstractAutowireCapableBeanFactory.populateBean(AbstractAutowireCapableBeanFactory.java:1257)
	at org.springframework.beans.factory.support.AbstractAutowireCapableBeanFactory.doCreateBean(AbstractAutowireCapableBeanFactory.java:553)
	at org.springframework.beans.factory.support.AbstractAutowireCapableBeanFactory.createBean(AbstractAutowireCapableBeanFactory.java:483)
	at org.springframework.beans.factory.support.AbstractBeanFactory$1.getObject(AbstractBeanFactory.java:312)
	at org.springframework.beans.factory.support.DefaultSingletonBeanRegistry.getSingleton(DefaultSingletonBeanRegistry.java:230)
	at org.springframework.beans.factory.support.AbstractBeanFactory.doGetBean(AbstractBeanFactory.java:308)
	at org.springframework.beans.factory.support.AbstractBeanFactory.getTypeForFactoryBean(AbstractBeanFactory.java:1514)
	at org.springframework.beans.factory.support.AbstractAutowireCapableBeanFactory.getTypeForFactoryBean(AbstractAutowireCapableBeanFactory.java:820)
	at org.springframework.beans.factory.support.AbstractBeanFactory.isTypeMatch(AbstractBeanFactory.java:564)
	at org.springframework.beans.factory.support.DefaultListableBeanFactory.doGetBeanNamesForType(DefaultListableBeanFactory.java:432)
	at org.springframework.beans.factory.support.DefaultListableBeanFactory.getBeanNamesForType(DefaultListableBeanFactory.java:403)
	at org.springframework.beans.factory.BeanFactoryUtils.beanNamesForTypeIncludingAncestors(BeanFactoryUtils.java:206)
	at org.springframework.beans.factory.support.DefaultListableBeanFactory.findAutowireCandidates(DefaultListableBeanFactory.java:1267)
	at org.springframework.beans.factory.support.DefaultListableBeanFactory.doResolveDependency(DefaultListableBeanFactory.java:1101)
	at org.springframework.beans.factory.support.DefaultListableBeanFactory.resolveDependency(DefaultListableBeanFactory.java:1066)
	at org.springframework.beans.factory.support.AbstractAutowireCapableBeanFactory.autowireByType(AbstractAutowireCapableBeanFactory.java:1350)
	at org.springframework.beans.factory.support.AbstractAutowireCapableBeanFactory.populateBean(AbstractAutowireCapableBeanFactory.java:1257)
	at org.springframework.beans.factory.support.AbstractAutowireCapableBeanFactory.doCreateBean(AbstractAutowireCapableBeanFactory.java:553)
	at org.springframework.beans.factory.support.AbstractAutowireCapableBeanFactory.createBean(AbstractAutowireCapableBeanFactory.java:483)
	at org.springframework.beans.factory.support.AbstractBeanFactory$1.getObject(AbstractBeanFactory.java:312)
	at org.springframework.beans.factory.support.DefaultSingletonBeanRegistry.getSingleton(DefaultSingletonBeanRegistry.java:230)
	at org.springframework.beans.factory.support.AbstractBeanFactory.doGetBean(AbstractBeanFactory.java:308)
	at org.springframework.beans.factory.support.AbstractBeanFactory.getTypeForFactoryBean(AbstractBeanFactory.java:1514)
	at org.springframework.beans.factory.support.AbstractAutowireCapableBeanFactory.getTypeForFactoryBean(AbstractAutowireCapableBeanFactory.java:820)
	at org.springframework.beans.factory.support.AbstractBeanFactory.isTypeMatch(AbstractBeanFactory.java:564)
	at org.springframework.beans.factory.support.DefaultListableBeanFactory.doGetBeanNamesForType(DefaultListableBeanFactory.java:432)
	at org.springframework.beans.factory.support.DefaultListableBeanFactory.getBeanNamesForType(DefaultListableBeanFactory.java:403)
	at org.springframework.beans.factory.BeanFactoryUtils.beanNamesForTypeIncludingAncestors(BeanFactoryUtils.java:206)
	at org.springframework.beans.factory.support.DefaultListableBeanFactory.findAutowireCandidates(DefaultListableBeanFactory.java:1267)
	at org.springframework.beans.factory.support.DefaultListableBeanFactory.doResolveDependency(DefaultListableBeanFactory.java:1101)
	at org.springframework.beans.factory.support.DefaultListableBeanFactory.resolveDependency(DefaultListableBeanFactory.java:1066)
	at org.springframework.beans.factory.support.AbstractAutowireCapableBeanFactory.autowireByType(AbstractAutowireCapableBeanFactory.java:1350)
	at org.springframework.beans.factory.support.AbstractAutowireCapableBeanFactory.populateBean(AbstractAutowireCapableBeanFactory.java:1257)
	at org.springframework.beans.factory.support.AbstractAutowireCapableBeanFactory.doCreateBean(AbstractAutowireCapableBeanFactory.java:553)
	at org.springframework.beans.factory.support.AbstractAutowireCapableBeanFactory.createBean(AbstractAutowireCapableBeanFactory.java:483)
	at org.springframework.beans.factory.support.AbstractBeanFactory$1.getObject(AbstractBeanFactory.java:312)
	at org.springframework.beans.factory.support.DefaultSingletonBeanRegistry.getSingleton(DefaultSingletonBeanRegistry.java:230)
	at org.springframework.beans.factory.support.AbstractBeanFactory.doGetBean(AbstractBeanFactory.java:308)
	at org.springframework.beans.factory.support.AbstractBeanFactory.getTypeForFactoryBean(AbstractBeanFactory.java:1514)
	at org.springframework.beans.factory.support.AbstractAutowireCapableBeanFactory.getTypeForFactoryBean(AbstractAutowireCapableBeanFactory.java:820)
	at org.springframework.beans.factory.support.AbstractBeanFactory.isTypeMatch(AbstractBeanFactory.java:564)
	at org.springframework.beans.factory.support.DefaultListableBeanFactory.doGetBeanNamesForType(DefaultListableBeanFactory.java:432)
	at org.springframework.beans.factory.support.DefaultListableBeanFactory.getBeanNamesForType(DefaultListableBeanFactory.java:403)
	at org.springframework.beans.factory.BeanFactoryUtils.beanNamesForTypeIncludingAncestors(BeanFactoryUtils.java:206)
	at org.springframework.beans.factory.support.DefaultListableBeanFactory.findAutowireCandidates(DefaultListableBeanFactory.java:1267)
	at org.springframework.beans.factory.support.DefaultListableBeanFactory.doResolveDependency(DefaultListableBeanFactory.java:1101)
	at org.springframework.beans.factory.support.DefaultListableBeanFactory.resolveDependency(DefaultListableBeanFactory.java:1066)
	at org.springframework.beans.factory.annotation.AutowiredAnnotationBeanPostProcessor$AutowiredFieldElement.inject(AutowiredAnnotationBeanPostProcessor.java:585)
	at org.springframework.beans.factory.annotation.InjectionMetadata.inject(InjectionMetadata.java:88)
	at org.springframework.beans.factory.annotation.AutowiredAnnotationBeanPostProcessor.postProcessPropertyValues(AutowiredAnnotationBeanPostProcessor.java:366)
	at org.springframework.beans.factory.support.AbstractAutowireCapableBeanFactory.populateBean(AbstractAutowireCapableBeanFactory.java:1272)
	at org.springframework.beans.factory.support.AbstractAutowireCapableBeanFactory.doCreateBean(AbstractAutowireCapableBeanFactory.java:553)
	at org.springframework.beans.factory.support.AbstractAutowireCapableBeanFactory.createBean(AbstractAutowireCapableBeanFactory.java:483)
	at org.springframework.beans.factory.support.AbstractBeanFactory$1.getObject(AbstractBeanFactory.java:312)
	at org.springframework.beans.factory.support.DefaultSingletonBeanRegistry.getSingleton(DefaultSingletonBeanRegistry.java:230)
	at org.springframework.beans.factory.support.AbstractBeanFactory.doGetBean(AbstractBeanFactory.java:308)
	at org.springframework.beans.factory.support.AbstractBeanFactory.getBean(AbstractBeanFactory.java:197)
	at org.springframework.beans.factory.support.DefaultListableBeanFactory.preInstantiateSingletons(DefaultListableBeanFactory.java:761)
	at org.springframework.context.support.AbstractApplicationContext.finishBeanFactoryInitialization(AbstractApplicationContext.java:867)
	at org.springframework.context.support.AbstractApplicationContext.refresh(AbstractApplicationContext.java:543)
	at org.springframework.test.context.support.AbstractGenericContextLoader.loadContext(AbstractGenericContextLoader.java:128)
	at org.springframework.test.context.support.AbstractGenericContextLoader.loadContext(AbstractGenericContextLoader.java:60)
	at org.springframework.test.context.support.AbstractDelegatingSmartContextLoader.delegateLoading(AbstractDelegatingSmartContextLoader.java:106)
	at org.springframework.test.context.support.AbstractDelegatingSmartContextLoader.loadContext(AbstractDelegatingSmartContextLoader.java:249)
	at org.springframework.test.context.cache.DefaultCacheAwareContextLoaderDelegate.loadContextInternal(DefaultCacheAwareContextLoaderDelegate.java:98)
	at org.springframework.test.context.cache.DefaultCacheAwareContextLoaderDelegate.loadContext(DefaultCacheAwareContextLoaderDelegate.java:116)
	at org.springframework.test.context.support.DefaultTestContext.getApplicationContext(DefaultTestContext.java:83)
	at org.springframework.test.context.support.DependencyInjectionTestExecutionListener.injectDependencies(DependencyInjectionTestExecutionListener.java:117)
	at org.springframework.test.context.support.DependencyInjectionTestExecutionListener.prepareTestInstance(DependencyInjectionTestExecutionListener.java:83)
	at org.springframework.test.context.TestContextManager.prepareTestInstance(TestContextManager.java:230)
	at org.springframework.test.context.junit4.SpringJUnit4ClassRunner.createTest(SpringJUnit4ClassRunner.java:228)
	at org.springframework.test.context.junit4.SpringJUnit4ClassRunner$1.runReflectiveCall(SpringJUnit4ClassRunner.java:287)
	at org.junit.internal.runners.model.ReflectiveCallable.run(ReflectiveCallable.java:12)
	at org.springframework.test.context.junit4.SpringJUnit4ClassRunner.methodBlock(SpringJUnit4ClassRunner.java:289)
	at org.springframework.test.context.junit4.SpringJUnit4ClassRunner.runChild(SpringJUnit4ClassRunner.java:247)
	at org.springframework.test.context.junit4.SpringJUnit4ClassRunner.runChild(SpringJUnit4ClassRunner.java:94)
	at org.junit.runners.ParentRunner$3.run(ParentRunner.java:290)
	at org.junit.runners.ParentRunner$1.schedule(ParentRunner.java:71)
	at org.junit.runners.ParentRunner.runChildren(ParentRunner.java:288)
	at org.junit.runners.ParentRunner.access$000(ParentRunner.java:58)
	at org.junit.runners.ParentRunner$2.evaluate(ParentRunner.java:268)
	at org.springframework.test.context.junit4.statements.RunBeforeTestClassCallbacks.evaluate(RunBeforeTestClassCallbacks.java:61)
	at org.springframework.test.context.junit4.statements.RunAfterTestClassCallbacks.evaluate(RunAfterTestClassCallbacks.java:70)
	at org.junit.runners.ParentRunner.run(ParentRunner.java:363)
	at org.springframework.test.context.junit4.SpringJUnit4ClassRunner.run(SpringJUnit4ClassRunner.java:191)
	at org.apache.maven.surefire.junit4.JUnit4Provider.execute(JUnit4Provider.java:252)
	at org.apache.maven.surefire.junit4.JUnit4Provider.executeTestSet(JUnit4Provider.java:141)
	at org.apache.maven.surefire.junit4.JUnit4Provider.invoke(JUnit4Provider.java:112)
	at sun.reflect.NativeMethodAccessorImpl.invoke0(Native Method)
	at sun.reflect.NativeMethodAccessorImpl.invoke(NativeMethodAccessorImpl.java:62)
	at sun.reflect.DelegatingMethodAccessorImpl.invoke(DelegatingMethodAccessorImpl.java:43)
	at java.lang.reflect.Method.invoke(Method.java:498)
	at org.apache.maven.surefire.util.ReflectionUtils.invokeMethodWithArray(ReflectionUtils.java:189)
	at org.apache.maven.surefire.booter.ProviderFactory$ProviderProxy.invoke(ProviderFactory.java:165)
	at org.apache.maven.surefire.booter.ProviderFactory.invokeProvider(ProviderFactory.java:85)
	at org.apache.maven.surefire.booter.ForkedBooter.runSuitesInProcess(ForkedBooter.java:115)
	at org.apache.maven.surefire.booter.ForkedBooter.main(ForkedBooter.java:75)
09:29:02,934 DEBUG SqlSessionFactoryBean:468 - Parsed mapper file: &apos;file [D:\IdeaProjects\fullstack1802\ssmdemo\target\classes\mapper\DynamicSQLDao.xml]&apos;
09:29:02,948 DEBUG SqlSessionFactoryBean:468 - Parsed mapper file: &apos;file [D:\IdeaProjects\fullstack1802\ssmdemo\target\classes\mapper\EmpDao.xml]&apos;
09:29:02,968 DEBUG SqlSessionFactoryBean:468 - Parsed mapper file: &apos;file [D:\IdeaProjects\fullstack1802\ssmdemo\target\classes\mapper\EmpDimissionDao.xml]&apos;
09:29:02,981 DEBUG SqlSessionFactoryBean:468 - Parsed mapper file: &apos;file [D:\IdeaProjects\fullstack1802\ssmdemo\target\classes\mapper\EmpProbationDao.xml]&apos;
09:29:02,999 DEBUG SqlSessionFactoryBean:468 - Parsed mapper file: &apos;file [D:\IdeaProjects\fullstack1802\ssmdemo\target\classes\mapper\JobDao.xml]&apos;
09:29:03,017 DEBUG SqlSessionFactoryBean:468 - Parsed mapper file: &apos;file [D:\IdeaProjects\fullstack1802\ssmdemo\target\classes\mapper\ProductDao.xml]&apos;
09:29:03,031 DEBUG SqlSessionFactoryBean:468 - Parsed mapper file: &apos;file [D:\IdeaProjects\fullstack1802\ssmdemo\target\classes\mapper\user-mapper.xml]&apos;
09:29:03,033 DEBUG DefaultListableBeanFactory:251 - Returning cached instance of singleton bean &apos;org.springframework.aop.support.DefaultBeanFactoryPointcutAdvisor#0&apos;
09:29:03,034 DEBUG DefaultListableBeanFactory:251 - Returning cached instance of singleton bean &apos;org.springframework.aop.support.DefaultBeanFactoryPointcutAdvisor#0&apos;
09:29:03,044 DEBUG DefaultListableBeanFactory:485 - Finished creating instance of bean &apos;sqlSessionFactory&apos;
09:29:03,044 DEBUG DefaultListableBeanFactory:251 - Returning cached instance of singleton bean &apos;org.springframework.aop.support.DefaultBeanFactoryPointcutAdvisor#0&apos;
09:29:03,045 DEBUG DefaultListableBeanFactory:251 - Returning cached instance of singleton bean &apos;org.springframework.aop.support.DefaultBeanFactoryPointcutAdvisor#0&apos;
09:29:03,049 DEBUG DefaultListableBeanFactory:1357 - Autowiring by type from bean name &apos;userDao&apos; via property &apos;sqlSessionFactory&apos; to bean named &apos;sqlSessionFactory&apos;
09:29:03,056 DEBUG DefaultListableBeanFactory:1675 - Invoking afterPropertiesSet() on bean with name &apos;userDao&apos;
09:29:03,057 DEBUG DefaultListableBeanFactory:251 - Returning cached instance of singleton bean &apos;org.springframework.aop.support.DefaultBeanFactoryPointcutAdvisor#0&apos;
09:29:03,057 DEBUG DefaultListableBeanFactory:251 - Returning cached instance of singleton bean &apos;org.springframework.aop.support.DefaultBeanFactoryPointcutAdvisor#0&apos;
09:29:03,060 DEBUG DefaultListableBeanFactory:485 - Finished creating instance of bean &apos;userDao&apos;
09:29:03,060 DEBUG DefaultListableBeanFactory:251 - Returning cached instance of singleton bean &apos;sqlSessionFactory&apos;
09:29:03,061 DEBUG DefaultListableBeanFactory:1357 - Autowiring by type from bean name &apos;productDao&apos; via property &apos;sqlSessionFactory&apos; to bean named &apos;sqlSessionFactory&apos;
09:29:03,061 DEBUG DefaultListableBeanFactory:1675 - Invoking afterPropertiesSet() on bean with name &apos;productDao&apos;
09:29:03,062 DEBUG DefaultListableBeanFactory:251 - Returning cached instance of singleton bean &apos;org.springframework.aop.support.DefaultBeanFactoryPointcutAdvisor#0&apos;
09:29:03,062 DEBUG DefaultListableBeanFactory:251 - Returning cached instance of singleton bean &apos;org.springframework.aop.support.DefaultBeanFactoryPointcutAdvisor#0&apos;
09:29:03,063 DEBUG DefaultListableBeanFactory:485 - Finished creating instance of bean &apos;productDao&apos;
09:29:03,064 DEBUG DefaultListableBeanFactory:251 - Returning cached instance of singleton bean &apos;sqlSessionFactory&apos;
09:29:03,064 DEBUG DefaultListableBeanFactory:1357 - Autowiring by type from bean name &apos;jobDao&apos; via property &apos;sqlSessionFactory&apos; to bean named &apos;sqlSessionFactory&apos;
09:29:03,065 DEBUG DefaultListableBeanFactory:1675 - Invoking afterPropertiesSet() on bean with name &apos;jobDao&apos;
09:29:03,070 DEBUG DefaultListableBeanFactory:251 - Returning cached instance of singleton bean &apos;org.springframework.aop.support.DefaultBeanFactoryPointcutAdvisor#0&apos;
09:29:03,071 DEBUG DefaultListableBeanFactory:251 - Returning cached instance of singleton bean &apos;org.springframework.aop.support.DefaultBeanFactoryPointcutAdvisor#0&apos;
09:29:03,074 DEBUG DefaultListableBeanFactory:485 - Finished creating instance of bean &apos;jobDao&apos;
09:29:03,075 DEBUG DefaultListableBeanFactory:251 - Returning cached instance of singleton bean &apos;sqlSessionFactory&apos;
09:29:03,075 DEBUG DefaultListableBeanFactory:1357 - Autowiring by type from bean name &apos;empProbationDao&apos; via property &apos;sqlSessionFactory&apos; to bean named &apos;sqlSessionFactory&apos;
09:29:03,076 DEBUG DefaultListableBeanFactory:1675 - Invoking afterPropertiesSet() on bean with name &apos;empProbationDao&apos;
09:29:03,076 DEBUG DefaultListableBeanFactory:251 - Returning cached instance of singleton bean &apos;org.springframework.aop.support.DefaultBeanFactoryPointcutAdvisor#0&apos;
09:29:03,077 DEBUG DefaultListableBeanFactory:251 - Returning cached instance of singleton bean &apos;org.springframework.aop.support.DefaultBeanFactoryPointcutAdvisor#0&apos;
09:29:03,077 DEBUG DefaultListableBeanFactory:485 - Finished creating instance of bean &apos;empProbationDao&apos;
09:29:03,078 DEBUG DefaultListableBeanFactory:251 - Returning cached instance of singleton bean &apos;sqlSessionFactory&apos;
09:29:03,078 DEBUG DefaultListableBeanFactory:1357 - Autowiring by type from bean name &apos;empDimissionDao&apos; via property &apos;sqlSessionFactory&apos; to bean named &apos;sqlSessionFactory&apos;
09:29:03,079 DEBUG DefaultListableBeanFactory:1675 - Invoking afterPropertiesSet() on bean with name &apos;empDimissionDao&apos;
09:29:03,080 DEBUG DefaultListableBeanFactory:251 - Returning cached instance of singleton bean &apos;org.springframework.aop.support.DefaultBeanFactoryPointcutAdvisor#0&apos;
09:29:03,080 DEBUG DefaultListableBeanFactory:251 - Returning cached instance of singleton bean &apos;org.springframework.aop.support.DefaultBeanFactoryPointcutAdvisor#0&apos;
09:29:03,088 DEBUG DefaultListableBeanFactory:485 - Finished creating instance of bean &apos;empDimissionDao&apos;
09:29:03,089 DEBUG DefaultListableBeanFactory:251 - Returning cached instance of singleton bean &apos;sqlSessionFactory&apos;
09:29:03,089 DEBUG DefaultListableBeanFactory:1357 - Autowiring by type from bean name &apos;empDao&apos; via property &apos;sqlSessionFactory&apos; to bean named &apos;sqlSessionFactory&apos;
09:29:03,090 DEBUG DefaultListableBeanFactory:1675 - Invoking afterPropertiesSet() on bean with name &apos;empDao&apos;
09:29:03,090 DEBUG DefaultListableBeanFactory:251 - Returning cached instance of singleton bean &apos;org.springframework.aop.support.DefaultBeanFactoryPointcutAdvisor#0&apos;
09:29:03,091 DEBUG DefaultListableBeanFactory:251 - Returning cached instance of singleton bean &apos;org.springframework.aop.support.DefaultBeanFactoryPointcutAdvisor#0&apos;
09:29:03,091 DEBUG DefaultListableBeanFactory:485 - Finished creating instance of bean &apos;empDao&apos;
09:29:03,092 DEBUG DefaultListableBeanFactory:251 - Returning cached instance of singleton bean &apos;sqlSessionFactory&apos;
09:29:03,092 DEBUG DefaultListableBeanFactory:1357 - Autowiring by type from bean name &apos;dynamicSQLDao&apos; via property &apos;sqlSessionFactory&apos; to bean named &apos;sqlSessionFactory&apos;
09:29:03,093 DEBUG DefaultListableBeanFactory:1675 - Invoking afterPropertiesSet() on bean with name &apos;dynamicSQLDao&apos;
09:29:03,094 DEBUG DefaultListableBeanFactory:251 - Returning cached instance of singleton bean &apos;org.springframework.aop.support.DefaultBeanFactoryPointcutAdvisor#0&apos;
09:29:03,094 DEBUG DefaultListableBeanFactory:251 - Returning cached instance of singleton bean &apos;org.springframework.aop.support.DefaultBeanFactoryPointcutAdvisor#0&apos;
09:29:03,095 DEBUG DefaultListableBeanFactory:485 - Finished creating instance of bean &apos;dynamicSQLDao&apos;
09:29:03,097 DEBUG DefaultListableBeanFactory:221 - Creating shared instance of singleton bean &apos;userService&apos;
09:29:03,098 DEBUG DefaultListableBeanFactory:449 - Creating instance of bean &apos;userService&apos;
09:29:03,098 DEBUG DefaultListableBeanFactory:251 - Returning cached instance of singleton bean &apos;org.springframework.aop.support.DefaultBeanFactoryPointcutAdvisor#0&apos;
09:29:03,102 DEBUG InjectionMetadata:72 - Registered injected element on class [com.company.service.impl.UserServiceImpl]: AutowiredFieldElement for com.company.dao.UserDao com.company.service.impl.UserServiceImpl.userDao
09:29:03,102 DEBUG DefaultListableBeanFactory:539 - Eagerly caching bean &apos;userService&apos; to allow for resolving potential circular references
09:29:03,108 DEBUG InjectionMetadata:86 - Processing injected element of bean &apos;userService&apos;: AutowiredFieldElement for com.company.dao.UserDao com.company.service.impl.UserServiceImpl.userDao
09:29:03,114 DEBUG DefaultListableBeanFactory:251 - Returning cached instance of singleton bean &apos;userDao&apos;
09:29:03,117 DEBUG DefaultListableBeanFactory:251 - Returning cached instance of singleton bean &apos;org.springframework.aop.support.DefaultBeanFactoryPointcutAdvisor#0&apos;
09:29:03,119 DEBUG DefaultListableBeanFactory:251 - Returning cached instance of singleton bean &apos;org.springframework.aop.support.DefaultBeanFactoryPointcutAdvisor#0&apos;
09:29:03,132 DEBUG AutowiredAnnotationBeanPostProcessor:535 - Autowiring by type from bean name &apos;userService&apos; to bean named &apos;userDao&apos;
09:29:03,133 DEBUG DefaultListableBeanFactory:251 - Returning cached instance of singleton bean &apos;org.springframework.aop.support.DefaultBeanFactoryPointcutAdvisor#0&apos;
09:29:03,134 DEBUG DefaultListableBeanFactory:251 - Returning cached instance of singleton bean &apos;org.springframework.aop.support.DefaultBeanFactoryPointcutAdvisor#0&apos;
09:29:03,137 DEBUG DefaultListableBeanFactory:221 - Creating shared instance of singleton bean &apos;txAdvice&apos;
09:29:03,138 DEBUG DefaultListableBeanFactory:449 - Creating instance of bean &apos;txAdvice&apos;
09:29:03,142 DEBUG DefaultListableBeanFactory:539 - Eagerly caching bean &apos;txAdvice&apos; to allow for resolving potential circular references
09:29:03,151 DEBUG DefaultListableBeanFactory:221 - Creating shared instance of singleton bean &apos;transactionManager&apos;
09:29:03,152 DEBUG DefaultListableBeanFactory:449 - Creating instance of bean &apos;transactionManager&apos;
09:29:03,153 DEBUG DefaultListableBeanFactory:251 - Returning cached instance of singleton bean &apos;org.springframework.aop.support.DefaultBeanFactoryPointcutAdvisor#0&apos;
09:29:03,160 DEBUG DefaultListableBeanFactory:539 - Eagerly caching bean &apos;transactionManager&apos; to allow for resolving potential circular references
09:29:03,168 DEBUG DefaultListableBeanFactory:251 - Returning cached instance of singleton bean &apos;dataSource&apos;
09:29:03,169 DEBUG DefaultListableBeanFactory:1675 - Invoking afterPropertiesSet() on bean with name &apos;transactionManager&apos;
09:29:03,170 DEBUG DefaultListableBeanFactory:251 - Returning cached instance of singleton bean &apos;org.springframework.aop.support.DefaultBeanFactoryPointcutAdvisor#0&apos;
09:29:03,171 DEBUG DefaultListableBeanFactory:251 - Returning cached instance of singleton bean &apos;org.springframework.aop.support.DefaultBeanFactoryPointcutAdvisor#0&apos;
09:29:03,182 DEBUG DefaultListableBeanFactory:485 - Finished creating instance of bean &apos;transactionManager&apos;
09:29:03,183 DEBUG DefaultListableBeanFactory:449 - Creating instance of bean &apos;(inner bean)#2b175c00&apos;
09:29:03,184 DEBUG DefaultListableBeanFactory:251 - Returning cached instance of singleton bean &apos;org.springframework.aop.support.DefaultBeanFactoryPointcutAdvisor#0&apos;
09:29:03,192 DEBUG NameMatchTransactionAttributeSource:96 - Adding transactional method [insert*] with attribute [PROPAGATION_REQUIRED,ISOLATION_READ_COMMITTED]
09:29:03,192 DEBUG NameMatchTransactionAttributeSource:96 - Adding transactional method [delete*] with attribute [PROPAGATION_REQUIRED,ISOLATION_READ_COMMITTED]
09:29:03,192 DEBUG NameMatchTransactionAttributeSource:96 - Adding transactional method [update*] with attribute [PROPAGATION_REQUIRED,ISOLATION_READ_COMMITTED]
09:29:03,193 DEBUG NameMatchTransactionAttributeSource:96 - Adding transactional method [find*] with attribute [PROPAGATION_REQUIRED,ISOLATION_READ_COMMITTED,readOnly]
09:29:03,193 DEBUG DefaultListableBeanFactory:251 - Returning cached instance of singleton bean &apos;org.springframework.aop.support.DefaultBeanFactoryPointcutAdvisor#0&apos;
09:29:03,193 DEBUG DefaultListableBeanFactory:251 - Returning cached instance of singleton bean &apos;org.springframework.aop.support.DefaultBeanFactoryPointcutAdvisor#0&apos;
09:29:03,195 DEBUG DefaultListableBeanFactory:485 - Finished creating instance of bean &apos;(inner bean)#2b175c00&apos;
09:29:03,197 DEBUG DefaultListableBeanFactory:1675 - Invoking afterPropertiesSet() on bean with name &apos;txAdvice&apos;
09:29:03,198 DEBUG DefaultListableBeanFactory:485 - Finished creating instance of bean &apos;txAdvice&apos;
09:29:03,208 DEBUG AspectJAwareAdvisorAutoProxyCreator:524 - Creating implicit proxy for bean &apos;userService&apos; with 0 common interceptors and 2 specific interceptors
09:29:03,210 DEBUG JdkDynamicAopProxy:118 - Creating JDK dynamic proxy: target source is SingletonTargetSource for target object [com.company.service.impl.UserServiceImpl@6bf08014]
09:29:03,214 DEBUG DefaultListableBeanFactory:485 - Finished creating instance of bean &apos;userService&apos;
09:29:03,215 DEBUG AutowiredAnnotationBeanPostProcessor:535 - Autowiring by type from bean name &apos;userAction&apos; to bean named &apos;userService&apos;
09:29:03,216 DEBUG DefaultListableBeanFactory:251 - Returning cached instance of singleton bean &apos;org.springframework.aop.support.DefaultBeanFactoryPointcutAdvisor#0&apos;
09:29:03,216 DEBUG DefaultListableBeanFactory:251 - Returning cached instance of singleton bean &apos;org.springframework.aop.support.DefaultBeanFactoryPointcutAdvisor#0&apos;
09:29:03,217 DEBUG DefaultListableBeanFactory:485 - Finished creating instance of bean &apos;userAction&apos;
09:29:03,217 DEBUG DefaultListableBeanFactory:221 - Creating shared instance of singleton bean &apos;dynamicSQLService&apos;
09:29:03,217 DEBUG DefaultListableBeanFactory:449 - Creating instance of bean &apos;dynamicSQLService&apos;
09:29:03,218 DEBUG DefaultListableBeanFactory:251 - Returning cached instance of singleton bean &apos;org.springframework.aop.support.DefaultBeanFactoryPointcutAdvisor#0&apos;
09:29:03,218 DEBUG InjectionMetadata:72 - Registered injected element on class [com.company.service.impl.DynamicSQLService]: AutowiredFieldElement for com.company.dao.DynamicSQLDao com.company.service.impl.DynamicSQLService.dynamicSQLDao
09:29:03,219 DEBUG DefaultListableBeanFactory:539 - Eagerly caching bean &apos;dynamicSQLService&apos; to allow for resolving potential circular references
09:29:03,221 DEBUG InjectionMetadata:86 - Processing injected element of bean &apos;dynamicSQLService&apos;: AutowiredFieldElement for com.company.dao.DynamicSQLDao com.company.service.impl.DynamicSQLService.dynamicSQLDao
09:29:03,222 DEBUG DefaultListableBeanFactory:251 - Returning cached instance of singleton bean &apos;dynamicSQLDao&apos;
09:29:03,224 DEBUG DefaultListableBeanFactory:251 - Returning cached instance of singleton bean &apos;org.springframework.aop.support.DefaultBeanFactoryPointcutAdvisor#0&apos;
09:29:03,224 DEBUG DefaultListableBeanFactory:251 - Returning cached instance of singleton bean &apos;org.springframework.aop.support.DefaultBeanFactoryPointcutAdvisor#0&apos;
09:29:03,227 DEBUG AutowiredAnnotationBeanPostProcessor:535 - Autowiring by type from bean name &apos;dynamicSQLService&apos; to bean named &apos;dynamicSQLDao&apos;
09:29:03,227 DEBUG DefaultListableBeanFactory:251 - Returning cached instance of singleton bean &apos;org.springframework.aop.support.DefaultBeanFactoryPointcutAdvisor#0&apos;
09:29:03,227 DEBUG DefaultListableBeanFactory:251 - Returning cached instance of singleton bean &apos;org.springframework.aop.support.DefaultBeanFactoryPointcutAdvisor#0&apos;
09:29:03,228 DEBUG AspectJAwareAdvisorAutoProxyCreator:524 - Creating implicit proxy for bean &apos;dynamicSQLService&apos; with 0 common interceptors and 2 specific interceptors
09:29:03,236 DEBUG CglibAopProxy:157 - Creating CGLIB proxy: target source is SingletonTargetSource for target object [com.company.service.impl.DynamicSQLService@60b4beb4]
09:29:03,290 DEBUG CglibAopProxy:849 - Unable to apply any optimizations to advised method: public java.util.List com.company.service.impl.DynamicSQLService.dynamicSQLDemo2(java.lang.String,java.math.BigDecimal,java.util.Date)
09:29:03,290 DEBUG CglibAopProxy:849 - Unable to apply any optimizations to advised method: public java.util.List com.company.service.impl.DynamicSQLService.findByIds2(java.util.List)
09:29:03,291 DEBUG CglibAopProxy:849 - Unable to apply any optimizations to advised method: public int com.company.service.impl.DynamicSQLService.insertBatch(java.util.List)
09:29:03,291 DEBUG CglibAopProxy:849 - Unable to apply any optimizations to advised method: public int com.company.service.impl.DynamicSQLService.dynamicUpdateSQL(com.company.dao.pojo.User)
09:29:03,292 DEBUG CglibAopProxy:849 - Unable to apply any optimizations to advised method: public java.util.List com.company.service.impl.DynamicSQLService.dynamicSQLDemo4(java.lang.String,java.math.BigDecimal,java.util.Date)
09:29:03,292 DEBUG CglibAopProxy:849 - Unable to apply any optimizations to advised method: public java.util.List com.company.service.impl.DynamicSQLService.findByIds1(java.lang.Integer[])
09:29:03,292 DEBUG CglibAopProxy:849 - Unable to apply any optimizations to advised method: public java.util.List com.company.service.impl.DynamicSQLService.dynamicSQLDemo1(java.lang.String)
09:29:03,293 DEBUG CglibAopProxy:849 - Unable to apply any optimizations to advised method: public int com.company.service.impl.DynamicSQLService.deleteBatch(java.util.List)
09:29:03,293 DEBUG CglibAopProxy:849 - Unable to apply any optimizations to advised method: public java.util.List com.company.service.impl.DynamicSQLService.dynamicSQLDemo3(java.lang.String,java.math.BigDecimal,java.util.Date)
09:29:03,293 DEBUG CglibAopProxy:813 - Found &apos;equals&apos; method: public boolean java.lang.Object.equals(java.lang.Object)
09:29:03,293 DEBUG CglibAopProxy:849 - Unable to apply any optimizations to advised method: public java.lang.String java.lang.Object.toString()
09:29:03,294 DEBUG CglibAopProxy:818 - Found &apos;hashCode&apos; method: public native int java.lang.Object.hashCode()
09:29:03,294 DEBUG CglibAopProxy:849 - Unable to apply any optimizations to advised method: protected native java.lang.Object java.lang.Object.clone() throws java.lang.CloneNotSupportedException
09:29:03,294 DEBUG CglibAopProxy:807 - Method is declared on Advised interface: public abstract int org.springframework.aop.framework.Advised.indexOf(org.aopalliance.aop.Advice)
09:29:03,294 DEBUG CglibAopProxy:807 - Method is declared on Advised interface: public abstract int org.springframework.aop.framework.Advised.indexOf(org.springframework.aop.Advisor)
09:29:03,294 DEBUG CglibAopProxy:807 - Method is declared on Advised interface: public abstract boolean org.springframework.aop.framework.Advised.isFrozen()
09:29:03,295 DEBUG CglibAopProxy:807 - Method is declared on Advised interface: public abstract boolean org.springframework.aop.framework.Advised.isProxyTargetClass()
09:29:03,295 DEBUG CglibAopProxy:807 - Method is declared on Advised interface: public abstract java.lang.Class[] org.springframework.aop.framework.Advised.getProxiedInterfaces()
09:29:03,295 DEBUG CglibAopProxy:807 - Method is declared on Advised interface: public abstract boolean org.springframework.aop.framework.Advised.isInterfaceProxied(java.lang.Class)
09:29:03,295 DEBUG CglibAopProxy:807 - Method is declared on Advised interface: public abstract java.lang.String org.springframework.aop.framework.Advised.toProxyConfigString()
09:29:03,295 DEBUG CglibAopProxy:807 - Method is declared on Advised interface: public abstract void org.springframework.aop.framework.Advised.setTargetSource(org.springframework.aop.TargetSource)
09:29:03,295 DEBUG CglibAopProxy:807 - Method is declared on Advised interface: public abstract boolean org.springframework.aop.framework.Advised.replaceAdvisor(org.springframework.aop.Advisor,org.springframework.aop.Advisor) throws org.springframework.aop.framework.AopConfigException
09:29:03,296 DEBUG CglibAopProxy:807 - Method is declared on Advised interface: public abstract void org.springframework.aop.framework.Advised.addAdvice(int,org.aopalliance.aop.Advice) throws org.springframework.aop.framework.AopConfigException
09:29:03,296 DEBUG CglibAopProxy:807 - Method is declared on Advised interface: public abstract void org.springframework.aop.framework.Advised.addAdvice(org.aopalliance.aop.Advice) throws org.springframework.aop.framework.AopConfigException
09:29:03,296 DEBUG CglibAopProxy:807 - Method is declared on Advised interface: public abstract boolean org.springframework.aop.framework.Advised.isPreFiltered()
09:29:03,296 DEBUG CglibAopProxy:807 - Method is declared on Advised interface: public abstract void org.springframework.aop.framework.Advised.removeAdvisor(int) throws org.springframework.aop.framework.AopConfigException
09:29:03,296 DEBUG CglibAopProxy:807 - Method is declared on Advised interface: public abstract boolean org.springframework.aop.framework.Advised.removeAdvisor(org.springframework.aop.Advisor)
09:29:03,297 DEBUG CglibAopProxy:807 - Method is declared on Advised interface: public abstract org.springframework.aop.Advisor[] org.springframework.aop.framework.Advised.getAdvisors()
09:29:03,297 DEBUG CglibAopProxy:807 - Method is declared on Advised interface: public abstract void org.springframework.aop.framework.Advised.addAdvisor(int,org.springframework.aop.Advisor) throws org.springframework.aop.framework.AopConfigException
09:29:03,297 DEBUG CglibAopProxy:807 - Method is declared on Advised interface: public abstract void org.springframework.aop.framework.Advised.addAdvisor(org.springframework.aop.Advisor) throws org.springframework.aop.framework.AopConfigException
09:29:03,297 DEBUG CglibAopProxy:807 - Method is declared on Advised interface: public abstract boolean org.springframework.aop.framework.Advised.removeAdvice(org.aopalliance.aop.Advice)
09:29:03,298 DEBUG CglibAopProxy:807 - Method is declared on Advised interface: public abstract void org.springframework.aop.framework.Advised.setExposeProxy(boolean)
09:29:03,298 DEBUG CglibAopProxy:807 - Method is declared on Advised interface: public abstract boolean org.springframework.aop.framework.Advised.isExposeProxy()
09:29:03,298 DEBUG CglibAopProxy:807 - Method is declared on Advised interface: public abstract void org.springframework.aop.framework.Advised.setPreFiltered(boolean)
09:29:03,298 DEBUG CglibAopProxy:807 - Method is declared on Advised interface: public abstract org.springframework.aop.TargetSource org.springframework.aop.framework.Advised.getTargetSource()
09:29:03,298 DEBUG CglibAopProxy:807 - Method is declared on Advised interface: public abstract java.lang.Class org.springframework.aop.TargetClassAware.getTargetClass()
09:29:03,366 DEBUG DefaultListableBeanFactory:485 - Finished creating instance of bean &apos;dynamicSQLService&apos;
09:29:03,367 DEBUG DefaultListableBeanFactory:221 - Creating shared instance of singleton bean &apos;empService&apos;
09:29:03,367 DEBUG DefaultListableBeanFactory:449 - Creating instance of bean &apos;empService&apos;
09:29:03,367 DEBUG DefaultListableBeanFactory:251 - Returning cached instance of singleton bean &apos;org.springframework.aop.support.DefaultBeanFactoryPointcutAdvisor#0&apos;
09:29:03,368 DEBUG InjectionMetadata:72 - Registered injected element on class [com.company.service.impl.EmpServiceImpl]: AutowiredFieldElement for com.company.dao.EmpDao com.company.service.impl.EmpServiceImpl.empDao
09:29:03,368 DEBUG DefaultListableBeanFactory:539 - Eagerly caching bean &apos;empService&apos; to allow for resolving potential circular references
09:29:03,369 DEBUG InjectionMetadata:86 - Processing injected element of bean &apos;empService&apos;: AutowiredFieldElement for com.company.dao.EmpDao com.company.service.impl.EmpServiceImpl.empDao
09:29:03,370 DEBUG DefaultListableBeanFactory:251 - Returning cached instance of singleton bean &apos;empDao&apos;
09:29:03,371 DEBUG DefaultListableBeanFactory:251 - Returning cached instance of singleton bean &apos;org.springframework.aop.support.DefaultBeanFactoryPointcutAdvisor#0&apos;
09:29:03,371 DEBUG DefaultListableBeanFactory:251 - Returning cached instance of singleton bean &apos;org.springframework.aop.support.DefaultBeanFactoryPointcutAdvisor#0&apos;
09:29:03,373 DEBUG AutowiredAnnotationBeanPostProcessor:535 - Autowiring by type from bean name &apos;empService&apos; to bean named &apos;empDao&apos;
09:29:03,374 DEBUG DefaultListableBeanFactory:251 - Returning cached instance of singleton bean &apos;org.springframework.aop.support.DefaultBeanFactoryPointcutAdvisor#0&apos;
09:29:03,375 DEBUG DefaultListableBeanFactory:251 - Returning cached instance of singleton bean &apos;org.springframework.aop.support.DefaultBeanFactoryPointcutAdvisor#0&apos;
09:29:03,375 DEBUG AspectJAwareAdvisorAutoProxyCreator:524 - Creating implicit proxy for bean &apos;empService&apos; with 0 common interceptors and 2 specific interceptors
09:29:03,376 DEBUG JdkDynamicAopProxy:118 - Creating JDK dynamic proxy: target source is SingletonTargetSource for target object [com.company.service.impl.EmpServiceImpl@76a2ddf3]
09:29:03,379 DEBUG DefaultListableBeanFactory:485 - Finished creating instance of bean &apos;empService&apos;
09:29:03,379 DEBUG DefaultListableBeanFactory:251 - Returning cached instance of singleton bean &apos;userService&apos;
09:29:03,380 DEBUG DefaultListableBeanFactory:251 - Returning cached instance of singleton bean &apos;org.springframework.context.annotation.internalConfigurationAnnotationProcessor&apos;
09:29:03,380 DEBUG DefaultListableBeanFactory:251 - Returning cached instance of singleton bean &apos;org.springframework.context.annotation.internalAutowiredAnnotationProcessor&apos;
09:29:03,380 DEBUG DefaultListableBeanFactory:251 - Returning cached instance of singleton bean &apos;org.springframework.context.annotation.internalRequiredAnnotationProcessor&apos;
09:29:03,381 DEBUG DefaultListableBeanFactory:251 - Returning cached instance of singleton bean &apos;org.springframework.context.annotation.internalCommonAnnotationProcessor&apos;
09:29:03,381 DEBUG DefaultListableBeanFactory:221 - Creating shared instance of singleton bean &apos;org.springframework.context.event.internalEventListenerProcessor&apos;
09:29:03,381 DEBUG DefaultListableBeanFactory:449 - Creating instance of bean &apos;org.springframework.context.event.internalEventListenerProcessor&apos;
09:29:03,381 DEBUG DefaultListableBeanFactory:251 - Returning cached instance of singleton bean &apos;org.springframework.aop.support.DefaultBeanFactoryPointcutAdvisor#0&apos;
09:29:03,383 DEBUG DefaultListableBeanFactory:539 - Eagerly caching bean &apos;org.springframework.context.event.internalEventListenerProcessor&apos; to allow for resolving potential circular references
09:29:03,385 DEBUG DefaultListableBeanFactory:251 - Returning cached instance of singleton bean &apos;org.springframework.aop.support.DefaultBeanFactoryPointcutAdvisor#0&apos;
09:29:03,386 DEBUG DefaultListableBeanFactory:251 - Returning cached instance of singleton bean &apos;org.springframework.aop.support.DefaultBeanFactoryPointcutAdvisor#0&apos;
09:29:03,387 DEBUG DefaultListableBeanFactory:485 - Finished creating instance of bean &apos;org.springframework.context.event.internalEventListenerProcessor&apos;
09:29:03,388 DEBUG DefaultListableBeanFactory:221 - Creating shared instance of singleton bean &apos;org.springframework.context.event.internalEventListenerFactory&apos;
09:29:03,388 DEBUG DefaultListableBeanFactory:449 - Creating instance of bean &apos;org.springframework.context.event.internalEventListenerFactory&apos;
09:29:03,388 DEBUG DefaultListableBeanFactory:251 - Returning cached instance of singleton bean &apos;org.springframework.aop.support.DefaultBeanFactoryPointcutAdvisor#0&apos;
09:29:03,388 DEBUG DefaultListableBeanFactory:539 - Eagerly caching bean &apos;org.springframework.context.event.internalEventListenerFactory&apos; to allow for resolving potential circular references
09:29:03,391 DEBUG DefaultListableBeanFactory:251 - Returning cached instance of singleton bean &apos;org.springframework.aop.support.DefaultBeanFactoryPointcutAdvisor#0&apos;
09:29:03,392 DEBUG DefaultListableBeanFactory:251 - Returning cached instance of singleton bean &apos;org.springframework.aop.support.DefaultBeanFactoryPointcutAdvisor#0&apos;
09:29:03,393 DEBUG DefaultListableBeanFactory:485 - Finished creating instance of bean &apos;org.springframework.context.event.internalEventListenerFactory&apos;
09:29:03,393 DEBUG DefaultListableBeanFactory:251 - Returning cached instance of singleton bean &apos;propertyConfigurer&apos;
09:29:03,394 DEBUG DefaultListableBeanFactory:251 - Returning cached instance of singleton bean &apos;dataSource&apos;
09:29:03,394 DEBUG DefaultListableBeanFactory:251 - Returning cached instance of singleton bean &apos;org.mybatis.spring.mapper.MapperScannerConfigurer#0&apos;
09:29:03,394 DEBUG DefaultListableBeanFactory:251 - Returning cached instance of singleton bean &apos;sqlSessionFactory&apos;
09:29:03,395 DEBUG DefaultListableBeanFactory:251 - Returning cached instance of singleton bean &apos;transactionManager&apos;
09:29:03,395 DEBUG DefaultListableBeanFactory:251 - Returning cached instance of singleton bean &apos;txAdvice&apos;
09:29:03,395 DEBUG DefaultListableBeanFactory:251 - Returning cached instance of singleton bean &apos;org.springframework.aop.config.internalAutoProxyCreator&apos;
09:29:03,395 DEBUG DefaultListableBeanFactory:251 - Returning cached instance of singleton bean &apos;org.springframework.aop.support.DefaultBeanFactoryPointcutAdvisor#0&apos;
09:29:03,395 DEBUG DefaultListableBeanFactory:251 - Returning cached instance of singleton bean &apos;dynamicSQLDao&apos;
09:29:03,395 DEBUG DefaultListableBeanFactory:251 - Returning cached instance of singleton bean &apos;empDao&apos;
09:29:03,395 DEBUG DefaultListableBeanFactory:251 - Returning cached instance of singleton bean &apos;empDimissionDao&apos;
09:29:03,395 DEBUG DefaultListableBeanFactory:251 - Returning cached instance of singleton bean &apos;empProbationDao&apos;
09:29:03,396 DEBUG DefaultListableBeanFactory:251 - Returning cached instance of singleton bean &apos;jobDao&apos;
09:29:03,396 DEBUG DefaultListableBeanFactory:251 - Returning cached instance of singleton bean &apos;productDao&apos;
09:29:03,396 DEBUG DefaultListableBeanFactory:251 - Returning cached instance of singleton bean &apos;userDao&apos;
09:29:03,396 DEBUG DefaultListableBeanFactory:251 - Returning cached instance of singleton bean &apos;org.springframework.context.event.internalEventListenerFactory&apos;
09:29:03,418 DEBUG GenericApplicationContext:785 - Unable to locate LifecycleProcessor with name &apos;lifecycleProcessor&apos;: using default [org.springframework.context.support.DefaultLifecycleProcessor@4426bff1]
09:29:03,419 DEBUG DefaultListableBeanFactory:251 - Returning cached instance of singleton bean &apos;lifecycleProcessor&apos;
09:29:03,421 DEBUG DefaultListableBeanFactory:251 - Returning cached instance of singleton bean &apos;sqlSessionFactory&apos;
09:29:03,422 DEBUG PropertySourcesPropertyResolver:92 - Could not find key &apos;spring.liveBeansView.mbeanDomain&apos; in any property source
09:29:03,423 DEBUG DefaultCacheAwareContextLoaderDelegate:118 - Storing ApplicationContext in cache under key [[MergedContextConfiguration@1e127982 testClass = DynamicSQLServiceTest, locations = &apos;{classpath:applicationContext.xml}&apos;, classes = &apos;{}&apos;, contextInitializerClasses = &apos;[]&apos;, activeProfiles = &apos;{}&apos;, propertySourceLocations = &apos;{}&apos;, propertySourceProperties = &apos;{}&apos;, contextCustomizers = set[[empty]], contextLoader = &apos;org.springframework.test.context.support.DelegatingSmartContextLoader&apos;, parent = [null]]]
09:29:03,424 DEBUG cache:290 - Spring test ApplicationContext cache statistics: [DefaultContextCache@27d4a09 size = 1, maxSize = 32, parentContextCount = 0, hitCount = 0, missCount = 1]
09:29:03,427 DEBUG InjectionMetadata:86 - Processing injected element of bean &apos;com.company.service.impl.DynamicSQLServiceTest&apos;: AutowiredFieldElement for com.company.service.impl.DynamicSQLService com.company.service.impl.DynamicSQLServiceTest.dynamicSQLService
09:29:03,427 DEBUG DefaultListableBeanFactory:251 - Returning cached instance of singleton bean &apos;dynamicSQLService&apos;
09:29:03,427 DEBUG AutowiredAnnotationBeanPostProcessor:535 - Autowiring by type from bean name &apos;com.company.service.impl.DynamicSQLServiceTest&apos; to bean named &apos;dynamicSQLService&apos;
09:29:03,427 DEBUG DefaultListableBeanFactory:251 - Returning cached instance of singleton bean &apos;org.springframework.aop.support.DefaultBeanFactoryPointcutAdvisor#0&apos;
09:29:03,428 DEBUG DefaultListableBeanFactory:251 - Returning cached instance of singleton bean &apos;org.springframework.aop.support.DefaultBeanFactoryPointcutAdvisor#0&apos;
09:29:03,428 DEBUG AspectJAwareAdvisorAutoProxyCreator:524 - Creating implicit proxy for bean &apos;com.company.service.impl.DynamicSQLServiceTest&apos; with 0 common interceptors and 2 specific interceptors
09:29:03,428 DEBUG CglibAopProxy:157 - Creating CGLIB proxy: target source is SingletonTargetSource for target object [com.company.service.impl.DynamicSQLServiceTest@335eadca]
09:29:03,429  WARN CglibAopProxy:263 - Unable to proxy interface-implementing method [public final void org.springframework.test.context.junit4.AbstractJUnit4SpringContextTests.setApplicationContext(org.springframework.context.ApplicationContext)] because it is marked as final: Consider using interface-based JDK proxies instead!
09:29:03,429  INFO CglibAopProxy:266 - Final method [public final void org.springframework.test.context.junit4.AbstractJUnit4SpringContextTests.setApplicationContext(org.springframework.context.ApplicationContext)] cannot get proxied via CGLIB: Calls to this method will NOT be routed to the target instance and might lead to NPEs against uninitialized fields in the proxy instance.
09:29:03,429 DEBUG CglibAopProxy:849 - Unable to apply any optimizations to advised method: public void com.company.service.impl.DynamicSQLServiceTest.dynamicSQLDemo2()
09:29:03,430 DEBUG CglibAopProxy:849 - Unable to apply any optimizations to advised method: public void com.company.service.impl.DynamicSQLServiceTest.findByIds2()
09:29:03,430 DEBUG CglibAopProxy:849 - Unable to apply any optimizations to advised method: public void com.company.service.impl.DynamicSQLServiceTest.insertBatch()
09:29:03,430 DEBUG CglibAopProxy:849 - Unable to apply any optimizations to advised method: public void com.company.service.impl.DynamicSQLServiceTest.dynamicUpdateSQL()
09:29:03,430 DEBUG CglibAopProxy:849 - Unable to apply any optimizations to advised method: public void com.company.service.impl.DynamicSQLServiceTest.dynamicSQLDemo4()
09:29:03,431 DEBUG CglibAopProxy:849 - Unable to apply any optimizations to advised method: public void com.company.service.impl.DynamicSQLServiceTest.findByIds1()
09:29:03,431 DEBUG CglibAopProxy:849 - Unable to apply any optimizations to advised method: public void com.company.service.impl.DynamicSQLServiceTest.dynamicSQLDemo1()
09:29:03,431 DEBUG CglibAopProxy:849 - Unable to apply any optimizations to advised method: public void com.company.service.impl.DynamicSQLServiceTest.deleteBatch()
09:29:03,431 DEBUG CglibAopProxy:849 - Unable to apply any optimizations to advised method: public void com.company.service.impl.DynamicSQLServiceTest.dynamicSQLDemo3()
09:29:03,431 DEBUG CglibAopProxy:813 - Found &apos;equals&apos; method: public boolean java.lang.Object.equals(java.lang.Object)
09:29:03,432 DEBUG CglibAopProxy:849 - Unable to apply any optimizations to advised method: public java.lang.String java.lang.Object.toString()
09:29:03,432 DEBUG CglibAopProxy:818 - Found &apos;hashCode&apos; method: public native int java.lang.Object.hashCode()
09:29:03,432 DEBUG CglibAopProxy:849 - Unable to apply any optimizations to advised method: protected native java.lang.Object java.lang.Object.clone() throws java.lang.CloneNotSupportedException
09:29:03,432 DEBUG CglibAopProxy:807 - Method is declared on Advised interface: public abstract int org.springframework.aop.framework.Advised.indexOf(org.aopalliance.aop.Advice)
09:29:03,432 DEBUG CglibAopProxy:807 - Method is declared on Advised interface: public abstract int org.springframework.aop.framework.Advised.indexOf(org.springframework.aop.Advisor)
09:29:03,432 DEBUG CglibAopProxy:807 - Method is declared on Advised interface: public abstract boolean org.springframework.aop.framework.Advised.isFrozen()
09:29:03,433 DEBUG CglibAopProxy:807 - Method is declared on Advised interface: public abstract boolean org.springframework.aop.framework.Advised.isProxyTargetClass()
09:29:03,433 DEBUG CglibAopProxy:807 - Method is declared on Advised interface: public abstract java.lang.Class[] org.springframework.aop.framework.Advised.getProxiedInterfaces()
09:29:03,433 DEBUG CglibAopProxy:807 - Method is declared on Advised interface: public abstract boolean org.springframework.aop.framework.Advised.isInterfaceProxied(java.lang.Class)
09:29:03,433 DEBUG CglibAopProxy:807 - Method is declared on Advised interface: public abstract java.lang.String org.springframework.aop.framework.Advised.toProxyConfigString()
09:29:03,433 DEBUG CglibAopProxy:807 - Method is declared on Advised interface: public abstract void org.springframework.aop.framework.Advised.setTargetSource(org.springframework.aop.TargetSource)
09:29:03,433 DEBUG CglibAopProxy:807 - Method is declared on Advised interface: public abstract boolean org.springframework.aop.framework.Advised.replaceAdvisor(org.springframework.aop.Advisor,org.springframework.aop.Advisor) throws org.springframework.aop.framework.AopConfigException
09:29:03,433 DEBUG CglibAopProxy:807 - Method is declared on Advised interface: public abstract void org.springframework.aop.framework.Advised.addAdvice(int,org.aopalliance.aop.Advice) throws org.springframework.aop.framework.AopConfigException
09:29:03,433 DEBUG CglibAopProxy:807 - Method is declared on Advised interface: public abstract void org.springframework.aop.framework.Advised.addAdvice(org.aopalliance.aop.Advice) throws org.springframework.aop.framework.AopConfigException
09:29:03,434 DEBUG CglibAopProxy:807 - Method is declared on Advised interface: public abstract boolean org.springframework.aop.framework.Advised.isPreFiltered()
09:29:03,434 DEBUG CglibAopProxy:807 - Method is declared on Advised interface: public abstract void org.springframework.aop.framework.Advised.removeAdvisor(int) throws org.springframework.aop.framework.AopConfigException
09:29:03,434 DEBUG CglibAopProxy:807 - Method is declared on Advised interface: public abstract boolean org.springframework.aop.framework.Advised.removeAdvisor(org.springframework.aop.Advisor)
09:29:03,434 DEBUG CglibAopProxy:807 - Method is declared on Advised interface: public abstract org.springframework.aop.Advisor[] org.springframework.aop.framework.Advised.getAdvisors()
09:29:03,434 DEBUG CglibAopProxy:807 - Method is declared on Advised interface: public abstract void org.springframework.aop.framework.Advised.addAdvisor(int,org.springframework.aop.Advisor) throws org.springframework.aop.framework.AopConfigException
09:29:03,434 DEBUG CglibAopProxy:807 - Method is declared on Advised interface: public abstract void org.springframework.aop.framework.Advised.addAdvisor(org.springframework.aop.Advisor) throws org.springframework.aop.framework.AopConfigException
09:29:03,434 DEBUG CglibAopProxy:807 - Method is declared on Advised interface: public abstract boolean org.springframework.aop.framework.Advised.removeAdvice(org.aopalliance.aop.Advice)
09:29:03,435 DEBUG CglibAopProxy:807 - Method is declared on Advised interface: public abstract void org.springframework.aop.framework.Advised.setExposeProxy(boolean)
09:29:03,435 DEBUG CglibAopProxy:807 - Method is declared on Advised interface: public abstract boolean org.springframework.aop.framework.Advised.isExposeProxy()
09:29:03,435 DEBUG CglibAopProxy:807 - Method is declared on Advised interface: public abstract void org.springframework.aop.framework.Advised.setPreFiltered(boolean)
09:29:03,435 DEBUG CglibAopProxy:807 - Method is declared on Advised interface: public abstract org.springframework.aop.TargetSource org.springframework.aop.framework.Advised.getTargetSource()
09:29:03,435 DEBUG CglibAopProxy:807 - Method is declared on Advised interface: public abstract java.lang.Class org.springframework.aop.TargetClassAware.getTargetClass()
09:29:03,445 DEBUG AbstractDirtiesContextTestExecutionListener:106 - Before test method: context [DefaultTestContext@617faa95 testClass = DynamicSQLServiceTest, testInstance = com.company.service.impl.DynamicSQLServiceTest@335eadca, testMethod = deleteBatch@DynamicSQLServiceTest, testException = [null], mergedContextConfiguration = [MergedContextConfiguration@1e127982 testClass = DynamicSQLServiceTest, locations = &apos;{classpath:applicationContext.xml}&apos;, classes = &apos;{}&apos;, contextInitializerClasses = &apos;[]&apos;, activeProfiles = &apos;{}&apos;, propertySourceLocations = &apos;{}&apos;, propertySourceProperties = &apos;{}&apos;, contextCustomizers = set[[empty]], contextLoader = &apos;org.springframework.test.context.support.DelegatingSmartContextLoader&apos;, parent = [null]]], class annotated with @DirtiesContext [false] with mode [null], method annotated with @DirtiesContext [false] with mode [null].
09:29:03,451 DEBUG DataSourceTransactionManager:371 - Creating new transaction with name [com.company.service.impl.DynamicSQLService.deleteBatch]: PROPAGATION_REQUIRED,ISOLATION_READ_COMMITTED
09:29:03,451 DEBUG DriverManagerDataSource:142 - Creating new JDBC DriverManager Connection to [jdbc:mysql://localhost:3306/test]
09:29:03,454 DEBUG AbstractDirtiesContextTestExecutionListener:106 - After test method: context [DefaultTestContext@617faa95 testClass = DynamicSQLServiceTest, testInstance = com.company.service.impl.DynamicSQLServiceTest@335eadca, testMethod = deleteBatch@DynamicSQLServiceTest, testException = org.springframework.transaction.CannotCreateTransactionException: Could not open JDBC Connection for transaction; nested exception is java.sql.SQLException: Access denied for user &apos;root&apos;@&apos;localhost&apos; (using password: YES), mergedContextConfiguration = [MergedContextConfiguration@1e127982 testClass = DynamicSQLServiceTest, locations = &apos;{classpath:applicationContext.xml}&apos;, classes = &apos;{}&apos;, contextInitializerClasses = &apos;[]&apos;, activeProfiles = &apos;{}&apos;, propertySourceLocations = &apos;{}&apos;, propertySourceProperties = &apos;{}&apos;, contextCustomizers = set[[empty]], contextLoader = &apos;org.springframework.test.context.support.DelegatingSmartContextLoader&apos;, parent = [null]]], class annotated with @DirtiesContext [false] with mode [null], method annotated with @DirtiesContext [false] with mode [null].
</system-out>
  </testcase>
  <testcase classname="com.company.service.impl.DynamicSQLServiceTest" name="dynamicUpdateSQL" time="0.106">
    <error message="nested exception is org.apache.ibatis.exceptions.PersistenceException: 
### Error updating database.  Cause: org.springframework.jdbc.CannotGetJdbcConnectionException: Could not get JDBC Connection; nested exception is java.sql.SQLException: Access denied for user &apos;root&apos;@&apos;localhost&apos; (using password: YES)
### Cause: org.springframework.jdbc.CannotGetJdbcConnectionException: Could not get JDBC Connection; nested exception is java.sql.SQLException: Access denied for user &apos;root&apos;@&apos;localhost&apos; (using password: YES)" type="org.mybatis.spring.MyBatisSystemException">org.mybatis.spring.MyBatisSystemException: nested exception is org.apache.ibatis.exceptions.PersistenceException: 
### Error updating database.  Cause: org.springframework.jdbc.CannotGetJdbcConnectionException: Could not get JDBC Connection; nested exception is java.sql.SQLException: Access denied for user &apos;root&apos;@&apos;localhost&apos; (using password: YES)
### Cause: org.springframework.jdbc.CannotGetJdbcConnectionException: Could not get JDBC Connection; nested exception is java.sql.SQLException: Access denied for user &apos;root&apos;@&apos;localhost&apos; (using password: YES)
	at org.mybatis.spring.MyBatisExceptionTranslator.translateExceptionIfPossible(MyBatisExceptionTranslator.java:73)
	at org.mybatis.spring.SqlSessionTemplate$SqlSessionInterceptor.invoke(SqlSessionTemplate.java:364)
	at com.sun.proxy.$Proxy22.update(Unknown Source)
	at org.mybatis.spring.SqlSessionTemplate.update(SqlSessionTemplate.java:250)
	at org.apache.ibatis.binding.MapperMethod.execute(MapperMethod.java:49)
	at org.apache.ibatis.binding.MapperProxy.invoke(MapperProxy.java:43)
	at com.sun.proxy.$Proxy28.dynamicUpdateSQL(Unknown Source)
	at com.company.service.impl.DynamicSQLService.dynamicUpdateSQL(DynamicSQLService.java:40)
	at com.company.service.impl.DynamicSQLService$$FastClassBySpringCGLIB$$3e5d7a2f.invoke(&lt;generated&gt;)
	at org.springframework.cglib.proxy.MethodProxy.invoke(MethodProxy.java:204)
	at org.springframework.aop.framework.CglibAopProxy$CglibMethodInvocation.invokeJoinpoint(CglibAopProxy.java:736)
	at org.springframework.aop.framework.ReflectiveMethodInvocation.proceed(ReflectiveMethodInvocation.java:157)
	at org.springframework.transaction.interceptor.TransactionInterceptor$1.proceedWithInvocation(TransactionInterceptor.java:99)
	at org.springframework.transaction.interceptor.TransactionAspectSupport.invokeWithinTransaction(TransactionAspectSupport.java:282)
	at org.springframework.transaction.interceptor.TransactionInterceptor.invoke(TransactionInterceptor.java:96)
	at org.springframework.aop.framework.ReflectiveMethodInvocation.proceed(ReflectiveMethodInvocation.java:179)
	at org.springframework.aop.interceptor.ExposeInvocationInterceptor.invoke(ExposeInvocationInterceptor.java:92)
	at org.springframework.aop.framework.ReflectiveMethodInvocation.proceed(ReflectiveMethodInvocation.java:179)
	at org.springframework.aop.framework.CglibAopProxy$DynamicAdvisedInterceptor.intercept(CglibAopProxy.java:671)
	at com.company.service.impl.DynamicSQLService$$EnhancerBySpringCGLIB$$2547624a.dynamicUpdateSQL(&lt;generated&gt;)
	at com.company.service.impl.DynamicSQLServiceTest.dynamicUpdateSQL(DynamicSQLServiceTest.java:91)
	at sun.reflect.NativeMethodAccessorImpl.invoke0(Native Method)
	at sun.reflect.NativeMethodAccessorImpl.invoke(NativeMethodAccessorImpl.java:62)
	at sun.reflect.DelegatingMethodAccessorImpl.invoke(DelegatingMethodAccessorImpl.java:43)
	at java.lang.reflect.Method.invoke(Method.java:498)
	at org.junit.runners.model.FrameworkMethod$1.runReflectiveCall(FrameworkMethod.java:50)
	at org.junit.internal.runners.model.ReflectiveCallable.run(ReflectiveCallable.java:12)
	at org.junit.runners.model.FrameworkMethod.invokeExplosively(FrameworkMethod.java:47)
	at org.junit.internal.runners.statements.InvokeMethod.evaluate(InvokeMethod.java:17)
	at org.springframework.test.context.junit4.statements.RunBeforeTestMethodCallbacks.evaluate(RunBeforeTestMethodCallbacks.java:75)
	at org.springframework.test.context.junit4.statements.RunAfterTestMethodCallbacks.evaluate(RunAfterTestMethodCallbacks.java:86)
	at org.springframework.test.context.junit4.statements.SpringRepeat.evaluate(SpringRepeat.java:84)
	at org.junit.runners.ParentRunner.runLeaf(ParentRunner.java:325)
	at org.springframework.test.context.junit4.SpringJUnit4ClassRunner.runChild(SpringJUnit4ClassRunner.java:252)
	at org.springframework.test.context.junit4.SpringJUnit4ClassRunner.runChild(SpringJUnit4ClassRunner.java:94)
	at org.junit.runners.ParentRunner$3.run(ParentRunner.java:290)
	at org.junit.runners.ParentRunner$1.schedule(ParentRunner.java:71)
	at org.junit.runners.ParentRunner.runChildren(ParentRunner.java:288)
	at org.junit.runners.ParentRunner.access$000(ParentRunner.java:58)
	at org.junit.runners.ParentRunner$2.evaluate(ParentRunner.java:268)
	at org.springframework.test.context.junit4.statements.RunBeforeTestClassCallbacks.evaluate(RunBeforeTestClassCallbacks.java:61)
	at org.springframework.test.context.junit4.statements.RunAfterTestClassCallbacks.evaluate(RunAfterTestClassCallbacks.java:70)
	at org.junit.runners.ParentRunner.run(ParentRunner.java:363)
	at org.springframework.test.context.junit4.SpringJUnit4ClassRunner.run(SpringJUnit4ClassRunner.java:191)
	at org.apache.maven.surefire.junit4.JUnit4Provider.execute(JUnit4Provider.java:252)
	at org.apache.maven.surefire.junit4.JUnit4Provider.executeTestSet(JUnit4Provider.java:141)
	at org.apache.maven.surefire.junit4.JUnit4Provider.invoke(JUnit4Provider.java:112)
	at sun.reflect.NativeMethodAccessorImpl.invoke0(Native Method)
	at sun.reflect.NativeMethodAccessorImpl.invoke(NativeMethodAccessorImpl.java:62)
	at sun.reflect.DelegatingMethodAccessorImpl.invoke(DelegatingMethodAccessorImpl.java:43)
	at java.lang.reflect.Method.invoke(Method.java:498)
	at org.apache.maven.surefire.util.ReflectionUtils.invokeMethodWithArray(ReflectionUtils.java:189)
	at org.apache.maven.surefire.booter.ProviderFactory$ProviderProxy.invoke(ProviderFactory.java:165)
	at org.apache.maven.surefire.booter.ProviderFactory.invokeProvider(ProviderFactory.java:85)
	at org.apache.maven.surefire.booter.ForkedBooter.runSuitesInProcess(ForkedBooter.java:115)
	at org.apache.maven.surefire.booter.ForkedBooter.main(ForkedBooter.java:75)
Caused by: org.apache.ibatis.exceptions.PersistenceException: 
### Error updating database.  Cause: org.springframework.jdbc.CannotGetJdbcConnectionException: Could not get JDBC Connection; nested exception is java.sql.SQLException: Access denied for user &apos;root&apos;@&apos;localhost&apos; (using password: YES)
### Cause: org.springframework.jdbc.CannotGetJdbcConnectionException: Could not get JDBC Connection; nested exception is java.sql.SQLException: Access denied for user &apos;root&apos;@&apos;localhost&apos; (using password: YES)
	at org.apache.ibatis.exceptions.ExceptionFactory.wrapException(ExceptionFactory.java:23)
	at org.apache.ibatis.session.defaults.DefaultSqlSession.update(DefaultSqlSession.java:150)
	at sun.reflect.NativeMethodAccessorImpl.invoke0(Native Method)
	at sun.reflect.NativeMethodAccessorImpl.invoke(NativeMethodAccessorImpl.java:62)
	at sun.reflect.DelegatingMethodAccessorImpl.invoke(DelegatingMethodAccessorImpl.java:43)
	at java.lang.reflect.Method.invoke(Method.java:498)
	at org.mybatis.spring.SqlSessionTemplate$SqlSessionInterceptor.invoke(SqlSessionTemplate.java:354)
	... 54 more
Caused by: org.springframework.jdbc.CannotGetJdbcConnectionException: Could not get JDBC Connection; nested exception is java.sql.SQLException: Access denied for user &apos;root&apos;@&apos;localhost&apos; (using password: YES)
	at org.springframework.jdbc.datasource.DataSourceUtils.getConnection(DataSourceUtils.java:80)
	at org.mybatis.spring.transaction.SpringManagedTransaction.openConnection(SpringManagedTransaction.java:80)
	at org.mybatis.spring.transaction.SpringManagedTransaction.getConnection(SpringManagedTransaction.java:66)
	at org.apache.ibatis.executor.BaseExecutor.getConnection(BaseExecutor.java:271)
	at org.apache.ibatis.executor.SimpleExecutor.prepareStatement(SimpleExecutor.java:69)
	at org.apache.ibatis.executor.SimpleExecutor.doUpdate(SimpleExecutor.java:44)
	at org.apache.ibatis.executor.BaseExecutor.update(BaseExecutor.java:100)
	at org.apache.ibatis.executor.CachingExecutor.update(CachingExecutor.java:75)
	at sun.reflect.NativeMethodAccessorImpl.invoke0(Native Method)
	at sun.reflect.NativeMethodAccessorImpl.invoke(NativeMethodAccessorImpl.java:62)
	at sun.reflect.DelegatingMethodAccessorImpl.invoke(DelegatingMethodAccessorImpl.java:43)
	at java.lang.reflect.Method.invoke(Method.java:498)
	at org.apache.ibatis.plugin.Plugin.invoke(Plugin.java:59)
	at com.sun.proxy.$Proxy33.update(Unknown Source)
	at org.apache.ibatis.session.defaults.DefaultSqlSession.update(DefaultSqlSession.java:148)
	... 59 more
Caused by: java.sql.SQLException: Access denied for user &apos;root&apos;@&apos;localhost&apos; (using password: YES)
	at com.mysql.jdbc.SQLError.createSQLException(SQLError.java:1086)
	at com.mysql.jdbc.MysqlIO.checkErrorPacket(MysqlIO.java:4237)
	at com.mysql.jdbc.MysqlIO.checkErrorPacket(MysqlIO.java:4169)
	at com.mysql.jdbc.MysqlIO.checkErrorPacket(MysqlIO.java:928)
	at com.mysql.jdbc.MysqlIO.proceedHandshakeWithPluggableAuthentication(MysqlIO.java:1750)
	at com.mysql.jdbc.MysqlIO.doHandshake(MysqlIO.java:1290)
	at com.mysql.jdbc.ConnectionImpl.coreConnect(ConnectionImpl.java:2502)
	at com.mysql.jdbc.ConnectionImpl.connectOneTryOnly(ConnectionImpl.java:2535)
	at com.mysql.jdbc.ConnectionImpl.createNewIO(ConnectionImpl.java:2320)
	at com.mysql.jdbc.ConnectionImpl.&lt;init&gt;(ConnectionImpl.java:834)
	at com.mysql.jdbc.JDBC4Connection.&lt;init&gt;(JDBC4Connection.java:46)
	at sun.reflect.NativeConstructorAccessorImpl.newInstance0(Native Method)
	at sun.reflect.NativeConstructorAccessorImpl.newInstance(NativeConstructorAccessorImpl.java:62)
	at sun.reflect.DelegatingConstructorAccessorImpl.newInstance(DelegatingConstructorAccessorImpl.java:45)
	at java.lang.reflect.Constructor.newInstance(Constructor.java:423)
	at com.mysql.jdbc.Util.handleNewInstance(Util.java:411)
	at com.mysql.jdbc.ConnectionImpl.getInstance(ConnectionImpl.java:416)
	at com.mysql.jdbc.NonRegisteringDriver.connect(NonRegisteringDriver.java:347)
	at java.sql.DriverManager.getConnection(DriverManager.java:664)
	at java.sql.DriverManager.getConnection(DriverManager.java:208)
	at org.springframework.jdbc.datasource.DriverManagerDataSource.getConnectionFromDriverManager(DriverManagerDataSource.java:153)
	at org.springframework.jdbc.datasource.DriverManagerDataSource.getConnectionFromDriver(DriverManagerDataSource.java:144)
	at org.springframework.jdbc.datasource.AbstractDriverBasedDataSource.getConnectionFromDriver(AbstractDriverBasedDataSource.java:196)
	at org.springframework.jdbc.datasource.AbstractDriverBasedDataSource.getConnection(AbstractDriverBasedDataSource.java:159)
	at org.springframework.jdbc.datasource.DataSourceUtils.doGetConnection(DataSourceUtils.java:111)
	at org.springframework.jdbc.datasource.DataSourceUtils.getConnection(DataSourceUtils.java:77)
	... 73 more
</error>
    <system-out>09:29:03,458 DEBUG ProfileValueUtils:68 - Retrieved @ProfileValueSourceConfiguration [null] for test class [com.company.service.impl.DynamicSQLServiceTest]
09:29:03,459 DEBUG ProfileValueUtils:80 - Retrieved ProfileValueSource type [class org.springframework.test.annotation.SystemProfileValueSource] for class [com.company.service.impl.DynamicSQLServiceTest]
09:29:03,459 DEBUG DependencyInjectionTestExecutionListener:81 - Performing dependency injection for test context [[DefaultTestContext@617faa95 testClass = DynamicSQLServiceTest, testInstance = com.company.service.impl.DynamicSQLServiceTest@6155d082, testMethod = [null], testException = [null], mergedContextConfiguration = [MergedContextConfiguration@1e127982 testClass = DynamicSQLServiceTest, locations = &apos;{classpath:applicationContext.xml}&apos;, classes = &apos;{}&apos;, contextInitializerClasses = &apos;[]&apos;, activeProfiles = &apos;{}&apos;, propertySourceLocations = &apos;{}&apos;, propertySourceProperties = &apos;{}&apos;, contextCustomizers = set[[empty]], contextLoader = &apos;org.springframework.test.context.support.DelegatingSmartContextLoader&apos;, parent = [null]]]].
09:29:03,459 DEBUG DefaultCacheAwareContextLoaderDelegate:129 - Retrieved ApplicationContext from cache with key [[MergedContextConfiguration@1e127982 testClass = DynamicSQLServiceTest, locations = &apos;{classpath:applicationContext.xml}&apos;, classes = &apos;{}&apos;, contextInitializerClasses = &apos;[]&apos;, activeProfiles = &apos;{}&apos;, propertySourceLocations = &apos;{}&apos;, propertySourceProperties = &apos;{}&apos;, contextCustomizers = set[[empty]], contextLoader = &apos;org.springframework.test.context.support.DelegatingSmartContextLoader&apos;, parent = [null]]]
09:29:03,459 DEBUG cache:290 - Spring test ApplicationContext cache statistics: [DefaultContextCache@27d4a09 size = 1, maxSize = 32, parentContextCount = 0, hitCount = 1, missCount = 1]
09:29:03,460 DEBUG InjectionMetadata:86 - Processing injected element of bean &apos;com.company.service.impl.DynamicSQLServiceTest&apos;: AutowiredFieldElement for com.company.service.impl.DynamicSQLService com.company.service.impl.DynamicSQLServiceTest.dynamicSQLService
09:29:03,460 DEBUG DefaultListableBeanFactory:251 - Returning cached instance of singleton bean &apos;dynamicSQLService&apos;
09:29:03,460 DEBUG DefaultListableBeanFactory:251 - Returning cached instance of singleton bean &apos;org.springframework.aop.support.DefaultBeanFactoryPointcutAdvisor#0&apos;
09:29:03,460 DEBUG DefaultListableBeanFactory:251 - Returning cached instance of singleton bean &apos;org.springframework.aop.support.DefaultBeanFactoryPointcutAdvisor#0&apos;
09:29:03,460 DEBUG AspectJAwareAdvisorAutoProxyCreator:524 - Creating implicit proxy for bean &apos;com.company.service.impl.DynamicSQLServiceTest&apos; with 0 common interceptors and 2 specific interceptors
09:29:03,461 DEBUG CglibAopProxy:157 - Creating CGLIB proxy: target source is SingletonTargetSource for target object [com.company.service.impl.DynamicSQLServiceTest@6155d082]
09:29:03,461 DEBUG AbstractDirtiesContextTestExecutionListener:106 - Before test method: context [DefaultTestContext@617faa95 testClass = DynamicSQLServiceTest, testInstance = com.company.service.impl.DynamicSQLServiceTest@6155d082, testMethod = dynamicUpdateSQL@DynamicSQLServiceTest, testException = [null], mergedContextConfiguration = [MergedContextConfiguration@1e127982 testClass = DynamicSQLServiceTest, locations = &apos;{classpath:applicationContext.xml}&apos;, classes = &apos;{}&apos;, contextInitializerClasses = &apos;[]&apos;, activeProfiles = &apos;{}&apos;, propertySourceLocations = &apos;{}&apos;, propertySourceProperties = &apos;{}&apos;, contextCustomizers = set[[empty]], contextLoader = &apos;org.springframework.test.context.support.DelegatingSmartContextLoader&apos;, parent = [null]]], class annotated with @DirtiesContext [false] with mode [null], method annotated with @DirtiesContext [false] with mode [null].
09:29:03,480 DEBUG SqlSessionUtils:106 - Creating a new SqlSession
09:29:03,490 DEBUG SqlSessionUtils:142 - SqlSession [org.apache.ibatis.session.defaults.DefaultSqlSession@66ac5762] was not registered for synchronization because synchronization is not active
09:29:03,556 DEBUG DataSourceUtils:110 - Fetching JDBC Connection from DataSource
09:29:03,556 DEBUG DriverManagerDataSource:142 - Creating new JDBC DriverManager Connection to [jdbc:mysql://localhost:3306/test]
09:29:03,562 DEBUG SqlSessionUtils:170 - Closing non transactional SqlSession [org.apache.ibatis.session.defaults.DefaultSqlSession@66ac5762]
09:29:03,563 DEBUG AbstractDirtiesContextTestExecutionListener:106 - After test method: context [DefaultTestContext@617faa95 testClass = DynamicSQLServiceTest, testInstance = com.company.service.impl.DynamicSQLServiceTest@6155d082, testMethod = dynamicUpdateSQL@DynamicSQLServiceTest, testException = org.mybatis.spring.MyBatisSystemException: nested exception is org.apache.ibatis.exceptions.PersistenceException: 
### Error updating database.  Cause: org.springframework.jdbc.CannotGetJdbcConnectionException: Could not get JDBC Connection; nested exception is java.sql.SQLException: Access denied for user &apos;root&apos;@&apos;localhost&apos; (using password: YES)
### Cause: org.springframework.jdbc.CannotGetJdbcConnectionException: Could not get JDBC Connection; nested exception is java.sql.SQLException: Access denied for user &apos;root&apos;@&apos;localhost&apos; (using password: YES), mergedContextConfiguration = [MergedContextConfiguration@1e127982 testClass = DynamicSQLServiceTest, locations = &apos;{classpath:applicationContext.xml}&apos;, classes = &apos;{}&apos;, contextInitializerClasses = &apos;[]&apos;, activeProfiles = &apos;{}&apos;, propertySourceLocations = &apos;{}&apos;, propertySourceProperties = &apos;{}&apos;, contextCustomizers = set[[empty]], contextLoader = &apos;org.springframework.test.context.support.DelegatingSmartContextLoader&apos;, parent = [null]]], class annotated with @DirtiesContext [false] with mode [null], method annotated with @DirtiesContext [false] with mode [null].
</system-out>
  </testcase>
  <testcase classname="com.company.service.impl.DynamicSQLServiceTest" name="findByIds1" time="0.006">
    <error message="Could not open JDBC Connection for transaction; nested exception is java.sql.SQLException: Access denied for user &apos;root&apos;@&apos;localhost&apos; (using password: YES)" type="org.springframework.transaction.CannotCreateTransactionException">org.springframework.transaction.CannotCreateTransactionException: Could not open JDBC Connection for transaction; nested exception is java.sql.SQLException: Access denied for user &apos;root&apos;@&apos;localhost&apos; (using password: YES)
	at org.springframework.jdbc.datasource.DataSourceTransactionManager.doBegin(DataSourceTransactionManager.java:289)
	at org.springframework.transaction.support.AbstractPlatformTransactionManager.getTransaction(AbstractPlatformTransactionManager.java:377)
	at org.springframework.transaction.interceptor.TransactionAspectSupport.createTransactionIfNecessary(TransactionAspectSupport.java:461)
	at org.springframework.transaction.interceptor.TransactionAspectSupport.invokeWithinTransaction(TransactionAspectSupport.java:277)
	at org.springframework.transaction.interceptor.TransactionInterceptor.invoke(TransactionInterceptor.java:96)
	at org.springframework.aop.framework.ReflectiveMethodInvocation.proceed(ReflectiveMethodInvocation.java:179)
	at org.springframework.aop.interceptor.ExposeInvocationInterceptor.invoke(ExposeInvocationInterceptor.java:92)
	at org.springframework.aop.framework.ReflectiveMethodInvocation.proceed(ReflectiveMethodInvocation.java:179)
	at org.springframework.aop.framework.CglibAopProxy$DynamicAdvisedInterceptor.intercept(CglibAopProxy.java:671)
	at com.company.service.impl.DynamicSQLService$$EnhancerBySpringCGLIB$$2547624a.findByIds1(&lt;generated&gt;)
	at com.company.service.impl.DynamicSQLServiceTest.findByIds1(DynamicSQLServiceTest.java:110)
	at sun.reflect.NativeMethodAccessorImpl.invoke0(Native Method)
	at sun.reflect.NativeMethodAccessorImpl.invoke(NativeMethodAccessorImpl.java:62)
	at sun.reflect.DelegatingMethodAccessorImpl.invoke(DelegatingMethodAccessorImpl.java:43)
	at java.lang.reflect.Method.invoke(Method.java:498)
	at org.junit.runners.model.FrameworkMethod$1.runReflectiveCall(FrameworkMethod.java:50)
	at org.junit.internal.runners.model.ReflectiveCallable.run(ReflectiveCallable.java:12)
	at org.junit.runners.model.FrameworkMethod.invokeExplosively(FrameworkMethod.java:47)
	at org.junit.internal.runners.statements.InvokeMethod.evaluate(InvokeMethod.java:17)
	at org.springframework.test.context.junit4.statements.RunBeforeTestMethodCallbacks.evaluate(RunBeforeTestMethodCallbacks.java:75)
	at org.springframework.test.context.junit4.statements.RunAfterTestMethodCallbacks.evaluate(RunAfterTestMethodCallbacks.java:86)
	at org.springframework.test.context.junit4.statements.SpringRepeat.evaluate(SpringRepeat.java:84)
	at org.junit.runners.ParentRunner.runLeaf(ParentRunner.java:325)
	at org.springframework.test.context.junit4.SpringJUnit4ClassRunner.runChild(SpringJUnit4ClassRunner.java:252)
	at org.springframework.test.context.junit4.SpringJUnit4ClassRunner.runChild(SpringJUnit4ClassRunner.java:94)
	at org.junit.runners.ParentRunner$3.run(ParentRunner.java:290)
	at org.junit.runners.ParentRunner$1.schedule(ParentRunner.java:71)
	at org.junit.runners.ParentRunner.runChildren(ParentRunner.java:288)
	at org.junit.runners.ParentRunner.access$000(ParentRunner.java:58)
	at org.junit.runners.ParentRunner$2.evaluate(ParentRunner.java:268)
	at org.springframework.test.context.junit4.statements.RunBeforeTestClassCallbacks.evaluate(RunBeforeTestClassCallbacks.java:61)
	at org.springframework.test.context.junit4.statements.RunAfterTestClassCallbacks.evaluate(RunAfterTestClassCallbacks.java:70)
	at org.junit.runners.ParentRunner.run(ParentRunner.java:363)
	at org.springframework.test.context.junit4.SpringJUnit4ClassRunner.run(SpringJUnit4ClassRunner.java:191)
	at org.apache.maven.surefire.junit4.JUnit4Provider.execute(JUnit4Provider.java:252)
	at org.apache.maven.surefire.junit4.JUnit4Provider.executeTestSet(JUnit4Provider.java:141)
	at org.apache.maven.surefire.junit4.JUnit4Provider.invoke(JUnit4Provider.java:112)
	at sun.reflect.NativeMethodAccessorImpl.invoke0(Native Method)
	at sun.reflect.NativeMethodAccessorImpl.invoke(NativeMethodAccessorImpl.java:62)
	at sun.reflect.DelegatingMethodAccessorImpl.invoke(DelegatingMethodAccessorImpl.java:43)
	at java.lang.reflect.Method.invoke(Method.java:498)
	at org.apache.maven.surefire.util.ReflectionUtils.invokeMethodWithArray(ReflectionUtils.java:189)
	at org.apache.maven.surefire.booter.ProviderFactory$ProviderProxy.invoke(ProviderFactory.java:165)
	at org.apache.maven.surefire.booter.ProviderFactory.invokeProvider(ProviderFactory.java:85)
	at org.apache.maven.surefire.booter.ForkedBooter.runSuitesInProcess(ForkedBooter.java:115)
	at org.apache.maven.surefire.booter.ForkedBooter.main(ForkedBooter.java:75)
Caused by: java.sql.SQLException: Access denied for user &apos;root&apos;@&apos;localhost&apos; (using password: YES)
	at com.mysql.jdbc.SQLError.createSQLException(SQLError.java:1086)
	at com.mysql.jdbc.MysqlIO.checkErrorPacket(MysqlIO.java:4237)
	at com.mysql.jdbc.MysqlIO.checkErrorPacket(MysqlIO.java:4169)
	at com.mysql.jdbc.MysqlIO.checkErrorPacket(MysqlIO.java:928)
	at com.mysql.jdbc.MysqlIO.proceedHandshakeWithPluggableAuthentication(MysqlIO.java:1750)
	at com.mysql.jdbc.MysqlIO.doHandshake(MysqlIO.java:1290)
	at com.mysql.jdbc.ConnectionImpl.coreConnect(ConnectionImpl.java:2502)
	at com.mysql.jdbc.ConnectionImpl.connectOneTryOnly(ConnectionImpl.java:2535)
	at com.mysql.jdbc.ConnectionImpl.createNewIO(ConnectionImpl.java:2320)
	at com.mysql.jdbc.ConnectionImpl.&lt;init&gt;(ConnectionImpl.java:834)
	at com.mysql.jdbc.JDBC4Connection.&lt;init&gt;(JDBC4Connection.java:46)
	at sun.reflect.NativeConstructorAccessorImpl.newInstance0(Native Method)
	at sun.reflect.NativeConstructorAccessorImpl.newInstance(NativeConstructorAccessorImpl.java:62)
	at sun.reflect.DelegatingConstructorAccessorImpl.newInstance(DelegatingConstructorAccessorImpl.java:45)
	at java.lang.reflect.Constructor.newInstance(Constructor.java:423)
	at com.mysql.jdbc.Util.handleNewInstance(Util.java:411)
	at com.mysql.jdbc.ConnectionImpl.getInstance(ConnectionImpl.java:416)
	at com.mysql.jdbc.NonRegisteringDriver.connect(NonRegisteringDriver.java:347)
	at java.sql.DriverManager.getConnection(DriverManager.java:664)
	at java.sql.DriverManager.getConnection(DriverManager.java:208)
	at org.springframework.jdbc.datasource.DriverManagerDataSource.getConnectionFromDriverManager(DriverManagerDataSource.java:153)
	at org.springframework.jdbc.datasource.DriverManagerDataSource.getConnectionFromDriver(DriverManagerDataSource.java:144)
	at org.springframework.jdbc.datasource.AbstractDriverBasedDataSource.getConnectionFromDriver(AbstractDriverBasedDataSource.java:196)
	at org.springframework.jdbc.datasource.AbstractDriverBasedDataSource.getConnection(AbstractDriverBasedDataSource.java:159)
	at org.springframework.jdbc.datasource.DataSourceTransactionManager.doBegin(DataSourceTransactionManager.java:246)
	... 45 more
</error>
    <system-out>09:29:03,567 DEBUG ProfileValueUtils:68 - Retrieved @ProfileValueSourceConfiguration [null] for test class [com.company.service.impl.DynamicSQLServiceTest]
09:29:03,568 DEBUG ProfileValueUtils:80 - Retrieved ProfileValueSource type [class org.springframework.test.annotation.SystemProfileValueSource] for class [com.company.service.impl.DynamicSQLServiceTest]
09:29:03,568 DEBUG DependencyInjectionTestExecutionListener:81 - Performing dependency injection for test context [[DefaultTestContext@617faa95 testClass = DynamicSQLServiceTest, testInstance = com.company.service.impl.DynamicSQLServiceTest@23aa363a, testMethod = [null], testException = [null], mergedContextConfiguration = [MergedContextConfiguration@1e127982 testClass = DynamicSQLServiceTest, locations = &apos;{classpath:applicationContext.xml}&apos;, classes = &apos;{}&apos;, contextInitializerClasses = &apos;[]&apos;, activeProfiles = &apos;{}&apos;, propertySourceLocations = &apos;{}&apos;, propertySourceProperties = &apos;{}&apos;, contextCustomizers = set[[empty]], contextLoader = &apos;org.springframework.test.context.support.DelegatingSmartContextLoader&apos;, parent = [null]]]].
09:29:03,569 DEBUG DefaultCacheAwareContextLoaderDelegate:129 - Retrieved ApplicationContext from cache with key [[MergedContextConfiguration@1e127982 testClass = DynamicSQLServiceTest, locations = &apos;{classpath:applicationContext.xml}&apos;, classes = &apos;{}&apos;, contextInitializerClasses = &apos;[]&apos;, activeProfiles = &apos;{}&apos;, propertySourceLocations = &apos;{}&apos;, propertySourceProperties = &apos;{}&apos;, contextCustomizers = set[[empty]], contextLoader = &apos;org.springframework.test.context.support.DelegatingSmartContextLoader&apos;, parent = [null]]]
09:29:03,569 DEBUG cache:290 - Spring test ApplicationContext cache statistics: [DefaultContextCache@27d4a09 size = 1, maxSize = 32, parentContextCount = 0, hitCount = 2, missCount = 1]
09:29:03,569 DEBUG InjectionMetadata:86 - Processing injected element of bean &apos;com.company.service.impl.DynamicSQLServiceTest&apos;: AutowiredFieldElement for com.company.service.impl.DynamicSQLService com.company.service.impl.DynamicSQLServiceTest.dynamicSQLService
09:29:03,569 DEBUG DefaultListableBeanFactory:251 - Returning cached instance of singleton bean &apos;dynamicSQLService&apos;
09:29:03,570 DEBUG DefaultListableBeanFactory:251 - Returning cached instance of singleton bean &apos;org.springframework.aop.support.DefaultBeanFactoryPointcutAdvisor#0&apos;
09:29:03,570 DEBUG DefaultListableBeanFactory:251 - Returning cached instance of singleton bean &apos;org.springframework.aop.support.DefaultBeanFactoryPointcutAdvisor#0&apos;
09:29:03,570 DEBUG AspectJAwareAdvisorAutoProxyCreator:524 - Creating implicit proxy for bean &apos;com.company.service.impl.DynamicSQLServiceTest&apos; with 0 common interceptors and 2 specific interceptors
09:29:03,570 DEBUG CglibAopProxy:157 - Creating CGLIB proxy: target source is SingletonTargetSource for target object [com.company.service.impl.DynamicSQLServiceTest@23aa363a]
09:29:03,571 DEBUG AbstractDirtiesContextTestExecutionListener:106 - Before test method: context [DefaultTestContext@617faa95 testClass = DynamicSQLServiceTest, testInstance = com.company.service.impl.DynamicSQLServiceTest@23aa363a, testMethod = findByIds1@DynamicSQLServiceTest, testException = [null], mergedContextConfiguration = [MergedContextConfiguration@1e127982 testClass = DynamicSQLServiceTest, locations = &apos;{classpath:applicationContext.xml}&apos;, classes = &apos;{}&apos;, contextInitializerClasses = &apos;[]&apos;, activeProfiles = &apos;{}&apos;, propertySourceLocations = &apos;{}&apos;, propertySourceProperties = &apos;{}&apos;, contextCustomizers = set[[empty]], contextLoader = &apos;org.springframework.test.context.support.DelegatingSmartContextLoader&apos;, parent = [null]]], class annotated with @DirtiesContext [false] with mode [null], method annotated with @DirtiesContext [false] with mode [null].
09:29:03,572 DEBUG DataSourceTransactionManager:371 - Creating new transaction with name [com.company.service.impl.DynamicSQLService.findByIds1]: PROPAGATION_REQUIRED,ISOLATION_READ_COMMITTED,readOnly
09:29:03,572 DEBUG DriverManagerDataSource:142 - Creating new JDBC DriverManager Connection to [jdbc:mysql://localhost:3306/test]
09:29:03,576 DEBUG AbstractDirtiesContextTestExecutionListener:106 - After test method: context [DefaultTestContext@617faa95 testClass = DynamicSQLServiceTest, testInstance = com.company.service.impl.DynamicSQLServiceTest@23aa363a, testMethod = findByIds1@DynamicSQLServiceTest, testException = org.springframework.transaction.CannotCreateTransactionException: Could not open JDBC Connection for transaction; nested exception is java.sql.SQLException: Access denied for user &apos;root&apos;@&apos;localhost&apos; (using password: YES), mergedContextConfiguration = [MergedContextConfiguration@1e127982 testClass = DynamicSQLServiceTest, locations = &apos;{classpath:applicationContext.xml}&apos;, classes = &apos;{}&apos;, contextInitializerClasses = &apos;[]&apos;, activeProfiles = &apos;{}&apos;, propertySourceLocations = &apos;{}&apos;, propertySourceProperties = &apos;{}&apos;, contextCustomizers = set[[empty]], contextLoader = &apos;org.springframework.test.context.support.DelegatingSmartContextLoader&apos;, parent = [null]]], class annotated with @DirtiesContext [false] with mode [null], method annotated with @DirtiesContext [false] with mode [null].
</system-out>
  </testcase>
  <testcase classname="com.company.service.impl.DynamicSQLServiceTest" name="findByIds2" time="0.006">
    <error message="Could not open JDBC Connection for transaction; nested exception is java.sql.SQLException: Access denied for user &apos;root&apos;@&apos;localhost&apos; (using password: YES)" type="org.springframework.transaction.CannotCreateTransactionException">org.springframework.transaction.CannotCreateTransactionException: Could not open JDBC Connection for transaction; nested exception is java.sql.SQLException: Access denied for user &apos;root&apos;@&apos;localhost&apos; (using password: YES)
	at org.springframework.jdbc.datasource.DataSourceTransactionManager.doBegin(DataSourceTransactionManager.java:289)
	at org.springframework.transaction.support.AbstractPlatformTransactionManager.getTransaction(AbstractPlatformTransactionManager.java:377)
	at org.springframework.transaction.interceptor.TransactionAspectSupport.createTransactionIfNecessary(TransactionAspectSupport.java:461)
	at org.springframework.transaction.interceptor.TransactionAspectSupport.invokeWithinTransaction(TransactionAspectSupport.java:277)
	at org.springframework.transaction.interceptor.TransactionInterceptor.invoke(TransactionInterceptor.java:96)
	at org.springframework.aop.framework.ReflectiveMethodInvocation.proceed(ReflectiveMethodInvocation.java:179)
	at org.springframework.aop.interceptor.ExposeInvocationInterceptor.invoke(ExposeInvocationInterceptor.java:92)
	at org.springframework.aop.framework.ReflectiveMethodInvocation.proceed(ReflectiveMethodInvocation.java:179)
	at org.springframework.aop.framework.CglibAopProxy$DynamicAdvisedInterceptor.intercept(CglibAopProxy.java:671)
	at com.company.service.impl.DynamicSQLService$$EnhancerBySpringCGLIB$$2547624a.findByIds2(&lt;generated&gt;)
	at com.company.service.impl.DynamicSQLServiceTest.findByIds2(DynamicSQLServiceTest.java:125)
	at sun.reflect.NativeMethodAccessorImpl.invoke0(Native Method)
	at sun.reflect.NativeMethodAccessorImpl.invoke(NativeMethodAccessorImpl.java:62)
	at sun.reflect.DelegatingMethodAccessorImpl.invoke(DelegatingMethodAccessorImpl.java:43)
	at java.lang.reflect.Method.invoke(Method.java:498)
	at org.junit.runners.model.FrameworkMethod$1.runReflectiveCall(FrameworkMethod.java:50)
	at org.junit.internal.runners.model.ReflectiveCallable.run(ReflectiveCallable.java:12)
	at org.junit.runners.model.FrameworkMethod.invokeExplosively(FrameworkMethod.java:47)
	at org.junit.internal.runners.statements.InvokeMethod.evaluate(InvokeMethod.java:17)
	at org.springframework.test.context.junit4.statements.RunBeforeTestMethodCallbacks.evaluate(RunBeforeTestMethodCallbacks.java:75)
	at org.springframework.test.context.junit4.statements.RunAfterTestMethodCallbacks.evaluate(RunAfterTestMethodCallbacks.java:86)
	at org.springframework.test.context.junit4.statements.SpringRepeat.evaluate(SpringRepeat.java:84)
	at org.junit.runners.ParentRunner.runLeaf(ParentRunner.java:325)
	at org.springframework.test.context.junit4.SpringJUnit4ClassRunner.runChild(SpringJUnit4ClassRunner.java:252)
	at org.springframework.test.context.junit4.SpringJUnit4ClassRunner.runChild(SpringJUnit4ClassRunner.java:94)
	at org.junit.runners.ParentRunner$3.run(ParentRunner.java:290)
	at org.junit.runners.ParentRunner$1.schedule(ParentRunner.java:71)
	at org.junit.runners.ParentRunner.runChildren(ParentRunner.java:288)
	at org.junit.runners.ParentRunner.access$000(ParentRunner.java:58)
	at org.junit.runners.ParentRunner$2.evaluate(ParentRunner.java:268)
	at org.springframework.test.context.junit4.statements.RunBeforeTestClassCallbacks.evaluate(RunBeforeTestClassCallbacks.java:61)
	at org.springframework.test.context.junit4.statements.RunAfterTestClassCallbacks.evaluate(RunAfterTestClassCallbacks.java:70)
	at org.junit.runners.ParentRunner.run(ParentRunner.java:363)
	at org.springframework.test.context.junit4.SpringJUnit4ClassRunner.run(SpringJUnit4ClassRunner.java:191)
	at org.apache.maven.surefire.junit4.JUnit4Provider.execute(JUnit4Provider.java:252)
	at org.apache.maven.surefire.junit4.JUnit4Provider.executeTestSet(JUnit4Provider.java:141)
	at org.apache.maven.surefire.junit4.JUnit4Provider.invoke(JUnit4Provider.java:112)
	at sun.reflect.NativeMethodAccessorImpl.invoke0(Native Method)
	at sun.reflect.NativeMethodAccessorImpl.invoke(NativeMethodAccessorImpl.java:62)
	at sun.reflect.DelegatingMethodAccessorImpl.invoke(DelegatingMethodAccessorImpl.java:43)
	at java.lang.reflect.Method.invoke(Method.java:498)
	at org.apache.maven.surefire.util.ReflectionUtils.invokeMethodWithArray(ReflectionUtils.java:189)
	at org.apache.maven.surefire.booter.ProviderFactory$ProviderProxy.invoke(ProviderFactory.java:165)
	at org.apache.maven.surefire.booter.ProviderFactory.invokeProvider(ProviderFactory.java:85)
	at org.apache.maven.surefire.booter.ForkedBooter.runSuitesInProcess(ForkedBooter.java:115)
	at org.apache.maven.surefire.booter.ForkedBooter.main(ForkedBooter.java:75)
Caused by: java.sql.SQLException: Access denied for user &apos;root&apos;@&apos;localhost&apos; (using password: YES)
	at com.mysql.jdbc.SQLError.createSQLException(SQLError.java:1086)
	at com.mysql.jdbc.MysqlIO.checkErrorPacket(MysqlIO.java:4237)
	at com.mysql.jdbc.MysqlIO.checkErrorPacket(MysqlIO.java:4169)
	at com.mysql.jdbc.MysqlIO.checkErrorPacket(MysqlIO.java:928)
	at com.mysql.jdbc.MysqlIO.proceedHandshakeWithPluggableAuthentication(MysqlIO.java:1750)
	at com.mysql.jdbc.MysqlIO.doHandshake(MysqlIO.java:1290)
	at com.mysql.jdbc.ConnectionImpl.coreConnect(ConnectionImpl.java:2502)
	at com.mysql.jdbc.ConnectionImpl.connectOneTryOnly(ConnectionImpl.java:2535)
	at com.mysql.jdbc.ConnectionImpl.createNewIO(ConnectionImpl.java:2320)
	at com.mysql.jdbc.ConnectionImpl.&lt;init&gt;(ConnectionImpl.java:834)
	at com.mysql.jdbc.JDBC4Connection.&lt;init&gt;(JDBC4Connection.java:46)
	at sun.reflect.NativeConstructorAccessorImpl.newInstance0(Native Method)
	at sun.reflect.NativeConstructorAccessorImpl.newInstance(NativeConstructorAccessorImpl.java:62)
	at sun.reflect.DelegatingConstructorAccessorImpl.newInstance(DelegatingConstructorAccessorImpl.java:45)
	at java.lang.reflect.Constructor.newInstance(Constructor.java:423)
	at com.mysql.jdbc.Util.handleNewInstance(Util.java:411)
	at com.mysql.jdbc.ConnectionImpl.getInstance(ConnectionImpl.java:416)
	at com.mysql.jdbc.NonRegisteringDriver.connect(NonRegisteringDriver.java:347)
	at java.sql.DriverManager.getConnection(DriverManager.java:664)
	at java.sql.DriverManager.getConnection(DriverManager.java:208)
	at org.springframework.jdbc.datasource.DriverManagerDataSource.getConnectionFromDriverManager(DriverManagerDataSource.java:153)
	at org.springframework.jdbc.datasource.DriverManagerDataSource.getConnectionFromDriver(DriverManagerDataSource.java:144)
	at org.springframework.jdbc.datasource.AbstractDriverBasedDataSource.getConnectionFromDriver(AbstractDriverBasedDataSource.java:196)
	at org.springframework.jdbc.datasource.AbstractDriverBasedDataSource.getConnection(AbstractDriverBasedDataSource.java:159)
	at org.springframework.jdbc.datasource.DataSourceTransactionManager.doBegin(DataSourceTransactionManager.java:246)
	... 45 more
</error>
    <system-out>09:29:03,577 DEBUG ProfileValueUtils:68 - Retrieved @ProfileValueSourceConfiguration [null] for test class [com.company.service.impl.DynamicSQLServiceTest]
09:29:03,577 DEBUG ProfileValueUtils:80 - Retrieved ProfileValueSource type [class org.springframework.test.annotation.SystemProfileValueSource] for class [com.company.service.impl.DynamicSQLServiceTest]
09:29:03,578 DEBUG DependencyInjectionTestExecutionListener:81 - Performing dependency injection for test context [[DefaultTestContext@617faa95 testClass = DynamicSQLServiceTest, testInstance = com.company.service.impl.DynamicSQLServiceTest@1cdc4c27, testMethod = [null], testException = [null], mergedContextConfiguration = [MergedContextConfiguration@1e127982 testClass = DynamicSQLServiceTest, locations = &apos;{classpath:applicationContext.xml}&apos;, classes = &apos;{}&apos;, contextInitializerClasses = &apos;[]&apos;, activeProfiles = &apos;{}&apos;, propertySourceLocations = &apos;{}&apos;, propertySourceProperties = &apos;{}&apos;, contextCustomizers = set[[empty]], contextLoader = &apos;org.springframework.test.context.support.DelegatingSmartContextLoader&apos;, parent = [null]]]].
09:29:03,578 DEBUG DefaultCacheAwareContextLoaderDelegate:129 - Retrieved ApplicationContext from cache with key [[MergedContextConfiguration@1e127982 testClass = DynamicSQLServiceTest, locations = &apos;{classpath:applicationContext.xml}&apos;, classes = &apos;{}&apos;, contextInitializerClasses = &apos;[]&apos;, activeProfiles = &apos;{}&apos;, propertySourceLocations = &apos;{}&apos;, propertySourceProperties = &apos;{}&apos;, contextCustomizers = set[[empty]], contextLoader = &apos;org.springframework.test.context.support.DelegatingSmartContextLoader&apos;, parent = [null]]]
09:29:03,578 DEBUG cache:290 - Spring test ApplicationContext cache statistics: [DefaultContextCache@27d4a09 size = 1, maxSize = 32, parentContextCount = 0, hitCount = 3, missCount = 1]
09:29:03,578 DEBUG InjectionMetadata:86 - Processing injected element of bean &apos;com.company.service.impl.DynamicSQLServiceTest&apos;: AutowiredFieldElement for com.company.service.impl.DynamicSQLService com.company.service.impl.DynamicSQLServiceTest.dynamicSQLService
09:29:03,579 DEBUG DefaultListableBeanFactory:251 - Returning cached instance of singleton bean &apos;dynamicSQLService&apos;
09:29:03,579 DEBUG DefaultListableBeanFactory:251 - Returning cached instance of singleton bean &apos;org.springframework.aop.support.DefaultBeanFactoryPointcutAdvisor#0&apos;
09:29:03,579 DEBUG DefaultListableBeanFactory:251 - Returning cached instance of singleton bean &apos;org.springframework.aop.support.DefaultBeanFactoryPointcutAdvisor#0&apos;
09:29:03,580 DEBUG AspectJAwareAdvisorAutoProxyCreator:524 - Creating implicit proxy for bean &apos;com.company.service.impl.DynamicSQLServiceTest&apos; with 0 common interceptors and 2 specific interceptors
09:29:03,580 DEBUG CglibAopProxy:157 - Creating CGLIB proxy: target source is SingletonTargetSource for target object [com.company.service.impl.DynamicSQLServiceTest@1cdc4c27]
09:29:03,580 DEBUG AbstractDirtiesContextTestExecutionListener:106 - Before test method: context [DefaultTestContext@617faa95 testClass = DynamicSQLServiceTest, testInstance = com.company.service.impl.DynamicSQLServiceTest@1cdc4c27, testMethod = findByIds2@DynamicSQLServiceTest, testException = [null], mergedContextConfiguration = [MergedContextConfiguration@1e127982 testClass = DynamicSQLServiceTest, locations = &apos;{classpath:applicationContext.xml}&apos;, classes = &apos;{}&apos;, contextInitializerClasses = &apos;[]&apos;, activeProfiles = &apos;{}&apos;, propertySourceLocations = &apos;{}&apos;, propertySourceProperties = &apos;{}&apos;, contextCustomizers = set[[empty]], contextLoader = &apos;org.springframework.test.context.support.DelegatingSmartContextLoader&apos;, parent = [null]]], class annotated with @DirtiesContext [false] with mode [null], method annotated with @DirtiesContext [false] with mode [null].
09:29:03,581 DEBUG DataSourceTransactionManager:371 - Creating new transaction with name [com.company.service.impl.DynamicSQLService.findByIds2]: PROPAGATION_REQUIRED,ISOLATION_READ_COMMITTED,readOnly
09:29:03,581 DEBUG DriverManagerDataSource:142 - Creating new JDBC DriverManager Connection to [jdbc:mysql://localhost:3306/test]
09:29:03,584 DEBUG AbstractDirtiesContextTestExecutionListener:106 - After test method: context [DefaultTestContext@617faa95 testClass = DynamicSQLServiceTest, testInstance = com.company.service.impl.DynamicSQLServiceTest@1cdc4c27, testMethod = findByIds2@DynamicSQLServiceTest, testException = org.springframework.transaction.CannotCreateTransactionException: Could not open JDBC Connection for transaction; nested exception is java.sql.SQLException: Access denied for user &apos;root&apos;@&apos;localhost&apos; (using password: YES), mergedContextConfiguration = [MergedContextConfiguration@1e127982 testClass = DynamicSQLServiceTest, locations = &apos;{classpath:applicationContext.xml}&apos;, classes = &apos;{}&apos;, contextInitializerClasses = &apos;[]&apos;, activeProfiles = &apos;{}&apos;, propertySourceLocations = &apos;{}&apos;, propertySourceProperties = &apos;{}&apos;, contextCustomizers = set[[empty]], contextLoader = &apos;org.springframework.test.context.support.DelegatingSmartContextLoader&apos;, parent = [null]]], class annotated with @DirtiesContext [false] with mode [null], method annotated with @DirtiesContext [false] with mode [null].
</system-out>
  </testcase>
  <testcase classname="com.company.service.impl.DynamicSQLServiceTest" name="insertBatch" time="0.006">
    <error message="Could not open JDBC Connection for transaction; nested exception is java.sql.SQLException: Access denied for user &apos;root&apos;@&apos;localhost&apos; (using password: YES)" type="org.springframework.transaction.CannotCreateTransactionException">org.springframework.transaction.CannotCreateTransactionException: Could not open JDBC Connection for transaction; nested exception is java.sql.SQLException: Access denied for user &apos;root&apos;@&apos;localhost&apos; (using password: YES)
	at org.springframework.jdbc.datasource.DataSourceTransactionManager.doBegin(DataSourceTransactionManager.java:289)
	at org.springframework.transaction.support.AbstractPlatformTransactionManager.getTransaction(AbstractPlatformTransactionManager.java:377)
	at org.springframework.transaction.interceptor.TransactionAspectSupport.createTransactionIfNecessary(TransactionAspectSupport.java:461)
	at org.springframework.transaction.interceptor.TransactionAspectSupport.invokeWithinTransaction(TransactionAspectSupport.java:277)
	at org.springframework.transaction.interceptor.TransactionInterceptor.invoke(TransactionInterceptor.java:96)
	at org.springframework.aop.framework.ReflectiveMethodInvocation.proceed(ReflectiveMethodInvocation.java:179)
	at org.springframework.aop.interceptor.ExposeInvocationInterceptor.invoke(ExposeInvocationInterceptor.java:92)
	at org.springframework.aop.framework.ReflectiveMethodInvocation.proceed(ReflectiveMethodInvocation.java:179)
	at org.springframework.aop.framework.CglibAopProxy$DynamicAdvisedInterceptor.intercept(CglibAopProxy.java:671)
	at com.company.service.impl.DynamicSQLService$$EnhancerBySpringCGLIB$$2547624a.insertBatch(&lt;generated&gt;)
	at com.company.service.impl.DynamicSQLServiceTest.insertBatch(DynamicSQLServiceTest.java:158)
	at sun.reflect.NativeMethodAccessorImpl.invoke0(Native Method)
	at sun.reflect.NativeMethodAccessorImpl.invoke(NativeMethodAccessorImpl.java:62)
	at sun.reflect.DelegatingMethodAccessorImpl.invoke(DelegatingMethodAccessorImpl.java:43)
	at java.lang.reflect.Method.invoke(Method.java:498)
	at org.junit.runners.model.FrameworkMethod$1.runReflectiveCall(FrameworkMethod.java:50)
	at org.junit.internal.runners.model.ReflectiveCallable.run(ReflectiveCallable.java:12)
	at org.junit.runners.model.FrameworkMethod.invokeExplosively(FrameworkMethod.java:47)
	at org.junit.internal.runners.statements.InvokeMethod.evaluate(InvokeMethod.java:17)
	at org.springframework.test.context.junit4.statements.RunBeforeTestMethodCallbacks.evaluate(RunBeforeTestMethodCallbacks.java:75)
	at org.springframework.test.context.junit4.statements.RunAfterTestMethodCallbacks.evaluate(RunAfterTestMethodCallbacks.java:86)
	at org.springframework.test.context.junit4.statements.SpringRepeat.evaluate(SpringRepeat.java:84)
	at org.junit.runners.ParentRunner.runLeaf(ParentRunner.java:325)
	at org.springframework.test.context.junit4.SpringJUnit4ClassRunner.runChild(SpringJUnit4ClassRunner.java:252)
	at org.springframework.test.context.junit4.SpringJUnit4ClassRunner.runChild(SpringJUnit4ClassRunner.java:94)
	at org.junit.runners.ParentRunner$3.run(ParentRunner.java:290)
	at org.junit.runners.ParentRunner$1.schedule(ParentRunner.java:71)
	at org.junit.runners.ParentRunner.runChildren(ParentRunner.java:288)
	at org.junit.runners.ParentRunner.access$000(ParentRunner.java:58)
	at org.junit.runners.ParentRunner$2.evaluate(ParentRunner.java:268)
	at org.springframework.test.context.junit4.statements.RunBeforeTestClassCallbacks.evaluate(RunBeforeTestClassCallbacks.java:61)
	at org.springframework.test.context.junit4.statements.RunAfterTestClassCallbacks.evaluate(RunAfterTestClassCallbacks.java:70)
	at org.junit.runners.ParentRunner.run(ParentRunner.java:363)
	at org.springframework.test.context.junit4.SpringJUnit4ClassRunner.run(SpringJUnit4ClassRunner.java:191)
	at org.apache.maven.surefire.junit4.JUnit4Provider.execute(JUnit4Provider.java:252)
	at org.apache.maven.surefire.junit4.JUnit4Provider.executeTestSet(JUnit4Provider.java:141)
	at org.apache.maven.surefire.junit4.JUnit4Provider.invoke(JUnit4Provider.java:112)
	at sun.reflect.NativeMethodAccessorImpl.invoke0(Native Method)
	at sun.reflect.NativeMethodAccessorImpl.invoke(NativeMethodAccessorImpl.java:62)
	at sun.reflect.DelegatingMethodAccessorImpl.invoke(DelegatingMethodAccessorImpl.java:43)
	at java.lang.reflect.Method.invoke(Method.java:498)
	at org.apache.maven.surefire.util.ReflectionUtils.invokeMethodWithArray(ReflectionUtils.java:189)
	at org.apache.maven.surefire.booter.ProviderFactory$ProviderProxy.invoke(ProviderFactory.java:165)
	at org.apache.maven.surefire.booter.ProviderFactory.invokeProvider(ProviderFactory.java:85)
	at org.apache.maven.surefire.booter.ForkedBooter.runSuitesInProcess(ForkedBooter.java:115)
	at org.apache.maven.surefire.booter.ForkedBooter.main(ForkedBooter.java:75)
Caused by: java.sql.SQLException: Access denied for user &apos;root&apos;@&apos;localhost&apos; (using password: YES)
	at com.mysql.jdbc.SQLError.createSQLException(SQLError.java:1086)
	at com.mysql.jdbc.MysqlIO.checkErrorPacket(MysqlIO.java:4237)
	at com.mysql.jdbc.MysqlIO.checkErrorPacket(MysqlIO.java:4169)
	at com.mysql.jdbc.MysqlIO.checkErrorPacket(MysqlIO.java:928)
	at com.mysql.jdbc.MysqlIO.proceedHandshakeWithPluggableAuthentication(MysqlIO.java:1750)
	at com.mysql.jdbc.MysqlIO.doHandshake(MysqlIO.java:1290)
	at com.mysql.jdbc.ConnectionImpl.coreConnect(ConnectionImpl.java:2502)
	at com.mysql.jdbc.ConnectionImpl.connectOneTryOnly(ConnectionImpl.java:2535)
	at com.mysql.jdbc.ConnectionImpl.createNewIO(ConnectionImpl.java:2320)
	at com.mysql.jdbc.ConnectionImpl.&lt;init&gt;(ConnectionImpl.java:834)
	at com.mysql.jdbc.JDBC4Connection.&lt;init&gt;(JDBC4Connection.java:46)
	at sun.reflect.NativeConstructorAccessorImpl.newInstance0(Native Method)
	at sun.reflect.NativeConstructorAccessorImpl.newInstance(NativeConstructorAccessorImpl.java:62)
	at sun.reflect.DelegatingConstructorAccessorImpl.newInstance(DelegatingConstructorAccessorImpl.java:45)
	at java.lang.reflect.Constructor.newInstance(Constructor.java:423)
	at com.mysql.jdbc.Util.handleNewInstance(Util.java:411)
	at com.mysql.jdbc.ConnectionImpl.getInstance(ConnectionImpl.java:416)
	at com.mysql.jdbc.NonRegisteringDriver.connect(NonRegisteringDriver.java:347)
	at java.sql.DriverManager.getConnection(DriverManager.java:664)
	at java.sql.DriverManager.getConnection(DriverManager.java:208)
	at org.springframework.jdbc.datasource.DriverManagerDataSource.getConnectionFromDriverManager(DriverManagerDataSource.java:153)
	at org.springframework.jdbc.datasource.DriverManagerDataSource.getConnectionFromDriver(DriverManagerDataSource.java:144)
	at org.springframework.jdbc.datasource.AbstractDriverBasedDataSource.getConnectionFromDriver(AbstractDriverBasedDataSource.java:196)
	at org.springframework.jdbc.datasource.AbstractDriverBasedDataSource.getConnection(AbstractDriverBasedDataSource.java:159)
	at org.springframework.jdbc.datasource.DataSourceTransactionManager.doBegin(DataSourceTransactionManager.java:246)
	... 45 more
</error>
    <system-out>09:29:03,585 DEBUG ProfileValueUtils:68 - Retrieved @ProfileValueSourceConfiguration [null] for test class [com.company.service.impl.DynamicSQLServiceTest]
09:29:03,586 DEBUG ProfileValueUtils:80 - Retrieved ProfileValueSource type [class org.springframework.test.annotation.SystemProfileValueSource] for class [com.company.service.impl.DynamicSQLServiceTest]
09:29:03,586 DEBUG DependencyInjectionTestExecutionListener:81 - Performing dependency injection for test context [[DefaultTestContext@617faa95 testClass = DynamicSQLServiceTest, testInstance = com.company.service.impl.DynamicSQLServiceTest@604f2bd2, testMethod = [null], testException = [null], mergedContextConfiguration = [MergedContextConfiguration@1e127982 testClass = DynamicSQLServiceTest, locations = &apos;{classpath:applicationContext.xml}&apos;, classes = &apos;{}&apos;, contextInitializerClasses = &apos;[]&apos;, activeProfiles = &apos;{}&apos;, propertySourceLocations = &apos;{}&apos;, propertySourceProperties = &apos;{}&apos;, contextCustomizers = set[[empty]], contextLoader = &apos;org.springframework.test.context.support.DelegatingSmartContextLoader&apos;, parent = [null]]]].
09:29:03,586 DEBUG DefaultCacheAwareContextLoaderDelegate:129 - Retrieved ApplicationContext from cache with key [[MergedContextConfiguration@1e127982 testClass = DynamicSQLServiceTest, locations = &apos;{classpath:applicationContext.xml}&apos;, classes = &apos;{}&apos;, contextInitializerClasses = &apos;[]&apos;, activeProfiles = &apos;{}&apos;, propertySourceLocations = &apos;{}&apos;, propertySourceProperties = &apos;{}&apos;, contextCustomizers = set[[empty]], contextLoader = &apos;org.springframework.test.context.support.DelegatingSmartContextLoader&apos;, parent = [null]]]
09:29:03,586 DEBUG cache:290 - Spring test ApplicationContext cache statistics: [DefaultContextCache@27d4a09 size = 1, maxSize = 32, parentContextCount = 0, hitCount = 4, missCount = 1]
09:29:03,586 DEBUG InjectionMetadata:86 - Processing injected element of bean &apos;com.company.service.impl.DynamicSQLServiceTest&apos;: AutowiredFieldElement for com.company.service.impl.DynamicSQLService com.company.service.impl.DynamicSQLServiceTest.dynamicSQLService
09:29:03,587 DEBUG DefaultListableBeanFactory:251 - Returning cached instance of singleton bean &apos;dynamicSQLService&apos;
09:29:03,587 DEBUG DefaultListableBeanFactory:251 - Returning cached instance of singleton bean &apos;org.springframework.aop.support.DefaultBeanFactoryPointcutAdvisor#0&apos;
09:29:03,587 DEBUG DefaultListableBeanFactory:251 - Returning cached instance of singleton bean &apos;org.springframework.aop.support.DefaultBeanFactoryPointcutAdvisor#0&apos;
09:29:03,588 DEBUG AspectJAwareAdvisorAutoProxyCreator:524 - Creating implicit proxy for bean &apos;com.company.service.impl.DynamicSQLServiceTest&apos; with 0 common interceptors and 2 specific interceptors
09:29:03,588 DEBUG CglibAopProxy:157 - Creating CGLIB proxy: target source is SingletonTargetSource for target object [com.company.service.impl.DynamicSQLServiceTest@604f2bd2]
09:29:03,589 DEBUG AbstractDirtiesContextTestExecutionListener:106 - Before test method: context [DefaultTestContext@617faa95 testClass = DynamicSQLServiceTest, testInstance = com.company.service.impl.DynamicSQLServiceTest@604f2bd2, testMethod = insertBatch@DynamicSQLServiceTest, testException = [null], mergedContextConfiguration = [MergedContextConfiguration@1e127982 testClass = DynamicSQLServiceTest, locations = &apos;{classpath:applicationContext.xml}&apos;, classes = &apos;{}&apos;, contextInitializerClasses = &apos;[]&apos;, activeProfiles = &apos;{}&apos;, propertySourceLocations = &apos;{}&apos;, propertySourceProperties = &apos;{}&apos;, contextCustomizers = set[[empty]], contextLoader = &apos;org.springframework.test.context.support.DelegatingSmartContextLoader&apos;, parent = [null]]], class annotated with @DirtiesContext [false] with mode [null], method annotated with @DirtiesContext [false] with mode [null].
09:29:03,590 DEBUG DataSourceTransactionManager:371 - Creating new transaction with name [com.company.service.impl.DynamicSQLService.insertBatch]: PROPAGATION_REQUIRED,ISOLATION_READ_COMMITTED
09:29:03,590 DEBUG DriverManagerDataSource:142 - Creating new JDBC DriverManager Connection to [jdbc:mysql://localhost:3306/test]
09:29:03,594 DEBUG AbstractDirtiesContextTestExecutionListener:106 - After test method: context [DefaultTestContext@617faa95 testClass = DynamicSQLServiceTest, testInstance = com.company.service.impl.DynamicSQLServiceTest@604f2bd2, testMethod = insertBatch@DynamicSQLServiceTest, testException = org.springframework.transaction.CannotCreateTransactionException: Could not open JDBC Connection for transaction; nested exception is java.sql.SQLException: Access denied for user &apos;root&apos;@&apos;localhost&apos; (using password: YES), mergedContextConfiguration = [MergedContextConfiguration@1e127982 testClass = DynamicSQLServiceTest, locations = &apos;{classpath:applicationContext.xml}&apos;, classes = &apos;{}&apos;, contextInitializerClasses = &apos;[]&apos;, activeProfiles = &apos;{}&apos;, propertySourceLocations = &apos;{}&apos;, propertySourceProperties = &apos;{}&apos;, contextCustomizers = set[[empty]], contextLoader = &apos;org.springframework.test.context.support.DelegatingSmartContextLoader&apos;, parent = [null]]], class annotated with @DirtiesContext [false] with mode [null], method annotated with @DirtiesContext [false] with mode [null].
</system-out>
  </testcase>
  <testcase classname="com.company.service.impl.DynamicSQLServiceTest" name="dynamicSQLDemo1" time="0.017">
    <error message="nested exception is org.apache.ibatis.exceptions.PersistenceException: 
### Error querying database.  Cause: org.springframework.jdbc.CannotGetJdbcConnectionException: Could not get JDBC Connection; nested exception is java.sql.SQLException: Access denied for user &apos;root&apos;@&apos;localhost&apos; (using password: YES)
### The error may exist in file [D:\IdeaProjects\fullstack1802\ssmdemo\target\classes\mapper\DynamicSQLDao.xml]
### The error may involve com.company.dao.DynamicSQLDao.dynamicSQLDemo1
### The error occurred while executing a query
### Cause: org.springframework.jdbc.CannotGetJdbcConnectionException: Could not get JDBC Connection; nested exception is java.sql.SQLException: Access denied for user &apos;root&apos;@&apos;localhost&apos; (using password: YES)" type="org.mybatis.spring.MyBatisSystemException">org.mybatis.spring.MyBatisSystemException: nested exception is org.apache.ibatis.exceptions.PersistenceException: 
### Error querying database.  Cause: org.springframework.jdbc.CannotGetJdbcConnectionException: Could not get JDBC Connection; nested exception is java.sql.SQLException: Access denied for user &apos;root&apos;@&apos;localhost&apos; (using password: YES)
### The error may exist in file [D:\IdeaProjects\fullstack1802\ssmdemo\target\classes\mapper\DynamicSQLDao.xml]
### The error may involve com.company.dao.DynamicSQLDao.dynamicSQLDemo1
### The error occurred while executing a query
### Cause: org.springframework.jdbc.CannotGetJdbcConnectionException: Could not get JDBC Connection; nested exception is java.sql.SQLException: Access denied for user &apos;root&apos;@&apos;localhost&apos; (using password: YES)
	at org.mybatis.spring.MyBatisExceptionTranslator.translateExceptionIfPossible(MyBatisExceptionTranslator.java:73)
	at org.mybatis.spring.SqlSessionTemplate$SqlSessionInterceptor.invoke(SqlSessionTemplate.java:364)
	at com.sun.proxy.$Proxy22.selectList(Unknown Source)
	at org.mybatis.spring.SqlSessionTemplate.selectList(SqlSessionTemplate.java:194)
	at org.apache.ibatis.binding.MapperMethod.executeForMany(MapperMethod.java:114)
	at org.apache.ibatis.binding.MapperMethod.execute(MapperMethod.java:58)
	at org.apache.ibatis.binding.MapperProxy.invoke(MapperProxy.java:43)
	at com.sun.proxy.$Proxy28.dynamicSQLDemo1(Unknown Source)
	at com.company.service.impl.DynamicSQLService.dynamicSQLDemo1(DynamicSQLService.java:24)
	at com.company.service.impl.DynamicSQLService$$FastClassBySpringCGLIB$$3e5d7a2f.invoke(&lt;generated&gt;)
	at org.springframework.cglib.proxy.MethodProxy.invoke(MethodProxy.java:204)
	at org.springframework.aop.framework.CglibAopProxy$CglibMethodInvocation.invokeJoinpoint(CglibAopProxy.java:736)
	at org.springframework.aop.framework.ReflectiveMethodInvocation.proceed(ReflectiveMethodInvocation.java:157)
	at org.springframework.transaction.interceptor.TransactionInterceptor$1.proceedWithInvocation(TransactionInterceptor.java:99)
	at org.springframework.transaction.interceptor.TransactionAspectSupport.invokeWithinTransaction(TransactionAspectSupport.java:282)
	at org.springframework.transaction.interceptor.TransactionInterceptor.invoke(TransactionInterceptor.java:96)
	at org.springframework.aop.framework.ReflectiveMethodInvocation.proceed(ReflectiveMethodInvocation.java:179)
	at org.springframework.aop.interceptor.ExposeInvocationInterceptor.invoke(ExposeInvocationInterceptor.java:92)
	at org.springframework.aop.framework.ReflectiveMethodInvocation.proceed(ReflectiveMethodInvocation.java:179)
	at org.springframework.aop.framework.CglibAopProxy$DynamicAdvisedInterceptor.intercept(CglibAopProxy.java:671)
	at com.company.service.impl.DynamicSQLService$$EnhancerBySpringCGLIB$$2547624a.dynamicSQLDemo1(&lt;generated&gt;)
	at com.company.service.impl.DynamicSQLServiceTest.dynamicSQLDemo1(DynamicSQLServiceTest.java:24)
	at sun.reflect.NativeMethodAccessorImpl.invoke0(Native Method)
	at sun.reflect.NativeMethodAccessorImpl.invoke(NativeMethodAccessorImpl.java:62)
	at sun.reflect.DelegatingMethodAccessorImpl.invoke(DelegatingMethodAccessorImpl.java:43)
	at java.lang.reflect.Method.invoke(Method.java:498)
	at org.junit.runners.model.FrameworkMethod$1.runReflectiveCall(FrameworkMethod.java:50)
	at org.junit.internal.runners.model.ReflectiveCallable.run(ReflectiveCallable.java:12)
	at org.junit.runners.model.FrameworkMethod.invokeExplosively(FrameworkMethod.java:47)
	at org.junit.internal.runners.statements.InvokeMethod.evaluate(InvokeMethod.java:17)
	at org.springframework.test.context.junit4.statements.RunBeforeTestMethodCallbacks.evaluate(RunBeforeTestMethodCallbacks.java:75)
	at org.springframework.test.context.junit4.statements.RunAfterTestMethodCallbacks.evaluate(RunAfterTestMethodCallbacks.java:86)
	at org.springframework.test.context.junit4.statements.SpringRepeat.evaluate(SpringRepeat.java:84)
	at org.junit.runners.ParentRunner.runLeaf(ParentRunner.java:325)
	at org.springframework.test.context.junit4.SpringJUnit4ClassRunner.runChild(SpringJUnit4ClassRunner.java:252)
	at org.springframework.test.context.junit4.SpringJUnit4ClassRunner.runChild(SpringJUnit4ClassRunner.java:94)
	at org.junit.runners.ParentRunner$3.run(ParentRunner.java:290)
	at org.junit.runners.ParentRunner$1.schedule(ParentRunner.java:71)
	at org.junit.runners.ParentRunner.runChildren(ParentRunner.java:288)
	at org.junit.runners.ParentRunner.access$000(ParentRunner.java:58)
	at org.junit.runners.ParentRunner$2.evaluate(ParentRunner.java:268)
	at org.springframework.test.context.junit4.statements.RunBeforeTestClassCallbacks.evaluate(RunBeforeTestClassCallbacks.java:61)
	at org.springframework.test.context.junit4.statements.RunAfterTestClassCallbacks.evaluate(RunAfterTestClassCallbacks.java:70)
	at org.junit.runners.ParentRunner.run(ParentRunner.java:363)
	at org.springframework.test.context.junit4.SpringJUnit4ClassRunner.run(SpringJUnit4ClassRunner.java:191)
	at org.apache.maven.surefire.junit4.JUnit4Provider.execute(JUnit4Provider.java:252)
	at org.apache.maven.surefire.junit4.JUnit4Provider.executeTestSet(JUnit4Provider.java:141)
	at org.apache.maven.surefire.junit4.JUnit4Provider.invoke(JUnit4Provider.java:112)
	at sun.reflect.NativeMethodAccessorImpl.invoke0(Native Method)
	at sun.reflect.NativeMethodAccessorImpl.invoke(NativeMethodAccessorImpl.java:62)
	at sun.reflect.DelegatingMethodAccessorImpl.invoke(DelegatingMethodAccessorImpl.java:43)
	at java.lang.reflect.Method.invoke(Method.java:498)
	at org.apache.maven.surefire.util.ReflectionUtils.invokeMethodWithArray(ReflectionUtils.java:189)
	at org.apache.maven.surefire.booter.ProviderFactory$ProviderProxy.invoke(ProviderFactory.java:165)
	at org.apache.maven.surefire.booter.ProviderFactory.invokeProvider(ProviderFactory.java:85)
	at org.apache.maven.surefire.booter.ForkedBooter.runSuitesInProcess(ForkedBooter.java:115)
	at org.apache.maven.surefire.booter.ForkedBooter.main(ForkedBooter.java:75)
Caused by: org.apache.ibatis.exceptions.PersistenceException: 
### Error querying database.  Cause: org.springframework.jdbc.CannotGetJdbcConnectionException: Could not get JDBC Connection; nested exception is java.sql.SQLException: Access denied for user &apos;root&apos;@&apos;localhost&apos; (using password: YES)
### The error may exist in file [D:\IdeaProjects\fullstack1802\ssmdemo\target\classes\mapper\DynamicSQLDao.xml]
### The error may involve com.company.dao.DynamicSQLDao.dynamicSQLDemo1
### The error occurred while executing a query
### Cause: org.springframework.jdbc.CannotGetJdbcConnectionException: Could not get JDBC Connection; nested exception is java.sql.SQLException: Access denied for user &apos;root&apos;@&apos;localhost&apos; (using password: YES)
	at org.apache.ibatis.exceptions.ExceptionFactory.wrapException(ExceptionFactory.java:23)
	at org.apache.ibatis.session.defaults.DefaultSqlSession.selectList(DefaultSqlSession.java:107)
	at org.apache.ibatis.session.defaults.DefaultSqlSession.selectList(DefaultSqlSession.java:98)
	at sun.reflect.NativeMethodAccessorImpl.invoke0(Native Method)
	at sun.reflect.NativeMethodAccessorImpl.invoke(NativeMethodAccessorImpl.java:62)
	at sun.reflect.DelegatingMethodAccessorImpl.invoke(DelegatingMethodAccessorImpl.java:43)
	at java.lang.reflect.Method.invoke(Method.java:498)
	at org.mybatis.spring.SqlSessionTemplate$SqlSessionInterceptor.invoke(SqlSessionTemplate.java:354)
	... 55 more
Caused by: org.springframework.jdbc.CannotGetJdbcConnectionException: Could not get JDBC Connection; nested exception is java.sql.SQLException: Access denied for user &apos;root&apos;@&apos;localhost&apos; (using password: YES)
	at org.springframework.jdbc.datasource.DataSourceUtils.getConnection(DataSourceUtils.java:80)
	at org.mybatis.spring.transaction.SpringManagedTransaction.openConnection(SpringManagedTransaction.java:80)
	at org.mybatis.spring.transaction.SpringManagedTransaction.getConnection(SpringManagedTransaction.java:66)
	at org.apache.ibatis.executor.BaseExecutor.getConnection(BaseExecutor.java:271)
	at org.apache.ibatis.executor.SimpleExecutor.prepareStatement(SimpleExecutor.java:69)
	at org.apache.ibatis.executor.SimpleExecutor.doQuery(SimpleExecutor.java:56)
	at org.apache.ibatis.executor.BaseExecutor.queryFromDatabase(BaseExecutor.java:259)
	at org.apache.ibatis.executor.BaseExecutor.query(BaseExecutor.java:132)
	at org.apache.ibatis.executor.CachingExecutor.query(CachingExecutor.java:105)
	at com.github.pagehelper.PageInterceptor.intercept(PageInterceptor.java:143)
	at org.apache.ibatis.plugin.Plugin.invoke(Plugin.java:57)
	at com.sun.proxy.$Proxy33.query(Unknown Source)
	at org.apache.ibatis.session.defaults.DefaultSqlSession.selectList(DefaultSqlSession.java:104)
	... 61 more
Caused by: java.sql.SQLException: Access denied for user &apos;root&apos;@&apos;localhost&apos; (using password: YES)
	at com.mysql.jdbc.SQLError.createSQLException(SQLError.java:1086)
	at com.mysql.jdbc.MysqlIO.checkErrorPacket(MysqlIO.java:4237)
	at com.mysql.jdbc.MysqlIO.checkErrorPacket(MysqlIO.java:4169)
	at com.mysql.jdbc.MysqlIO.checkErrorPacket(MysqlIO.java:928)
	at com.mysql.jdbc.MysqlIO.proceedHandshakeWithPluggableAuthentication(MysqlIO.java:1750)
	at com.mysql.jdbc.MysqlIO.doHandshake(MysqlIO.java:1290)
	at com.mysql.jdbc.ConnectionImpl.coreConnect(ConnectionImpl.java:2502)
	at com.mysql.jdbc.ConnectionImpl.connectOneTryOnly(ConnectionImpl.java:2535)
	at com.mysql.jdbc.ConnectionImpl.createNewIO(ConnectionImpl.java:2320)
	at com.mysql.jdbc.ConnectionImpl.&lt;init&gt;(ConnectionImpl.java:834)
	at com.mysql.jdbc.JDBC4Connection.&lt;init&gt;(JDBC4Connection.java:46)
	at sun.reflect.NativeConstructorAccessorImpl.newInstance0(Native Method)
	at sun.reflect.NativeConstructorAccessorImpl.newInstance(NativeConstructorAccessorImpl.java:62)
	at sun.reflect.DelegatingConstructorAccessorImpl.newInstance(DelegatingConstructorAccessorImpl.java:45)
	at java.lang.reflect.Constructor.newInstance(Constructor.java:423)
	at com.mysql.jdbc.Util.handleNewInstance(Util.java:411)
	at com.mysql.jdbc.ConnectionImpl.getInstance(ConnectionImpl.java:416)
	at com.mysql.jdbc.NonRegisteringDriver.connect(NonRegisteringDriver.java:347)
	at java.sql.DriverManager.getConnection(DriverManager.java:664)
	at java.sql.DriverManager.getConnection(DriverManager.java:208)
	at org.springframework.jdbc.datasource.DriverManagerDataSource.getConnectionFromDriverManager(DriverManagerDataSource.java:153)
	at org.springframework.jdbc.datasource.DriverManagerDataSource.getConnectionFromDriver(DriverManagerDataSource.java:144)
	at org.springframework.jdbc.datasource.AbstractDriverBasedDataSource.getConnectionFromDriver(AbstractDriverBasedDataSource.java:196)
	at org.springframework.jdbc.datasource.AbstractDriverBasedDataSource.getConnection(AbstractDriverBasedDataSource.java:159)
	at org.springframework.jdbc.datasource.DataSourceUtils.doGetConnection(DataSourceUtils.java:111)
	at org.springframework.jdbc.datasource.DataSourceUtils.getConnection(DataSourceUtils.java:77)
	... 73 more
</error>
    <system-out>09:29:03,595 DEBUG ProfileValueUtils:68 - Retrieved @ProfileValueSourceConfiguration [null] for test class [com.company.service.impl.DynamicSQLServiceTest]
09:29:03,595 DEBUG ProfileValueUtils:80 - Retrieved ProfileValueSource type [class org.springframework.test.annotation.SystemProfileValueSource] for class [com.company.service.impl.DynamicSQLServiceTest]
09:29:03,596 DEBUG DependencyInjectionTestExecutionListener:81 - Performing dependency injection for test context [[DefaultTestContext@617faa95 testClass = DynamicSQLServiceTest, testInstance = com.company.service.impl.DynamicSQLServiceTest@7b84fcf8, testMethod = [null], testException = [null], mergedContextConfiguration = [MergedContextConfiguration@1e127982 testClass = DynamicSQLServiceTest, locations = &apos;{classpath:applicationContext.xml}&apos;, classes = &apos;{}&apos;, contextInitializerClasses = &apos;[]&apos;, activeProfiles = &apos;{}&apos;, propertySourceLocations = &apos;{}&apos;, propertySourceProperties = &apos;{}&apos;, contextCustomizers = set[[empty]], contextLoader = &apos;org.springframework.test.context.support.DelegatingSmartContextLoader&apos;, parent = [null]]]].
09:29:03,596 DEBUG DefaultCacheAwareContextLoaderDelegate:129 - Retrieved ApplicationContext from cache with key [[MergedContextConfiguration@1e127982 testClass = DynamicSQLServiceTest, locations = &apos;{classpath:applicationContext.xml}&apos;, classes = &apos;{}&apos;, contextInitializerClasses = &apos;[]&apos;, activeProfiles = &apos;{}&apos;, propertySourceLocations = &apos;{}&apos;, propertySourceProperties = &apos;{}&apos;, contextCustomizers = set[[empty]], contextLoader = &apos;org.springframework.test.context.support.DelegatingSmartContextLoader&apos;, parent = [null]]]
09:29:03,597 DEBUG cache:290 - Spring test ApplicationContext cache statistics: [DefaultContextCache@27d4a09 size = 1, maxSize = 32, parentContextCount = 0, hitCount = 5, missCount = 1]
09:29:03,597 DEBUG InjectionMetadata:86 - Processing injected element of bean &apos;com.company.service.impl.DynamicSQLServiceTest&apos;: AutowiredFieldElement for com.company.service.impl.DynamicSQLService com.company.service.impl.DynamicSQLServiceTest.dynamicSQLService
09:29:03,598 DEBUG DefaultListableBeanFactory:251 - Returning cached instance of singleton bean &apos;dynamicSQLService&apos;
09:29:03,598 DEBUG DefaultListableBeanFactory:251 - Returning cached instance of singleton bean &apos;org.springframework.aop.support.DefaultBeanFactoryPointcutAdvisor#0&apos;
09:29:03,599 DEBUG DefaultListableBeanFactory:251 - Returning cached instance of singleton bean &apos;org.springframework.aop.support.DefaultBeanFactoryPointcutAdvisor#0&apos;
09:29:03,599 DEBUG AspectJAwareAdvisorAutoProxyCreator:524 - Creating implicit proxy for bean &apos;com.company.service.impl.DynamicSQLServiceTest&apos; with 0 common interceptors and 2 specific interceptors
09:29:03,599 DEBUG CglibAopProxy:157 - Creating CGLIB proxy: target source is SingletonTargetSource for target object [com.company.service.impl.DynamicSQLServiceTest@7b84fcf8]
09:29:03,600 DEBUG AbstractDirtiesContextTestExecutionListener:106 - Before test method: context [DefaultTestContext@617faa95 testClass = DynamicSQLServiceTest, testInstance = com.company.service.impl.DynamicSQLServiceTest@7b84fcf8, testMethod = dynamicSQLDemo1@DynamicSQLServiceTest, testException = [null], mergedContextConfiguration = [MergedContextConfiguration@1e127982 testClass = DynamicSQLServiceTest, locations = &apos;{classpath:applicationContext.xml}&apos;, classes = &apos;{}&apos;, contextInitializerClasses = &apos;[]&apos;, activeProfiles = &apos;{}&apos;, propertySourceLocations = &apos;{}&apos;, propertySourceProperties = &apos;{}&apos;, contextCustomizers = set[[empty]], contextLoader = &apos;org.springframework.test.context.support.DelegatingSmartContextLoader&apos;, parent = [null]]], class annotated with @DirtiesContext [false] with mode [null], method annotated with @DirtiesContext [false] with mode [null].
09:29:03,605 DEBUG SqlSessionUtils:106 - Creating a new SqlSession
09:29:03,605 DEBUG SqlSessionUtils:142 - SqlSession [org.apache.ibatis.session.defaults.DefaultSqlSession@2cc44ad] was not registered for synchronization because synchronization is not active
09:29:03,609 DEBUG DataSourceUtils:110 - Fetching JDBC Connection from DataSource
09:29:03,609 DEBUG DriverManagerDataSource:142 - Creating new JDBC DriverManager Connection to [jdbc:mysql://localhost:3306/test]
09:29:03,613 DEBUG SqlSessionUtils:170 - Closing non transactional SqlSession [org.apache.ibatis.session.defaults.DefaultSqlSession@2cc44ad]
09:29:03,613 DEBUG AbstractDirtiesContextTestExecutionListener:106 - After test method: context [DefaultTestContext@617faa95 testClass = DynamicSQLServiceTest, testInstance = com.company.service.impl.DynamicSQLServiceTest@7b84fcf8, testMethod = dynamicSQLDemo1@DynamicSQLServiceTest, testException = org.mybatis.spring.MyBatisSystemException: nested exception is org.apache.ibatis.exceptions.PersistenceException: 
### Error querying database.  Cause: org.springframework.jdbc.CannotGetJdbcConnectionException: Could not get JDBC Connection; nested exception is java.sql.SQLException: Access denied for user &apos;root&apos;@&apos;localhost&apos; (using password: YES)
### The error may exist in file [D:\IdeaProjects\fullstack1802\ssmdemo\target\classes\mapper\DynamicSQLDao.xml]
### The error may involve com.company.dao.DynamicSQLDao.dynamicSQLDemo1
### The error occurred while executing a query
### Cause: org.springframework.jdbc.CannotGetJdbcConnectionException: Could not get JDBC Connection; nested exception is java.sql.SQLException: Access denied for user &apos;root&apos;@&apos;localhost&apos; (using password: YES), mergedContextConfiguration = [MergedContextConfiguration@1e127982 testClass = DynamicSQLServiceTest, locations = &apos;{classpath:applicationContext.xml}&apos;, classes = &apos;{}&apos;, contextInitializerClasses = &apos;[]&apos;, activeProfiles = &apos;{}&apos;, propertySourceLocations = &apos;{}&apos;, propertySourceProperties = &apos;{}&apos;, contextCustomizers = set[[empty]], contextLoader = &apos;org.springframework.test.context.support.DelegatingSmartContextLoader&apos;, parent = [null]]], class annotated with @DirtiesContext [false] with mode [null], method annotated with @DirtiesContext [false] with mode [null].
</system-out>
  </testcase>
  <testcase classname="com.company.service.impl.DynamicSQLServiceTest" name="dynamicSQLDemo2" time="0.009">
    <error message="nested exception is org.apache.ibatis.exceptions.PersistenceException: 
### Error querying database.  Cause: org.springframework.jdbc.CannotGetJdbcConnectionException: Could not get JDBC Connection; nested exception is java.sql.SQLException: Access denied for user &apos;root&apos;@&apos;localhost&apos; (using password: YES)
### The error may exist in file [D:\IdeaProjects\fullstack1802\ssmdemo\target\classes\mapper\DynamicSQLDao.xml]
### The error may involve com.company.dao.DynamicSQLDao.dynamicSQLDemo2
### The error occurred while executing a query
### Cause: org.springframework.jdbc.CannotGetJdbcConnectionException: Could not get JDBC Connection; nested exception is java.sql.SQLException: Access denied for user &apos;root&apos;@&apos;localhost&apos; (using password: YES)" type="org.mybatis.spring.MyBatisSystemException">org.mybatis.spring.MyBatisSystemException: nested exception is org.apache.ibatis.exceptions.PersistenceException: 
### Error querying database.  Cause: org.springframework.jdbc.CannotGetJdbcConnectionException: Could not get JDBC Connection; nested exception is java.sql.SQLException: Access denied for user &apos;root&apos;@&apos;localhost&apos; (using password: YES)
### The error may exist in file [D:\IdeaProjects\fullstack1802\ssmdemo\target\classes\mapper\DynamicSQLDao.xml]
### The error may involve com.company.dao.DynamicSQLDao.dynamicSQLDemo2
### The error occurred while executing a query
### Cause: org.springframework.jdbc.CannotGetJdbcConnectionException: Could not get JDBC Connection; nested exception is java.sql.SQLException: Access denied for user &apos;root&apos;@&apos;localhost&apos; (using password: YES)
	at org.mybatis.spring.MyBatisExceptionTranslator.translateExceptionIfPossible(MyBatisExceptionTranslator.java:73)
	at org.mybatis.spring.SqlSessionTemplate$SqlSessionInterceptor.invoke(SqlSessionTemplate.java:364)
	at com.sun.proxy.$Proxy22.selectList(Unknown Source)
	at org.mybatis.spring.SqlSessionTemplate.selectList(SqlSessionTemplate.java:194)
	at org.apache.ibatis.binding.MapperMethod.executeForMany(MapperMethod.java:114)
	at org.apache.ibatis.binding.MapperMethod.execute(MapperMethod.java:58)
	at org.apache.ibatis.binding.MapperProxy.invoke(MapperProxy.java:43)
	at com.sun.proxy.$Proxy28.dynamicSQLDemo2(Unknown Source)
	at com.company.service.impl.DynamicSQLService.dynamicSQLDemo2(DynamicSQLService.java:28)
	at com.company.service.impl.DynamicSQLService$$FastClassBySpringCGLIB$$3e5d7a2f.invoke(&lt;generated&gt;)
	at org.springframework.cglib.proxy.MethodProxy.invoke(MethodProxy.java:204)
	at org.springframework.aop.framework.CglibAopProxy$CglibMethodInvocation.invokeJoinpoint(CglibAopProxy.java:736)
	at org.springframework.aop.framework.ReflectiveMethodInvocation.proceed(ReflectiveMethodInvocation.java:157)
	at org.springframework.transaction.interceptor.TransactionInterceptor$1.proceedWithInvocation(TransactionInterceptor.java:99)
	at org.springframework.transaction.interceptor.TransactionAspectSupport.invokeWithinTransaction(TransactionAspectSupport.java:282)
	at org.springframework.transaction.interceptor.TransactionInterceptor.invoke(TransactionInterceptor.java:96)
	at org.springframework.aop.framework.ReflectiveMethodInvocation.proceed(ReflectiveMethodInvocation.java:179)
	at org.springframework.aop.interceptor.ExposeInvocationInterceptor.invoke(ExposeInvocationInterceptor.java:92)
	at org.springframework.aop.framework.ReflectiveMethodInvocation.proceed(ReflectiveMethodInvocation.java:179)
	at org.springframework.aop.framework.CglibAopProxy$DynamicAdvisedInterceptor.intercept(CglibAopProxy.java:671)
	at com.company.service.impl.DynamicSQLService$$EnhancerBySpringCGLIB$$2547624a.dynamicSQLDemo2(&lt;generated&gt;)
	at com.company.service.impl.DynamicSQLServiceTest.dynamicSQLDemo2(DynamicSQLServiceTest.java:34)
	at sun.reflect.NativeMethodAccessorImpl.invoke0(Native Method)
	at sun.reflect.NativeMethodAccessorImpl.invoke(NativeMethodAccessorImpl.java:62)
	at sun.reflect.DelegatingMethodAccessorImpl.invoke(DelegatingMethodAccessorImpl.java:43)
	at java.lang.reflect.Method.invoke(Method.java:498)
	at org.junit.runners.model.FrameworkMethod$1.runReflectiveCall(FrameworkMethod.java:50)
	at org.junit.internal.runners.model.ReflectiveCallable.run(ReflectiveCallable.java:12)
	at org.junit.runners.model.FrameworkMethod.invokeExplosively(FrameworkMethod.java:47)
	at org.junit.internal.runners.statements.InvokeMethod.evaluate(InvokeMethod.java:17)
	at org.springframework.test.context.junit4.statements.RunBeforeTestMethodCallbacks.evaluate(RunBeforeTestMethodCallbacks.java:75)
	at org.springframework.test.context.junit4.statements.RunAfterTestMethodCallbacks.evaluate(RunAfterTestMethodCallbacks.java:86)
	at org.springframework.test.context.junit4.statements.SpringRepeat.evaluate(SpringRepeat.java:84)
	at org.junit.runners.ParentRunner.runLeaf(ParentRunner.java:325)
	at org.springframework.test.context.junit4.SpringJUnit4ClassRunner.runChild(SpringJUnit4ClassRunner.java:252)
	at org.springframework.test.context.junit4.SpringJUnit4ClassRunner.runChild(SpringJUnit4ClassRunner.java:94)
	at org.junit.runners.ParentRunner$3.run(ParentRunner.java:290)
	at org.junit.runners.ParentRunner$1.schedule(ParentRunner.java:71)
	at org.junit.runners.ParentRunner.runChildren(ParentRunner.java:288)
	at org.junit.runners.ParentRunner.access$000(ParentRunner.java:58)
	at org.junit.runners.ParentRunner$2.evaluate(ParentRunner.java:268)
	at org.springframework.test.context.junit4.statements.RunBeforeTestClassCallbacks.evaluate(RunBeforeTestClassCallbacks.java:61)
	at org.springframework.test.context.junit4.statements.RunAfterTestClassCallbacks.evaluate(RunAfterTestClassCallbacks.java:70)
	at org.junit.runners.ParentRunner.run(ParentRunner.java:363)
	at org.springframework.test.context.junit4.SpringJUnit4ClassRunner.run(SpringJUnit4ClassRunner.java:191)
	at org.apache.maven.surefire.junit4.JUnit4Provider.execute(JUnit4Provider.java:252)
	at org.apache.maven.surefire.junit4.JUnit4Provider.executeTestSet(JUnit4Provider.java:141)
	at org.apache.maven.surefire.junit4.JUnit4Provider.invoke(JUnit4Provider.java:112)
	at sun.reflect.NativeMethodAccessorImpl.invoke0(Native Method)
	at sun.reflect.NativeMethodAccessorImpl.invoke(NativeMethodAccessorImpl.java:62)
	at sun.reflect.DelegatingMethodAccessorImpl.invoke(DelegatingMethodAccessorImpl.java:43)
	at java.lang.reflect.Method.invoke(Method.java:498)
	at org.apache.maven.surefire.util.ReflectionUtils.invokeMethodWithArray(ReflectionUtils.java:189)
	at org.apache.maven.surefire.booter.ProviderFactory$ProviderProxy.invoke(ProviderFactory.java:165)
	at org.apache.maven.surefire.booter.ProviderFactory.invokeProvider(ProviderFactory.java:85)
	at org.apache.maven.surefire.booter.ForkedBooter.runSuitesInProcess(ForkedBooter.java:115)
	at org.apache.maven.surefire.booter.ForkedBooter.main(ForkedBooter.java:75)
Caused by: org.apache.ibatis.exceptions.PersistenceException: 
### Error querying database.  Cause: org.springframework.jdbc.CannotGetJdbcConnectionException: Could not get JDBC Connection; nested exception is java.sql.SQLException: Access denied for user &apos;root&apos;@&apos;localhost&apos; (using password: YES)
### The error may exist in file [D:\IdeaProjects\fullstack1802\ssmdemo\target\classes\mapper\DynamicSQLDao.xml]
### The error may involve com.company.dao.DynamicSQLDao.dynamicSQLDemo2
### The error occurred while executing a query
### Cause: org.springframework.jdbc.CannotGetJdbcConnectionException: Could not get JDBC Connection; nested exception is java.sql.SQLException: Access denied for user &apos;root&apos;@&apos;localhost&apos; (using password: YES)
	at org.apache.ibatis.exceptions.ExceptionFactory.wrapException(ExceptionFactory.java:23)
	at org.apache.ibatis.session.defaults.DefaultSqlSession.selectList(DefaultSqlSession.java:107)
	at org.apache.ibatis.session.defaults.DefaultSqlSession.selectList(DefaultSqlSession.java:98)
	at sun.reflect.NativeMethodAccessorImpl.invoke0(Native Method)
	at sun.reflect.NativeMethodAccessorImpl.invoke(NativeMethodAccessorImpl.java:62)
	at sun.reflect.DelegatingMethodAccessorImpl.invoke(DelegatingMethodAccessorImpl.java:43)
	at java.lang.reflect.Method.invoke(Method.java:498)
	at org.mybatis.spring.SqlSessionTemplate$SqlSessionInterceptor.invoke(SqlSessionTemplate.java:354)
	... 55 more
Caused by: org.springframework.jdbc.CannotGetJdbcConnectionException: Could not get JDBC Connection; nested exception is java.sql.SQLException: Access denied for user &apos;root&apos;@&apos;localhost&apos; (using password: YES)
	at org.springframework.jdbc.datasource.DataSourceUtils.getConnection(DataSourceUtils.java:80)
	at org.mybatis.spring.transaction.SpringManagedTransaction.openConnection(SpringManagedTransaction.java:80)
	at org.mybatis.spring.transaction.SpringManagedTransaction.getConnection(SpringManagedTransaction.java:66)
	at org.apache.ibatis.executor.BaseExecutor.getConnection(BaseExecutor.java:271)
	at org.apache.ibatis.executor.SimpleExecutor.prepareStatement(SimpleExecutor.java:69)
	at org.apache.ibatis.executor.SimpleExecutor.doQuery(SimpleExecutor.java:56)
	at org.apache.ibatis.executor.BaseExecutor.queryFromDatabase(BaseExecutor.java:259)
	at org.apache.ibatis.executor.BaseExecutor.query(BaseExecutor.java:132)
	at org.apache.ibatis.executor.CachingExecutor.query(CachingExecutor.java:105)
	at com.github.pagehelper.PageInterceptor.intercept(PageInterceptor.java:143)
	at org.apache.ibatis.plugin.Plugin.invoke(Plugin.java:57)
	at com.sun.proxy.$Proxy33.query(Unknown Source)
	at org.apache.ibatis.session.defaults.DefaultSqlSession.selectList(DefaultSqlSession.java:104)
	... 61 more
Caused by: java.sql.SQLException: Access denied for user &apos;root&apos;@&apos;localhost&apos; (using password: YES)
	at com.mysql.jdbc.SQLError.createSQLException(SQLError.java:1086)
	at com.mysql.jdbc.MysqlIO.checkErrorPacket(MysqlIO.java:4237)
	at com.mysql.jdbc.MysqlIO.checkErrorPacket(MysqlIO.java:4169)
	at com.mysql.jdbc.MysqlIO.checkErrorPacket(MysqlIO.java:928)
	at com.mysql.jdbc.MysqlIO.proceedHandshakeWithPluggableAuthentication(MysqlIO.java:1750)
	at com.mysql.jdbc.MysqlIO.doHandshake(MysqlIO.java:1290)
	at com.mysql.jdbc.ConnectionImpl.coreConnect(ConnectionImpl.java:2502)
	at com.mysql.jdbc.ConnectionImpl.connectOneTryOnly(ConnectionImpl.java:2535)
	at com.mysql.jdbc.ConnectionImpl.createNewIO(ConnectionImpl.java:2320)
	at com.mysql.jdbc.ConnectionImpl.&lt;init&gt;(ConnectionImpl.java:834)
	at com.mysql.jdbc.JDBC4Connection.&lt;init&gt;(JDBC4Connection.java:46)
	at sun.reflect.NativeConstructorAccessorImpl.newInstance0(Native Method)
	at sun.reflect.NativeConstructorAccessorImpl.newInstance(NativeConstructorAccessorImpl.java:62)
	at sun.reflect.DelegatingConstructorAccessorImpl.newInstance(DelegatingConstructorAccessorImpl.java:45)
	at java.lang.reflect.Constructor.newInstance(Constructor.java:423)
	at com.mysql.jdbc.Util.handleNewInstance(Util.java:411)
	at com.mysql.jdbc.ConnectionImpl.getInstance(ConnectionImpl.java:416)
	at com.mysql.jdbc.NonRegisteringDriver.connect(NonRegisteringDriver.java:347)
	at java.sql.DriverManager.getConnection(DriverManager.java:664)
	at java.sql.DriverManager.getConnection(DriverManager.java:208)
	at org.springframework.jdbc.datasource.DriverManagerDataSource.getConnectionFromDriverManager(DriverManagerDataSource.java:153)
	at org.springframework.jdbc.datasource.DriverManagerDataSource.getConnectionFromDriver(DriverManagerDataSource.java:144)
	at org.springframework.jdbc.datasource.AbstractDriverBasedDataSource.getConnectionFromDriver(AbstractDriverBasedDataSource.java:196)
	at org.springframework.jdbc.datasource.AbstractDriverBasedDataSource.getConnection(AbstractDriverBasedDataSource.java:159)
	at org.springframework.jdbc.datasource.DataSourceUtils.doGetConnection(DataSourceUtils.java:111)
	at org.springframework.jdbc.datasource.DataSourceUtils.getConnection(DataSourceUtils.java:77)
	... 73 more
</error>
    <system-out>09:29:03,616 DEBUG ProfileValueUtils:68 - Retrieved @ProfileValueSourceConfiguration [null] for test class [com.company.service.impl.DynamicSQLServiceTest]
09:29:03,616 DEBUG ProfileValueUtils:80 - Retrieved ProfileValueSource type [class org.springframework.test.annotation.SystemProfileValueSource] for class [com.company.service.impl.DynamicSQLServiceTest]
09:29:03,617 DEBUG DependencyInjectionTestExecutionListener:81 - Performing dependency injection for test context [[DefaultTestContext@617faa95 testClass = DynamicSQLServiceTest, testInstance = com.company.service.impl.DynamicSQLServiceTest@6ee660fb, testMethod = [null], testException = [null], mergedContextConfiguration = [MergedContextConfiguration@1e127982 testClass = DynamicSQLServiceTest, locations = &apos;{classpath:applicationContext.xml}&apos;, classes = &apos;{}&apos;, contextInitializerClasses = &apos;[]&apos;, activeProfiles = &apos;{}&apos;, propertySourceLocations = &apos;{}&apos;, propertySourceProperties = &apos;{}&apos;, contextCustomizers = set[[empty]], contextLoader = &apos;org.springframework.test.context.support.DelegatingSmartContextLoader&apos;, parent = [null]]]].
09:29:03,617 DEBUG DefaultCacheAwareContextLoaderDelegate:129 - Retrieved ApplicationContext from cache with key [[MergedContextConfiguration@1e127982 testClass = DynamicSQLServiceTest, locations = &apos;{classpath:applicationContext.xml}&apos;, classes = &apos;{}&apos;, contextInitializerClasses = &apos;[]&apos;, activeProfiles = &apos;{}&apos;, propertySourceLocations = &apos;{}&apos;, propertySourceProperties = &apos;{}&apos;, contextCustomizers = set[[empty]], contextLoader = &apos;org.springframework.test.context.support.DelegatingSmartContextLoader&apos;, parent = [null]]]
09:29:03,617 DEBUG cache:290 - Spring test ApplicationContext cache statistics: [DefaultContextCache@27d4a09 size = 1, maxSize = 32, parentContextCount = 0, hitCount = 6, missCount = 1]
09:29:03,618 DEBUG InjectionMetadata:86 - Processing injected element of bean &apos;com.company.service.impl.DynamicSQLServiceTest&apos;: AutowiredFieldElement for com.company.service.impl.DynamicSQLService com.company.service.impl.DynamicSQLServiceTest.dynamicSQLService
09:29:03,618 DEBUG DefaultListableBeanFactory:251 - Returning cached instance of singleton bean &apos;dynamicSQLService&apos;
09:29:03,618 DEBUG DefaultListableBeanFactory:251 - Returning cached instance of singleton bean &apos;org.springframework.aop.support.DefaultBeanFactoryPointcutAdvisor#0&apos;
09:29:03,618 DEBUG DefaultListableBeanFactory:251 - Returning cached instance of singleton bean &apos;org.springframework.aop.support.DefaultBeanFactoryPointcutAdvisor#0&apos;
09:29:03,619 DEBUG AspectJAwareAdvisorAutoProxyCreator:524 - Creating implicit proxy for bean &apos;com.company.service.impl.DynamicSQLServiceTest&apos; with 0 common interceptors and 2 specific interceptors
09:29:03,619 DEBUG CglibAopProxy:157 - Creating CGLIB proxy: target source is SingletonTargetSource for target object [com.company.service.impl.DynamicSQLServiceTest@6ee660fb]
09:29:03,620 DEBUG AbstractDirtiesContextTestExecutionListener:106 - Before test method: context [DefaultTestContext@617faa95 testClass = DynamicSQLServiceTest, testInstance = com.company.service.impl.DynamicSQLServiceTest@6ee660fb, testMethod = dynamicSQLDemo2@DynamicSQLServiceTest, testException = [null], mergedContextConfiguration = [MergedContextConfiguration@1e127982 testClass = DynamicSQLServiceTest, locations = &apos;{classpath:applicationContext.xml}&apos;, classes = &apos;{}&apos;, contextInitializerClasses = &apos;[]&apos;, activeProfiles = &apos;{}&apos;, propertySourceLocations = &apos;{}&apos;, propertySourceProperties = &apos;{}&apos;, contextCustomizers = set[[empty]], contextLoader = &apos;org.springframework.test.context.support.DelegatingSmartContextLoader&apos;, parent = [null]]], class annotated with @DirtiesContext [false] with mode [null], method annotated with @DirtiesContext [false] with mode [null].
09:29:03,621 DEBUG SqlSessionUtils:106 - Creating a new SqlSession
09:29:03,621 DEBUG SqlSessionUtils:142 - SqlSession [org.apache.ibatis.session.defaults.DefaultSqlSession@305a0c5f] was not registered for synchronization because synchronization is not active
09:29:03,622 DEBUG DataSourceUtils:110 - Fetching JDBC Connection from DataSource
09:29:03,622 DEBUG DriverManagerDataSource:142 - Creating new JDBC DriverManager Connection to [jdbc:mysql://localhost:3306/test]
09:29:03,625 DEBUG SqlSessionUtils:170 - Closing non transactional SqlSession [org.apache.ibatis.session.defaults.DefaultSqlSession@305a0c5f]
09:29:03,626 DEBUG AbstractDirtiesContextTestExecutionListener:106 - After test method: context [DefaultTestContext@617faa95 testClass = DynamicSQLServiceTest, testInstance = com.company.service.impl.DynamicSQLServiceTest@6ee660fb, testMethod = dynamicSQLDemo2@DynamicSQLServiceTest, testException = org.mybatis.spring.MyBatisSystemException: nested exception is org.apache.ibatis.exceptions.PersistenceException: 
### Error querying database.  Cause: org.springframework.jdbc.CannotGetJdbcConnectionException: Could not get JDBC Connection; nested exception is java.sql.SQLException: Access denied for user &apos;root&apos;@&apos;localhost&apos; (using password: YES)
### The error may exist in file [D:\IdeaProjects\fullstack1802\ssmdemo\target\classes\mapper\DynamicSQLDao.xml]
### The error may involve com.company.dao.DynamicSQLDao.dynamicSQLDemo2
### The error occurred while executing a query
### Cause: org.springframework.jdbc.CannotGetJdbcConnectionException: Could not get JDBC Connection; nested exception is java.sql.SQLException: Access denied for user &apos;root&apos;@&apos;localhost&apos; (using password: YES), mergedContextConfiguration = [MergedContextConfiguration@1e127982 testClass = DynamicSQLServiceTest, locations = &apos;{classpath:applicationContext.xml}&apos;, classes = &apos;{}&apos;, contextInitializerClasses = &apos;[]&apos;, activeProfiles = &apos;{}&apos;, propertySourceLocations = &apos;{}&apos;, propertySourceProperties = &apos;{}&apos;, contextCustomizers = set[[empty]], contextLoader = &apos;org.springframework.test.context.support.DelegatingSmartContextLoader&apos;, parent = [null]]], class annotated with @DirtiesContext [false] with mode [null], method annotated with @DirtiesContext [false] with mode [null].
</system-out>
  </testcase>
  <testcase classname="com.company.service.impl.DynamicSQLServiceTest" name="dynamicSQLDemo3" time="0.01">
    <error message="nested exception is org.apache.ibatis.exceptions.PersistenceException: 
### Error querying database.  Cause: org.springframework.jdbc.CannotGetJdbcConnectionException: Could not get JDBC Connection; nested exception is java.sql.SQLException: Access denied for user &apos;root&apos;@&apos;localhost&apos; (using password: YES)
### The error may exist in file [D:\IdeaProjects\fullstack1802\ssmdemo\target\classes\mapper\DynamicSQLDao.xml]
### The error may involve com.company.dao.DynamicSQLDao.dynamicSQLDemo3
### The error occurred while executing a query
### Cause: org.springframework.jdbc.CannotGetJdbcConnectionException: Could not get JDBC Connection; nested exception is java.sql.SQLException: Access denied for user &apos;root&apos;@&apos;localhost&apos; (using password: YES)" type="org.mybatis.spring.MyBatisSystemException">org.mybatis.spring.MyBatisSystemException: nested exception is org.apache.ibatis.exceptions.PersistenceException: 
### Error querying database.  Cause: org.springframework.jdbc.CannotGetJdbcConnectionException: Could not get JDBC Connection; nested exception is java.sql.SQLException: Access denied for user &apos;root&apos;@&apos;localhost&apos; (using password: YES)
### The error may exist in file [D:\IdeaProjects\fullstack1802\ssmdemo\target\classes\mapper\DynamicSQLDao.xml]
### The error may involve com.company.dao.DynamicSQLDao.dynamicSQLDemo3
### The error occurred while executing a query
### Cause: org.springframework.jdbc.CannotGetJdbcConnectionException: Could not get JDBC Connection; nested exception is java.sql.SQLException: Access denied for user &apos;root&apos;@&apos;localhost&apos; (using password: YES)
	at org.mybatis.spring.MyBatisExceptionTranslator.translateExceptionIfPossible(MyBatisExceptionTranslator.java:73)
	at org.mybatis.spring.SqlSessionTemplate$SqlSessionInterceptor.invoke(SqlSessionTemplate.java:364)
	at com.sun.proxy.$Proxy22.selectList(Unknown Source)
	at org.mybatis.spring.SqlSessionTemplate.selectList(SqlSessionTemplate.java:194)
	at org.apache.ibatis.binding.MapperMethod.executeForMany(MapperMethod.java:114)
	at org.apache.ibatis.binding.MapperMethod.execute(MapperMethod.java:58)
	at org.apache.ibatis.binding.MapperProxy.invoke(MapperProxy.java:43)
	at com.sun.proxy.$Proxy28.dynamicSQLDemo3(Unknown Source)
	at com.company.service.impl.DynamicSQLService.dynamicSQLDemo3(DynamicSQLService.java:32)
	at com.company.service.impl.DynamicSQLService$$FastClassBySpringCGLIB$$3e5d7a2f.invoke(&lt;generated&gt;)
	at org.springframework.cglib.proxy.MethodProxy.invoke(MethodProxy.java:204)
	at org.springframework.aop.framework.CglibAopProxy$CglibMethodInvocation.invokeJoinpoint(CglibAopProxy.java:736)
	at org.springframework.aop.framework.ReflectiveMethodInvocation.proceed(ReflectiveMethodInvocation.java:157)
	at org.springframework.transaction.interceptor.TransactionInterceptor$1.proceedWithInvocation(TransactionInterceptor.java:99)
	at org.springframework.transaction.interceptor.TransactionAspectSupport.invokeWithinTransaction(TransactionAspectSupport.java:282)
	at org.springframework.transaction.interceptor.TransactionInterceptor.invoke(TransactionInterceptor.java:96)
	at org.springframework.aop.framework.ReflectiveMethodInvocation.proceed(ReflectiveMethodInvocation.java:179)
	at org.springframework.aop.interceptor.ExposeInvocationInterceptor.invoke(ExposeInvocationInterceptor.java:92)
	at org.springframework.aop.framework.ReflectiveMethodInvocation.proceed(ReflectiveMethodInvocation.java:179)
	at org.springframework.aop.framework.CglibAopProxy$DynamicAdvisedInterceptor.intercept(CglibAopProxy.java:671)
	at com.company.service.impl.DynamicSQLService$$EnhancerBySpringCGLIB$$2547624a.dynamicSQLDemo3(&lt;generated&gt;)
	at com.company.service.impl.DynamicSQLServiceTest.dynamicSQLDemo3(DynamicSQLServiceTest.java:53)
	at sun.reflect.NativeMethodAccessorImpl.invoke0(Native Method)
	at sun.reflect.NativeMethodAccessorImpl.invoke(NativeMethodAccessorImpl.java:62)
	at sun.reflect.DelegatingMethodAccessorImpl.invoke(DelegatingMethodAccessorImpl.java:43)
	at java.lang.reflect.Method.invoke(Method.java:498)
	at org.junit.runners.model.FrameworkMethod$1.runReflectiveCall(FrameworkMethod.java:50)
	at org.junit.internal.runners.model.ReflectiveCallable.run(ReflectiveCallable.java:12)
	at org.junit.runners.model.FrameworkMethod.invokeExplosively(FrameworkMethod.java:47)
	at org.junit.internal.runners.statements.InvokeMethod.evaluate(InvokeMethod.java:17)
	at org.springframework.test.context.junit4.statements.RunBeforeTestMethodCallbacks.evaluate(RunBeforeTestMethodCallbacks.java:75)
	at org.springframework.test.context.junit4.statements.RunAfterTestMethodCallbacks.evaluate(RunAfterTestMethodCallbacks.java:86)
	at org.springframework.test.context.junit4.statements.SpringRepeat.evaluate(SpringRepeat.java:84)
	at org.junit.runners.ParentRunner.runLeaf(ParentRunner.java:325)
	at org.springframework.test.context.junit4.SpringJUnit4ClassRunner.runChild(SpringJUnit4ClassRunner.java:252)
	at org.springframework.test.context.junit4.SpringJUnit4ClassRunner.runChild(SpringJUnit4ClassRunner.java:94)
	at org.junit.runners.ParentRunner$3.run(ParentRunner.java:290)
	at org.junit.runners.ParentRunner$1.schedule(ParentRunner.java:71)
	at org.junit.runners.ParentRunner.runChildren(ParentRunner.java:288)
	at org.junit.runners.ParentRunner.access$000(ParentRunner.java:58)
	at org.junit.runners.ParentRunner$2.evaluate(ParentRunner.java:268)
	at org.springframework.test.context.junit4.statements.RunBeforeTestClassCallbacks.evaluate(RunBeforeTestClassCallbacks.java:61)
	at org.springframework.test.context.junit4.statements.RunAfterTestClassCallbacks.evaluate(RunAfterTestClassCallbacks.java:70)
	at org.junit.runners.ParentRunner.run(ParentRunner.java:363)
	at org.springframework.test.context.junit4.SpringJUnit4ClassRunner.run(SpringJUnit4ClassRunner.java:191)
	at org.apache.maven.surefire.junit4.JUnit4Provider.execute(JUnit4Provider.java:252)
	at org.apache.maven.surefire.junit4.JUnit4Provider.executeTestSet(JUnit4Provider.java:141)
	at org.apache.maven.surefire.junit4.JUnit4Provider.invoke(JUnit4Provider.java:112)
	at sun.reflect.NativeMethodAccessorImpl.invoke0(Native Method)
	at sun.reflect.NativeMethodAccessorImpl.invoke(NativeMethodAccessorImpl.java:62)
	at sun.reflect.DelegatingMethodAccessorImpl.invoke(DelegatingMethodAccessorImpl.java:43)
	at java.lang.reflect.Method.invoke(Method.java:498)
	at org.apache.maven.surefire.util.ReflectionUtils.invokeMethodWithArray(ReflectionUtils.java:189)
	at org.apache.maven.surefire.booter.ProviderFactory$ProviderProxy.invoke(ProviderFactory.java:165)
	at org.apache.maven.surefire.booter.ProviderFactory.invokeProvider(ProviderFactory.java:85)
	at org.apache.maven.surefire.booter.ForkedBooter.runSuitesInProcess(ForkedBooter.java:115)
	at org.apache.maven.surefire.booter.ForkedBooter.main(ForkedBooter.java:75)
Caused by: org.apache.ibatis.exceptions.PersistenceException: 
### Error querying database.  Cause: org.springframework.jdbc.CannotGetJdbcConnectionException: Could not get JDBC Connection; nested exception is java.sql.SQLException: Access denied for user &apos;root&apos;@&apos;localhost&apos; (using password: YES)
### The error may exist in file [D:\IdeaProjects\fullstack1802\ssmdemo\target\classes\mapper\DynamicSQLDao.xml]
### The error may involve com.company.dao.DynamicSQLDao.dynamicSQLDemo3
### The error occurred while executing a query
### Cause: org.springframework.jdbc.CannotGetJdbcConnectionException: Could not get JDBC Connection; nested exception is java.sql.SQLException: Access denied for user &apos;root&apos;@&apos;localhost&apos; (using password: YES)
	at org.apache.ibatis.exceptions.ExceptionFactory.wrapException(ExceptionFactory.java:23)
	at org.apache.ibatis.session.defaults.DefaultSqlSession.selectList(DefaultSqlSession.java:107)
	at org.apache.ibatis.session.defaults.DefaultSqlSession.selectList(DefaultSqlSession.java:98)
	at sun.reflect.NativeMethodAccessorImpl.invoke0(Native Method)
	at sun.reflect.NativeMethodAccessorImpl.invoke(NativeMethodAccessorImpl.java:62)
	at sun.reflect.DelegatingMethodAccessorImpl.invoke(DelegatingMethodAccessorImpl.java:43)
	at java.lang.reflect.Method.invoke(Method.java:498)
	at org.mybatis.spring.SqlSessionTemplate$SqlSessionInterceptor.invoke(SqlSessionTemplate.java:354)
	... 55 more
Caused by: org.springframework.jdbc.CannotGetJdbcConnectionException: Could not get JDBC Connection; nested exception is java.sql.SQLException: Access denied for user &apos;root&apos;@&apos;localhost&apos; (using password: YES)
	at org.springframework.jdbc.datasource.DataSourceUtils.getConnection(DataSourceUtils.java:80)
	at org.mybatis.spring.transaction.SpringManagedTransaction.openConnection(SpringManagedTransaction.java:80)
	at org.mybatis.spring.transaction.SpringManagedTransaction.getConnection(SpringManagedTransaction.java:66)
	at org.apache.ibatis.executor.BaseExecutor.getConnection(BaseExecutor.java:271)
	at org.apache.ibatis.executor.SimpleExecutor.prepareStatement(SimpleExecutor.java:69)
	at org.apache.ibatis.executor.SimpleExecutor.doQuery(SimpleExecutor.java:56)
	at org.apache.ibatis.executor.BaseExecutor.queryFromDatabase(BaseExecutor.java:259)
	at org.apache.ibatis.executor.BaseExecutor.query(BaseExecutor.java:132)
	at org.apache.ibatis.executor.CachingExecutor.query(CachingExecutor.java:105)
	at com.github.pagehelper.PageInterceptor.intercept(PageInterceptor.java:143)
	at org.apache.ibatis.plugin.Plugin.invoke(Plugin.java:57)
	at com.sun.proxy.$Proxy33.query(Unknown Source)
	at org.apache.ibatis.session.defaults.DefaultSqlSession.selectList(DefaultSqlSession.java:104)
	... 61 more
Caused by: java.sql.SQLException: Access denied for user &apos;root&apos;@&apos;localhost&apos; (using password: YES)
	at com.mysql.jdbc.SQLError.createSQLException(SQLError.java:1086)
	at com.mysql.jdbc.MysqlIO.checkErrorPacket(MysqlIO.java:4237)
	at com.mysql.jdbc.MysqlIO.checkErrorPacket(MysqlIO.java:4169)
	at com.mysql.jdbc.MysqlIO.checkErrorPacket(MysqlIO.java:928)
	at com.mysql.jdbc.MysqlIO.proceedHandshakeWithPluggableAuthentication(MysqlIO.java:1750)
	at com.mysql.jdbc.MysqlIO.doHandshake(MysqlIO.java:1290)
	at com.mysql.jdbc.ConnectionImpl.coreConnect(ConnectionImpl.java:2502)
	at com.mysql.jdbc.ConnectionImpl.connectOneTryOnly(ConnectionImpl.java:2535)
	at com.mysql.jdbc.ConnectionImpl.createNewIO(ConnectionImpl.java:2320)
	at com.mysql.jdbc.ConnectionImpl.&lt;init&gt;(ConnectionImpl.java:834)
	at com.mysql.jdbc.JDBC4Connection.&lt;init&gt;(JDBC4Connection.java:46)
	at sun.reflect.NativeConstructorAccessorImpl.newInstance0(Native Method)
	at sun.reflect.NativeConstructorAccessorImpl.newInstance(NativeConstructorAccessorImpl.java:62)
	at sun.reflect.DelegatingConstructorAccessorImpl.newInstance(DelegatingConstructorAccessorImpl.java:45)
	at java.lang.reflect.Constructor.newInstance(Constructor.java:423)
	at com.mysql.jdbc.Util.handleNewInstance(Util.java:411)
	at com.mysql.jdbc.ConnectionImpl.getInstance(ConnectionImpl.java:416)
	at com.mysql.jdbc.NonRegisteringDriver.connect(NonRegisteringDriver.java:347)
	at java.sql.DriverManager.getConnection(DriverManager.java:664)
	at java.sql.DriverManager.getConnection(DriverManager.java:208)
	at org.springframework.jdbc.datasource.DriverManagerDataSource.getConnectionFromDriverManager(DriverManagerDataSource.java:153)
	at org.springframework.jdbc.datasource.DriverManagerDataSource.getConnectionFromDriver(DriverManagerDataSource.java:144)
	at org.springframework.jdbc.datasource.AbstractDriverBasedDataSource.getConnectionFromDriver(AbstractDriverBasedDataSource.java:196)
	at org.springframework.jdbc.datasource.AbstractDriverBasedDataSource.getConnection(AbstractDriverBasedDataSource.java:159)
	at org.springframework.jdbc.datasource.DataSourceUtils.doGetConnection(DataSourceUtils.java:111)
	at org.springframework.jdbc.datasource.DataSourceUtils.getConnection(DataSourceUtils.java:77)
	... 73 more
</error>
    <system-out>09:29:03,628 DEBUG ProfileValueUtils:68 - Retrieved @ProfileValueSourceConfiguration [null] for test class [com.company.service.impl.DynamicSQLServiceTest]
09:29:03,628 DEBUG ProfileValueUtils:80 - Retrieved ProfileValueSource type [class org.springframework.test.annotation.SystemProfileValueSource] for class [com.company.service.impl.DynamicSQLServiceTest]
09:29:03,629 DEBUG DependencyInjectionTestExecutionListener:81 - Performing dependency injection for test context [[DefaultTestContext@617faa95 testClass = DynamicSQLServiceTest, testInstance = com.company.service.impl.DynamicSQLServiceTest@74960bfa, testMethod = [null], testException = [null], mergedContextConfiguration = [MergedContextConfiguration@1e127982 testClass = DynamicSQLServiceTest, locations = &apos;{classpath:applicationContext.xml}&apos;, classes = &apos;{}&apos;, contextInitializerClasses = &apos;[]&apos;, activeProfiles = &apos;{}&apos;, propertySourceLocations = &apos;{}&apos;, propertySourceProperties = &apos;{}&apos;, contextCustomizers = set[[empty]], contextLoader = &apos;org.springframework.test.context.support.DelegatingSmartContextLoader&apos;, parent = [null]]]].
09:29:03,629 DEBUG DefaultCacheAwareContextLoaderDelegate:129 - Retrieved ApplicationContext from cache with key [[MergedContextConfiguration@1e127982 testClass = DynamicSQLServiceTest, locations = &apos;{classpath:applicationContext.xml}&apos;, classes = &apos;{}&apos;, contextInitializerClasses = &apos;[]&apos;, activeProfiles = &apos;{}&apos;, propertySourceLocations = &apos;{}&apos;, propertySourceProperties = &apos;{}&apos;, contextCustomizers = set[[empty]], contextLoader = &apos;org.springframework.test.context.support.DelegatingSmartContextLoader&apos;, parent = [null]]]
09:29:03,629 DEBUG cache:290 - Spring test ApplicationContext cache statistics: [DefaultContextCache@27d4a09 size = 1, maxSize = 32, parentContextCount = 0, hitCount = 7, missCount = 1]
09:29:03,629 DEBUG InjectionMetadata:86 - Processing injected element of bean &apos;com.company.service.impl.DynamicSQLServiceTest&apos;: AutowiredFieldElement for com.company.service.impl.DynamicSQLService com.company.service.impl.DynamicSQLServiceTest.dynamicSQLService
09:29:03,630 DEBUG DefaultListableBeanFactory:251 - Returning cached instance of singleton bean &apos;dynamicSQLService&apos;
09:29:03,630 DEBUG DefaultListableBeanFactory:251 - Returning cached instance of singleton bean &apos;org.springframework.aop.support.DefaultBeanFactoryPointcutAdvisor#0&apos;
09:29:03,630 DEBUG DefaultListableBeanFactory:251 - Returning cached instance of singleton bean &apos;org.springframework.aop.support.DefaultBeanFactoryPointcutAdvisor#0&apos;
09:29:03,630 DEBUG AspectJAwareAdvisorAutoProxyCreator:524 - Creating implicit proxy for bean &apos;com.company.service.impl.DynamicSQLServiceTest&apos; with 0 common interceptors and 2 specific interceptors
09:29:03,630 DEBUG CglibAopProxy:157 - Creating CGLIB proxy: target source is SingletonTargetSource for target object [com.company.service.impl.DynamicSQLServiceTest@74960bfa]
09:29:03,631 DEBUG AbstractDirtiesContextTestExecutionListener:106 - Before test method: context [DefaultTestContext@617faa95 testClass = DynamicSQLServiceTest, testInstance = com.company.service.impl.DynamicSQLServiceTest@74960bfa, testMethod = dynamicSQLDemo3@DynamicSQLServiceTest, testException = [null], mergedContextConfiguration = [MergedContextConfiguration@1e127982 testClass = DynamicSQLServiceTest, locations = &apos;{classpath:applicationContext.xml}&apos;, classes = &apos;{}&apos;, contextInitializerClasses = &apos;[]&apos;, activeProfiles = &apos;{}&apos;, propertySourceLocations = &apos;{}&apos;, propertySourceProperties = &apos;{}&apos;, contextCustomizers = set[[empty]], contextLoader = &apos;org.springframework.test.context.support.DelegatingSmartContextLoader&apos;, parent = [null]]], class annotated with @DirtiesContext [false] with mode [null], method annotated with @DirtiesContext [false] with mode [null].
09:29:03,633 DEBUG SqlSessionUtils:106 - Creating a new SqlSession
09:29:03,633 DEBUG SqlSessionUtils:142 - SqlSession [org.apache.ibatis.session.defaults.DefaultSqlSession@40844aab] was not registered for synchronization because synchronization is not active
09:29:03,634 DEBUG DataSourceUtils:110 - Fetching JDBC Connection from DataSource
09:29:03,634 DEBUG DriverManagerDataSource:142 - Creating new JDBC DriverManager Connection to [jdbc:mysql://localhost:3306/test]
09:29:03,637 DEBUG SqlSessionUtils:170 - Closing non transactional SqlSession [org.apache.ibatis.session.defaults.DefaultSqlSession@40844aab]
09:29:03,638 DEBUG AbstractDirtiesContextTestExecutionListener:106 - After test method: context [DefaultTestContext@617faa95 testClass = DynamicSQLServiceTest, testInstance = com.company.service.impl.DynamicSQLServiceTest@74960bfa, testMethod = dynamicSQLDemo3@DynamicSQLServiceTest, testException = org.mybatis.spring.MyBatisSystemException: nested exception is org.apache.ibatis.exceptions.PersistenceException: 
### Error querying database.  Cause: org.springframework.jdbc.CannotGetJdbcConnectionException: Could not get JDBC Connection; nested exception is java.sql.SQLException: Access denied for user &apos;root&apos;@&apos;localhost&apos; (using password: YES)
### The error may exist in file [D:\IdeaProjects\fullstack1802\ssmdemo\target\classes\mapper\DynamicSQLDao.xml]
### The error may involve com.company.dao.DynamicSQLDao.dynamicSQLDemo3
### The error occurred while executing a query
### Cause: org.springframework.jdbc.CannotGetJdbcConnectionException: Could not get JDBC Connection; nested exception is java.sql.SQLException: Access denied for user &apos;root&apos;@&apos;localhost&apos; (using password: YES), mergedContextConfiguration = [MergedContextConfiguration@1e127982 testClass = DynamicSQLServiceTest, locations = &apos;{classpath:applicationContext.xml}&apos;, classes = &apos;{}&apos;, contextInitializerClasses = &apos;[]&apos;, activeProfiles = &apos;{}&apos;, propertySourceLocations = &apos;{}&apos;, propertySourceProperties = &apos;{}&apos;, contextCustomizers = set[[empty]], contextLoader = &apos;org.springframework.test.context.support.DelegatingSmartContextLoader&apos;, parent = [null]]], class annotated with @DirtiesContext [false] with mode [null], method annotated with @DirtiesContext [false] with mode [null].
</system-out>
  </testcase>
  <testcase classname="com.company.service.impl.DynamicSQLServiceTest" name="dynamicSQLDemo4" time="0.008">
    <error message="nested exception is org.apache.ibatis.exceptions.PersistenceException: 
### Error querying database.  Cause: org.springframework.jdbc.CannotGetJdbcConnectionException: Could not get JDBC Connection; nested exception is java.sql.SQLException: Access denied for user &apos;root&apos;@&apos;localhost&apos; (using password: YES)
### The error may exist in file [D:\IdeaProjects\fullstack1802\ssmdemo\target\classes\mapper\DynamicSQLDao.xml]
### The error may involve com.company.dao.DynamicSQLDao.dynamicSQLDemo4
### The error occurred while executing a query
### Cause: org.springframework.jdbc.CannotGetJdbcConnectionException: Could not get JDBC Connection; nested exception is java.sql.SQLException: Access denied for user &apos;root&apos;@&apos;localhost&apos; (using password: YES)" type="org.mybatis.spring.MyBatisSystemException">org.mybatis.spring.MyBatisSystemException: nested exception is org.apache.ibatis.exceptions.PersistenceException: 
### Error querying database.  Cause: org.springframework.jdbc.CannotGetJdbcConnectionException: Could not get JDBC Connection; nested exception is java.sql.SQLException: Access denied for user &apos;root&apos;@&apos;localhost&apos; (using password: YES)
### The error may exist in file [D:\IdeaProjects\fullstack1802\ssmdemo\target\classes\mapper\DynamicSQLDao.xml]
### The error may involve com.company.dao.DynamicSQLDao.dynamicSQLDemo4
### The error occurred while executing a query
### Cause: org.springframework.jdbc.CannotGetJdbcConnectionException: Could not get JDBC Connection; nested exception is java.sql.SQLException: Access denied for user &apos;root&apos;@&apos;localhost&apos; (using password: YES)
	at org.mybatis.spring.MyBatisExceptionTranslator.translateExceptionIfPossible(MyBatisExceptionTranslator.java:73)
	at org.mybatis.spring.SqlSessionTemplate$SqlSessionInterceptor.invoke(SqlSessionTemplate.java:364)
	at com.sun.proxy.$Proxy22.selectList(Unknown Source)
	at org.mybatis.spring.SqlSessionTemplate.selectList(SqlSessionTemplate.java:194)
	at org.apache.ibatis.binding.MapperMethod.executeForMany(MapperMethod.java:114)
	at org.apache.ibatis.binding.MapperMethod.execute(MapperMethod.java:58)
	at org.apache.ibatis.binding.MapperProxy.invoke(MapperProxy.java:43)
	at com.sun.proxy.$Proxy28.dynamicSQLDemo4(Unknown Source)
	at com.company.service.impl.DynamicSQLService.dynamicSQLDemo4(DynamicSQLService.java:36)
	at com.company.service.impl.DynamicSQLService$$FastClassBySpringCGLIB$$3e5d7a2f.invoke(&lt;generated&gt;)
	at org.springframework.cglib.proxy.MethodProxy.invoke(MethodProxy.java:204)
	at org.springframework.aop.framework.CglibAopProxy$CglibMethodInvocation.invokeJoinpoint(CglibAopProxy.java:736)
	at org.springframework.aop.framework.ReflectiveMethodInvocation.proceed(ReflectiveMethodInvocation.java:157)
	at org.springframework.transaction.interceptor.TransactionInterceptor$1.proceedWithInvocation(TransactionInterceptor.java:99)
	at org.springframework.transaction.interceptor.TransactionAspectSupport.invokeWithinTransaction(TransactionAspectSupport.java:282)
	at org.springframework.transaction.interceptor.TransactionInterceptor.invoke(TransactionInterceptor.java:96)
	at org.springframework.aop.framework.ReflectiveMethodInvocation.proceed(ReflectiveMethodInvocation.java:179)
	at org.springframework.aop.interceptor.ExposeInvocationInterceptor.invoke(ExposeInvocationInterceptor.java:92)
	at org.springframework.aop.framework.ReflectiveMethodInvocation.proceed(ReflectiveMethodInvocation.java:179)
	at org.springframework.aop.framework.CglibAopProxy$DynamicAdvisedInterceptor.intercept(CglibAopProxy.java:671)
	at com.company.service.impl.DynamicSQLService$$EnhancerBySpringCGLIB$$2547624a.dynamicSQLDemo4(&lt;generated&gt;)
	at com.company.service.impl.DynamicSQLServiceTest.dynamicSQLDemo4(DynamicSQLServiceTest.java:71)
	at sun.reflect.NativeMethodAccessorImpl.invoke0(Native Method)
	at sun.reflect.NativeMethodAccessorImpl.invoke(NativeMethodAccessorImpl.java:62)
	at sun.reflect.DelegatingMethodAccessorImpl.invoke(DelegatingMethodAccessorImpl.java:43)
	at java.lang.reflect.Method.invoke(Method.java:498)
	at org.junit.runners.model.FrameworkMethod$1.runReflectiveCall(FrameworkMethod.java:50)
	at org.junit.internal.runners.model.ReflectiveCallable.run(ReflectiveCallable.java:12)
	at org.junit.runners.model.FrameworkMethod.invokeExplosively(FrameworkMethod.java:47)
	at org.junit.internal.runners.statements.InvokeMethod.evaluate(InvokeMethod.java:17)
	at org.springframework.test.context.junit4.statements.RunBeforeTestMethodCallbacks.evaluate(RunBeforeTestMethodCallbacks.java:75)
	at org.springframework.test.context.junit4.statements.RunAfterTestMethodCallbacks.evaluate(RunAfterTestMethodCallbacks.java:86)
	at org.springframework.test.context.junit4.statements.SpringRepeat.evaluate(SpringRepeat.java:84)
	at org.junit.runners.ParentRunner.runLeaf(ParentRunner.java:325)
	at org.springframework.test.context.junit4.SpringJUnit4ClassRunner.runChild(SpringJUnit4ClassRunner.java:252)
	at org.springframework.test.context.junit4.SpringJUnit4ClassRunner.runChild(SpringJUnit4ClassRunner.java:94)
	at org.junit.runners.ParentRunner$3.run(ParentRunner.java:290)
	at org.junit.runners.ParentRunner$1.schedule(ParentRunner.java:71)
	at org.junit.runners.ParentRunner.runChildren(ParentRunner.java:288)
	at org.junit.runners.ParentRunner.access$000(ParentRunner.java:58)
	at org.junit.runners.ParentRunner$2.evaluate(ParentRunner.java:268)
	at org.springframework.test.context.junit4.statements.RunBeforeTestClassCallbacks.evaluate(RunBeforeTestClassCallbacks.java:61)
	at org.springframework.test.context.junit4.statements.RunAfterTestClassCallbacks.evaluate(RunAfterTestClassCallbacks.java:70)
	at org.junit.runners.ParentRunner.run(ParentRunner.java:363)
	at org.springframework.test.context.junit4.SpringJUnit4ClassRunner.run(SpringJUnit4ClassRunner.java:191)
	at org.apache.maven.surefire.junit4.JUnit4Provider.execute(JUnit4Provider.java:252)
	at org.apache.maven.surefire.junit4.JUnit4Provider.executeTestSet(JUnit4Provider.java:141)
	at org.apache.maven.surefire.junit4.JUnit4Provider.invoke(JUnit4Provider.java:112)
	at sun.reflect.NativeMethodAccessorImpl.invoke0(Native Method)
	at sun.reflect.NativeMethodAccessorImpl.invoke(NativeMethodAccessorImpl.java:62)
	at sun.reflect.DelegatingMethodAccessorImpl.invoke(DelegatingMethodAccessorImpl.java:43)
	at java.lang.reflect.Method.invoke(Method.java:498)
	at org.apache.maven.surefire.util.ReflectionUtils.invokeMethodWithArray(ReflectionUtils.java:189)
	at org.apache.maven.surefire.booter.ProviderFactory$ProviderProxy.invoke(ProviderFactory.java:165)
	at org.apache.maven.surefire.booter.ProviderFactory.invokeProvider(ProviderFactory.java:85)
	at org.apache.maven.surefire.booter.ForkedBooter.runSuitesInProcess(ForkedBooter.java:115)
	at org.apache.maven.surefire.booter.ForkedBooter.main(ForkedBooter.java:75)
Caused by: org.apache.ibatis.exceptions.PersistenceException: 
### Error querying database.  Cause: org.springframework.jdbc.CannotGetJdbcConnectionException: Could not get JDBC Connection; nested exception is java.sql.SQLException: Access denied for user &apos;root&apos;@&apos;localhost&apos; (using password: YES)
### The error may exist in file [D:\IdeaProjects\fullstack1802\ssmdemo\target\classes\mapper\DynamicSQLDao.xml]
### The error may involve com.company.dao.DynamicSQLDao.dynamicSQLDemo4
### The error occurred while executing a query
### Cause: org.springframework.jdbc.CannotGetJdbcConnectionException: Could not get JDBC Connection; nested exception is java.sql.SQLException: Access denied for user &apos;root&apos;@&apos;localhost&apos; (using password: YES)
	at org.apache.ibatis.exceptions.ExceptionFactory.wrapException(ExceptionFactory.java:23)
	at org.apache.ibatis.session.defaults.DefaultSqlSession.selectList(DefaultSqlSession.java:107)
	at org.apache.ibatis.session.defaults.DefaultSqlSession.selectList(DefaultSqlSession.java:98)
	at sun.reflect.NativeMethodAccessorImpl.invoke0(Native Method)
	at sun.reflect.NativeMethodAccessorImpl.invoke(NativeMethodAccessorImpl.java:62)
	at sun.reflect.DelegatingMethodAccessorImpl.invoke(DelegatingMethodAccessorImpl.java:43)
	at java.lang.reflect.Method.invoke(Method.java:498)
	at org.mybatis.spring.SqlSessionTemplate$SqlSessionInterceptor.invoke(SqlSessionTemplate.java:354)
	... 55 more
Caused by: org.springframework.jdbc.CannotGetJdbcConnectionException: Could not get JDBC Connection; nested exception is java.sql.SQLException: Access denied for user &apos;root&apos;@&apos;localhost&apos; (using password: YES)
	at org.springframework.jdbc.datasource.DataSourceUtils.getConnection(DataSourceUtils.java:80)
	at org.mybatis.spring.transaction.SpringManagedTransaction.openConnection(SpringManagedTransaction.java:80)
	at org.mybatis.spring.transaction.SpringManagedTransaction.getConnection(SpringManagedTransaction.java:66)
	at org.apache.ibatis.executor.BaseExecutor.getConnection(BaseExecutor.java:271)
	at org.apache.ibatis.executor.SimpleExecutor.prepareStatement(SimpleExecutor.java:69)
	at org.apache.ibatis.executor.SimpleExecutor.doQuery(SimpleExecutor.java:56)
	at org.apache.ibatis.executor.BaseExecutor.queryFromDatabase(BaseExecutor.java:259)
	at org.apache.ibatis.executor.BaseExecutor.query(BaseExecutor.java:132)
	at org.apache.ibatis.executor.CachingExecutor.query(CachingExecutor.java:105)
	at com.github.pagehelper.PageInterceptor.intercept(PageInterceptor.java:143)
	at org.apache.ibatis.plugin.Plugin.invoke(Plugin.java:57)
	at com.sun.proxy.$Proxy33.query(Unknown Source)
	at org.apache.ibatis.session.defaults.DefaultSqlSession.selectList(DefaultSqlSession.java:104)
	... 61 more
Caused by: java.sql.SQLException: Access denied for user &apos;root&apos;@&apos;localhost&apos; (using password: YES)
	at com.mysql.jdbc.SQLError.createSQLException(SQLError.java:1086)
	at com.mysql.jdbc.MysqlIO.checkErrorPacket(MysqlIO.java:4237)
	at com.mysql.jdbc.MysqlIO.checkErrorPacket(MysqlIO.java:4169)
	at com.mysql.jdbc.MysqlIO.checkErrorPacket(MysqlIO.java:928)
	at com.mysql.jdbc.MysqlIO.proceedHandshakeWithPluggableAuthentication(MysqlIO.java:1750)
	at com.mysql.jdbc.MysqlIO.doHandshake(MysqlIO.java:1290)
	at com.mysql.jdbc.ConnectionImpl.coreConnect(ConnectionImpl.java:2502)
	at com.mysql.jdbc.ConnectionImpl.connectOneTryOnly(ConnectionImpl.java:2535)
	at com.mysql.jdbc.ConnectionImpl.createNewIO(ConnectionImpl.java:2320)
	at com.mysql.jdbc.ConnectionImpl.&lt;init&gt;(ConnectionImpl.java:834)
	at com.mysql.jdbc.JDBC4Connection.&lt;init&gt;(JDBC4Connection.java:46)
	at sun.reflect.NativeConstructorAccessorImpl.newInstance0(Native Method)
	at sun.reflect.NativeConstructorAccessorImpl.newInstance(NativeConstructorAccessorImpl.java:62)
	at sun.reflect.DelegatingConstructorAccessorImpl.newInstance(DelegatingConstructorAccessorImpl.java:45)
	at java.lang.reflect.Constructor.newInstance(Constructor.java:423)
	at com.mysql.jdbc.Util.handleNewInstance(Util.java:411)
	at com.mysql.jdbc.ConnectionImpl.getInstance(ConnectionImpl.java:416)
	at com.mysql.jdbc.NonRegisteringDriver.connect(NonRegisteringDriver.java:347)
	at java.sql.DriverManager.getConnection(DriverManager.java:664)
	at java.sql.DriverManager.getConnection(DriverManager.java:208)
	at org.springframework.jdbc.datasource.DriverManagerDataSource.getConnectionFromDriverManager(DriverManagerDataSource.java:153)
	at org.springframework.jdbc.datasource.DriverManagerDataSource.getConnectionFromDriver(DriverManagerDataSource.java:144)
	at org.springframework.jdbc.datasource.AbstractDriverBasedDataSource.getConnectionFromDriver(AbstractDriverBasedDataSource.java:196)
	at org.springframework.jdbc.datasource.AbstractDriverBasedDataSource.getConnection(AbstractDriverBasedDataSource.java:159)
	at org.springframework.jdbc.datasource.DataSourceUtils.doGetConnection(DataSourceUtils.java:111)
	at org.springframework.jdbc.datasource.DataSourceUtils.getConnection(DataSourceUtils.java:77)
	... 73 more
</error>
    <system-out>09:29:03,640 DEBUG ProfileValueUtils:68 - Retrieved @ProfileValueSourceConfiguration [null] for test class [com.company.service.impl.DynamicSQLServiceTest]
09:29:03,641 DEBUG ProfileValueUtils:80 - Retrieved ProfileValueSource type [class org.springframework.test.annotation.SystemProfileValueSource] for class [com.company.service.impl.DynamicSQLServiceTest]
09:29:03,641 DEBUG DependencyInjectionTestExecutionListener:81 - Performing dependency injection for test context [[DefaultTestContext@617faa95 testClass = DynamicSQLServiceTest, testInstance = com.company.service.impl.DynamicSQLServiceTest@28e8dde3, testMethod = [null], testException = [null], mergedContextConfiguration = [MergedContextConfiguration@1e127982 testClass = DynamicSQLServiceTest, locations = &apos;{classpath:applicationContext.xml}&apos;, classes = &apos;{}&apos;, contextInitializerClasses = &apos;[]&apos;, activeProfiles = &apos;{}&apos;, propertySourceLocations = &apos;{}&apos;, propertySourceProperties = &apos;{}&apos;, contextCustomizers = set[[empty]], contextLoader = &apos;org.springframework.test.context.support.DelegatingSmartContextLoader&apos;, parent = [null]]]].
09:29:03,641 DEBUG DefaultCacheAwareContextLoaderDelegate:129 - Retrieved ApplicationContext from cache with key [[MergedContextConfiguration@1e127982 testClass = DynamicSQLServiceTest, locations = &apos;{classpath:applicationContext.xml}&apos;, classes = &apos;{}&apos;, contextInitializerClasses = &apos;[]&apos;, activeProfiles = &apos;{}&apos;, propertySourceLocations = &apos;{}&apos;, propertySourceProperties = &apos;{}&apos;, contextCustomizers = set[[empty]], contextLoader = &apos;org.springframework.test.context.support.DelegatingSmartContextLoader&apos;, parent = [null]]]
09:29:03,641 DEBUG cache:290 - Spring test ApplicationContext cache statistics: [DefaultContextCache@27d4a09 size = 1, maxSize = 32, parentContextCount = 0, hitCount = 8, missCount = 1]
09:29:03,642 DEBUG InjectionMetadata:86 - Processing injected element of bean &apos;com.company.service.impl.DynamicSQLServiceTest&apos;: AutowiredFieldElement for com.company.service.impl.DynamicSQLService com.company.service.impl.DynamicSQLServiceTest.dynamicSQLService
09:29:03,642 DEBUG DefaultListableBeanFactory:251 - Returning cached instance of singleton bean &apos;dynamicSQLService&apos;
09:29:03,642 DEBUG DefaultListableBeanFactory:251 - Returning cached instance of singleton bean &apos;org.springframework.aop.support.DefaultBeanFactoryPointcutAdvisor#0&apos;
09:29:03,642 DEBUG DefaultListableBeanFactory:251 - Returning cached instance of singleton bean &apos;org.springframework.aop.support.DefaultBeanFactoryPointcutAdvisor#0&apos;
09:29:03,642 DEBUG AspectJAwareAdvisorAutoProxyCreator:524 - Creating implicit proxy for bean &apos;com.company.service.impl.DynamicSQLServiceTest&apos; with 0 common interceptors and 2 specific interceptors
09:29:03,642 DEBUG CglibAopProxy:157 - Creating CGLIB proxy: target source is SingletonTargetSource for target object [com.company.service.impl.DynamicSQLServiceTest@28e8dde3]
09:29:03,643 DEBUG AbstractDirtiesContextTestExecutionListener:106 - Before test method: context [DefaultTestContext@617faa95 testClass = DynamicSQLServiceTest, testInstance = com.company.service.impl.DynamicSQLServiceTest@28e8dde3, testMethod = dynamicSQLDemo4@DynamicSQLServiceTest, testException = [null], mergedContextConfiguration = [MergedContextConfiguration@1e127982 testClass = DynamicSQLServiceTest, locations = &apos;{classpath:applicationContext.xml}&apos;, classes = &apos;{}&apos;, contextInitializerClasses = &apos;[]&apos;, activeProfiles = &apos;{}&apos;, propertySourceLocations = &apos;{}&apos;, propertySourceProperties = &apos;{}&apos;, contextCustomizers = set[[empty]], contextLoader = &apos;org.springframework.test.context.support.DelegatingSmartContextLoader&apos;, parent = [null]]], class annotated with @DirtiesContext [false] with mode [null], method annotated with @DirtiesContext [false] with mode [null].
09:29:03,644 DEBUG SqlSessionUtils:106 - Creating a new SqlSession
09:29:03,644 DEBUG SqlSessionUtils:142 - SqlSession [org.apache.ibatis.session.defaults.DefaultSqlSession@6d23017e] was not registered for synchronization because synchronization is not active
09:29:03,645 DEBUG DataSourceUtils:110 - Fetching JDBC Connection from DataSource
09:29:03,645 DEBUG DriverManagerDataSource:142 - Creating new JDBC DriverManager Connection to [jdbc:mysql://localhost:3306/test]
09:29:03,649 DEBUG SqlSessionUtils:170 - Closing non transactional SqlSession [org.apache.ibatis.session.defaults.DefaultSqlSession@6d23017e]
09:29:03,649 DEBUG AbstractDirtiesContextTestExecutionListener:106 - After test method: context [DefaultTestContext@617faa95 testClass = DynamicSQLServiceTest, testInstance = com.company.service.impl.DynamicSQLServiceTest@28e8dde3, testMethod = dynamicSQLDemo4@DynamicSQLServiceTest, testException = org.mybatis.spring.MyBatisSystemException: nested exception is org.apache.ibatis.exceptions.PersistenceException: 
### Error querying database.  Cause: org.springframework.jdbc.CannotGetJdbcConnectionException: Could not get JDBC Connection; nested exception is java.sql.SQLException: Access denied for user &apos;root&apos;@&apos;localhost&apos; (using password: YES)
### The error may exist in file [D:\IdeaProjects\fullstack1802\ssmdemo\target\classes\mapper\DynamicSQLDao.xml]
### The error may involve com.company.dao.DynamicSQLDao.dynamicSQLDemo4
### The error occurred while executing a query
### Cause: org.springframework.jdbc.CannotGetJdbcConnectionException: Could not get JDBC Connection; nested exception is java.sql.SQLException: Access denied for user &apos;root&apos;@&apos;localhost&apos; (using password: YES), mergedContextConfiguration = [MergedContextConfiguration@1e127982 testClass = DynamicSQLServiceTest, locations = &apos;{classpath:applicationContext.xml}&apos;, classes = &apos;{}&apos;, contextInitializerClasses = &apos;[]&apos;, activeProfiles = &apos;{}&apos;, propertySourceLocations = &apos;{}&apos;, propertySourceProperties = &apos;{}&apos;, contextCustomizers = set[[empty]], contextLoader = &apos;org.springframework.test.context.support.DelegatingSmartContextLoader&apos;, parent = [null]]], class annotated with @DirtiesContext [false] with mode [null], method annotated with @DirtiesContext [false] with mode [null].
</system-out>
  </testcase>
</testsuite>